#
# There is insufficient memory for the Java Runtime Environment to continue.
# Native memory allocation (mmap) failed to map 347078656 bytes for G1 virtual space
# Possible reasons:
#   The system is out of physical RAM or swap space
#   The process is running with CompressedOops enabled, and the Java Heap may be blocking the growth of the native heap
# Possible solutions:
#   Reduce memory load on the system
#   Increase physical memory or swap space
#   Check if swap backing store is full
#   Decrease Java heap size (-Xmx/-Xms)
#   Decrease number of Java threads
#   Decrease Java thread stack sizes (-Xss)
#   Set larger code cache with -XX:ReservedCodeCacheSize=
#   JVM is running with Unscaled Compressed Oops mode in which the Java heap is
#     placed in the first 4GB address space. The Java Heap base address is the
#     maximum limit for the native heap growth. Please use -XX:HeapBaseMinAddress
#     to set the Java Heap base and to place the Java Heap above 4GB virtual address.
# This output file may be truncated or incomplete.
#
#  Out of Memory Error (os_windows.cpp:3548), pid=160148, tid=160476
#
# JRE version: OpenJDK Runtime Environment Temurin-17.0.5+8 (17.0.5+8) (build 17.0.5+8)
# Java VM: OpenJDK 64-Bit Server VM Temurin-17.0.5+8 (17.0.5+8, mixed mode, emulated-client, tiered, compressed oops, compressed class ptrs, g1 gc, windows-amd64)
# No core dump will be written. Minidumps are not enabled by default on client versions of Windows
#

---------------  S U M M A R Y ------------

Command Line: -Dsts.lsp.client=vscode -Dsts.log.file=/dev/null -XX:TieredStopAtLevel=1 -Xlog:jni+resolve=off -Dspring.config.location=file:c:\Users\Usuario\.vscode\extensions\pivotal.vscode-spring-boot-1.40.0\language-server\BOOT-INF\classes\application.properties org.springframework.ide.vscode.boot.app.BootLanguageServerBootApp

Host: AMD A4-6300 APU with Radeon(tm) HD Graphics    , 2 cores, 6G,  Windows 10 , 64 bit Build 17763 (10.0.17763.1)
Time: Mon Dec  5 09:33:40 2022 Hora estándar de Argentina elapsed time: 12.929419 seconds (0d 0h 0m 12s)

---------------  T H R E A D  ---------------

Current thread (0x0000028a47032120):  VMThread "VM Thread" [stack: 0x000000d491a00000,0x000000d491b00000] [id=160476]

Stack: [0x000000d491a00000,0x000000d491b00000]
Native frames: (J=compiled Java code, j=interpreted, Vv=VM code, C=native code)
V  [jvm.dll+0x676b3a]
V  [jvm.dll+0x831444]
V  [jvm.dll+0x832bee]
V  [jvm.dll+0x833253]
V  [jvm.dll+0x244ce5]
V  [jvm.dll+0x673a49]
V  [jvm.dll+0x66811a]
V  [jvm.dll+0x303ceb]
V  [jvm.dll+0x30b1e6]
V  [jvm.dll+0x35adbe]
V  [jvm.dll+0x35afef]
V  [jvm.dll+0x2dab88]
V  [jvm.dll+0x2d8e3c]
V  [jvm.dll+0x2d840c]
V  [jvm.dll+0x31c31b]
V  [jvm.dll+0x8376fb]
V  [jvm.dll+0x838434]
V  [jvm.dll+0x83894c]
V  [jvm.dll+0x838d24]
V  [jvm.dll+0x838df0]
V  [jvm.dll+0x7e17ea]
V  [jvm.dll+0x6759e5]
C  [ucrtbase.dll+0x203ba]
C  [KERNEL32.DLL+0x17e94]
C  [ntdll.dll+0x67ad1]

VM_Operation (0x000000d492ffe580): G1CollectForAllocation, mode: safepoint, requested by thread 0x0000028a49904ea0


---------------  P R O C E S S  ---------------

Threads class SMR info:
_java_thread_list=0x0000028a4b917910, length=27, elements={
0x0000028a47085740, 0x0000028a470864c0, 0x0000028a470b2910, 0x0000028a470b3490,
0x0000028a470b4d60, 0x0000028a470b5620, 0x0000028a470b5f90, 0x0000028a470c8010,
0x0000028a47e0daa0, 0x0000028a47e1cb90, 0x0000028a47e4d670, 0x0000028a484ac3b0,
0x0000028a49706b20, 0x0000028a497a8fa0, 0x0000028a3b3b5ce0, 0x0000028a496a7ff0,
0x0000028a49481560, 0x0000028a49823840, 0x0000028a49875dd0, 0x0000028a49904ea0,
0x0000028a49a19fc0, 0x0000028a49a17940, 0x0000028a49a19af0, 0x0000028a49a17e10,
0x0000028a49a16600, 0x0000028a49a18c80, 0x0000028a49a16ad0
}

Java Threads: ( => current thread )
  0x0000028a47085740 JavaThread "Reference Handler" daemon [_thread_blocked, id=148136, stack(0x000000d491b00000,0x000000d491c00000)]
  0x0000028a470864c0 JavaThread "Finalizer" daemon [_thread_blocked, id=160788, stack(0x000000d491c00000,0x000000d491d00000)]
  0x0000028a470b2910 JavaThread "Signal Dispatcher" daemon [_thread_blocked, id=161788, stack(0x000000d491d00000,0x000000d491e00000)]
  0x0000028a470b3490 JavaThread "Attach Listener" daemon [_thread_blocked, id=160956, stack(0x000000d491e00000,0x000000d491f00000)]
  0x0000028a470b4d60 JavaThread "Service Thread" daemon [_thread_blocked, id=158180, stack(0x000000d491f00000,0x000000d492000000)]
  0x0000028a470b5620 JavaThread "Monitor Deflation Thread" daemon [_thread_blocked, id=161780, stack(0x000000d492000000,0x000000d492100000)]
  0x0000028a470b5f90 JavaThread "C1 CompilerThread0" daemon [_thread_blocked, id=159824, stack(0x000000d492100000,0x000000d492200000)]
  0x0000028a470c8010 JavaThread "Sweeper thread" daemon [_thread_blocked, id=159352, stack(0x000000d492200000,0x000000d492300000)]
  0x0000028a47e0daa0 JavaThread "Notification Thread" daemon [_thread_blocked, id=144340, stack(0x000000d492300000,0x000000d492400000)]
  0x0000028a47e1cb90 JavaThread "Common-Cleaner" daemon [_thread_blocked, id=152944, stack(0x000000d492500000,0x000000d492600000)]
  0x0000028a47e4d670 JavaThread "C1 CompilerThread1" daemon [_thread_blocked, id=151720, stack(0x000000d492600000,0x000000d492700000)]
  0x0000028a484ac3b0 JavaThread "boundedElastic-evictor-1" daemon [_thread_blocked, id=161172, stack(0x000000d492800000,0x000000d492900000)]
  0x0000028a49706b20 JavaThread "pool-9-thread-1" [_thread_blocked, id=160840, stack(0x000000d492900000,0x000000d492a00000)]
  0x0000028a497a8fa0 JavaThread "LanguageServerApp-lifecycle" [_thread_blocked, id=161564, stack(0x000000d492a00000,0x000000d492b00000)]
  0x0000028a3b3b5ce0 JavaThread "DestroyJavaVM" [_thread_blocked, id=161156, stack(0x000000d491400000,0x000000d491500000)]
  0x0000028a496a7ff0 JavaThread "pool-10-thread-1" [_thread_in_native, id=161704, stack(0x000000d492b00000,0x000000d492c00000)]
  0x0000028a49481560 JavaThread "Simple-Language-Server main thread" daemon [_thread_blocked, id=155312, stack(0x000000d492c00000,0x000000d492d00000)]
  0x0000028a49823840 JavaThread "Thread-1" daemon [_thread_blocked, id=161576, stack(0x000000d492d00000,0x000000d492e00000)]
  0x0000028a49875dd0 JavaThread "ClassGraph-worker-0" daemon [_thread_blocked, id=160536, stack(0x000000d492e00000,0x000000d492f00000)]
  0x0000028a49904ea0 JavaThread "ClassGraph-worker-1" daemon [_thread_blocked, id=161492, stack(0x000000d492f00000,0x000000d493000000)]
  0x0000028a49a19fc0 JavaThread "ClassGraph-worker-2" daemon [_thread_blocked, id=161628, stack(0x000000d493000000,0x000000d493100000)]
  0x0000028a49a17940 JavaThread "ClassGraph-worker-3" daemon [_thread_blocked, id=161648, stack(0x000000d493100000,0x000000d493200000)]
  0x0000028a49a19af0 JavaThread "parallel-1" daemon [_thread_blocked, id=161540, stack(0x000000d493200000,0x000000d493300000)]
  0x0000028a49a17e10 JavaThread "pool-5-thread-1" [_thread_blocked, id=160984, stack(0x000000d493300000,0x000000d493400000)]
  0x0000028a49a16600 JavaThread "parallel-2" daemon [_thread_blocked, id=160976, stack(0x000000d493400000,0x000000d493500000)]
  0x0000028a49a18c80 JavaThread "Project-Reconciler-1" daemon [_thread_blocked, id=158828, stack(0x000000d493500000,0x000000d493600000)]
  0x0000028a49a16ad0 JavaThread "Project-Reconciler-2" daemon [_thread_blocked, id=160904, stack(0x000000d493600000,0x000000d493700000)]

Other Threads:
=>0x0000028a47032120 VMThread "VM Thread" [stack: 0x000000d491a00000,0x000000d491b00000] [id=160476]
  0x0000028a47e0df70 WatcherThread [stack: 0x000000d492400000,0x000000d492500000] [id=160692]
  0x0000028a3b40ac20 GCTaskThread "GC Thread#0" [stack: 0x000000d491500000,0x000000d491600000] [id=160952]
  0x0000028a47f36a20 GCTaskThread "GC Thread#1" [stack: 0x000000d492700000,0x000000d492800000] [id=155240]
  0x0000028a3b4199a0 ConcurrentGCThread "G1 Main Marker" [stack: 0x000000d491600000,0x000000d491700000] [id=158580]
  0x0000028a3b41a3b0 ConcurrentGCThread "G1 Conc#0" [stack: 0x000000d491700000,0x000000d491800000] [id=161516]
  0x0000028a46ee0490 ConcurrentGCThread "G1 Refine#0" [stack: 0x000000d491800000,0x000000d491900000] [id=159864]
  0x0000028a4b8f1c20 ConcurrentGCThread "G1 Refine#1" [stack: 0x000000d493700000,0x000000d493800000] [id=156888]
  0x0000028a3b464fb0 ConcurrentGCThread "G1 Service" [stack: 0x000000d491900000,0x000000d491a00000] [id=160928]

Threads with active compile tasks:

VM state: at safepoint (normal execution)

VM Mutex/Monitor currently owned by a thread:  ([mutex/lock_event])
[0x0000028a3920e610] Threads_lock - owner thread: 0x0000028a47032120
[0x0000028a3b3b4f80] Heap_lock - owner thread: 0x0000028a49904ea0

Heap address: 0x0000000090e00000, size: 1778 MB, Compressed Oops mode: 32-bit

CDS archive(s) not mapped
Compressed class space mapped at: 0x0000000100000000-0x0000000140000000, reserved size: 1073741824
Narrow klass base: 0x0000000000000000, Narrow klass shift: 3, Narrow klass range: 0x140000000

GC Precious Log:
 CPUs: 2 total, 2 available
 Memory: 7108M
 Large Page Support: Disabled
 NUMA Support: Disabled
 Compressed Oops: Enabled (32-bit)
 Heap Region Size: 1M
 Heap Min Capacity: 8M
 Heap Initial Capacity: 112M
 Heap Max Capacity: 1778M
 Pre-touch: Disabled
 Parallel Workers: 2
 Concurrent Workers: 1
 Concurrent Refinement Workers: 2
 Periodic GC: Disabled

Heap:
 garbage-first heap   total 216064K, used 84835K [0x0000000090e00000, 0x0000000100000000)
  region size 1024K, 7 young (7168K), 7 survivors (7168K)
 Metaspace       used 38625K, committed 39040K, reserved 1089536K
  class space    used 4906K, committed 5120K, reserved 1048576K

Heap Regions: E=young(eden), S=young(survivor), O=old, HS=humongous(starts), HC=humongous(continues), CS=collection set, F=free, OA=open archive, CA=closed archive, TAMS=top-at-mark-start (previous, next)
|   0|0x0000000090e00000, 0x0000000090f00000, 0x0000000090f00000|100%| O|  |TAMS 0x0000000090f00000, 0x0000000090e00000| Untracked 
|   1|0x0000000090f00000, 0x0000000091000000, 0x0000000091000000|100%| O|  |TAMS 0x0000000091000000, 0x0000000090f00000| Untracked 
|   2|0x0000000091000000, 0x0000000091100000, 0x0000000091100000|100%| O|  |TAMS 0x0000000091100000, 0x0000000091000000| Untracked 
|   3|0x0000000091100000, 0x0000000091200000, 0x0000000091200000|100%| O|  |TAMS 0x0000000091200000, 0x0000000091100000| Untracked 
|   4|0x0000000091200000, 0x0000000091300000, 0x0000000091300000|100%| O|  |TAMS 0x0000000091300000, 0x0000000091200000| Untracked 
|   5|0x0000000091300000, 0x0000000091400000, 0x0000000091400000|100%| O|  |TAMS 0x0000000091400000, 0x0000000091300000| Untracked 
|   6|0x0000000091400000, 0x00000000914c8200, 0x0000000091500000| 78%| O|  |TAMS 0x00000000914c8200, 0x0000000091400000| Untracked 
|   7|0x0000000091500000, 0x0000000091600000, 0x0000000091600000|100%| O|  |TAMS 0x0000000091600000, 0x0000000091500000| Untracked 
|   8|0x0000000091600000, 0x0000000091700000, 0x0000000091700000|100%| O|  |TAMS 0x0000000091700000, 0x0000000091600000| Untracked 
|   9|0x0000000091700000, 0x0000000091800000, 0x0000000091800000|100%| O|  |TAMS 0x0000000091800000, 0x0000000091700000| Untracked 
|  10|0x0000000091800000, 0x0000000091900000, 0x0000000091900000|100%| O|  |TAMS 0x0000000091900000, 0x0000000091800000| Untracked 
|  11|0x0000000091900000, 0x0000000091a00000, 0x0000000091a00000|100%| O|  |TAMS 0x0000000091a00000, 0x0000000091900000| Untracked 
|  12|0x0000000091a00000, 0x0000000091b00000, 0x0000000091b00000|100%| O|  |TAMS 0x0000000091b00000, 0x0000000091a00000| Untracked 
|  13|0x0000000091b00000, 0x0000000091c00000, 0x0000000091c00000|100%| O|  |TAMS 0x0000000091c00000, 0x0000000091b00000| Untracked 
|  14|0x0000000091c00000, 0x0000000091d00000, 0x0000000091d00000|100%| O|  |TAMS 0x0000000091d00000, 0x0000000091c00000| Untracked 
|  15|0x0000000091d00000, 0x0000000091e00000, 0x0000000091e00000|100%| O|  |TAMS 0x0000000091e00000, 0x0000000091d00000| Untracked 
|  16|0x0000000091e00000, 0x0000000091f00000, 0x0000000091f00000|100%| O|  |TAMS 0x0000000091f00000, 0x0000000091e00000| Untracked 
|  17|0x0000000091f00000, 0x0000000092000000, 0x0000000092000000|100%| O|  |TAMS 0x0000000092000000, 0x0000000091f00000| Untracked 
|  18|0x0000000092000000, 0x0000000092100000, 0x0000000092100000|100%| O|  |TAMS 0x0000000092100000, 0x0000000092000000| Untracked 
|  19|0x0000000092100000, 0x0000000092200000, 0x0000000092200000|100%| O|  |TAMS 0x0000000092200000, 0x0000000092100000| Untracked 
|  20|0x0000000092200000, 0x0000000092300000, 0x0000000092300000|100%| O|  |TAMS 0x0000000092300000, 0x0000000092200000| Untracked 
|  21|0x0000000092300000, 0x0000000092400000, 0x0000000092400000|100%| O|  |TAMS 0x0000000092400000, 0x0000000092300000| Untracked 
|  22|0x0000000092400000, 0x0000000092500000, 0x0000000092500000|100%| O|  |TAMS 0x0000000092500000, 0x0000000092400000| Untracked 
|  23|0x0000000092500000, 0x0000000092600000, 0x0000000092600000|100%| O|  |TAMS 0x0000000092600000, 0x0000000092500000| Untracked 
|  24|0x0000000092600000, 0x0000000092700000, 0x0000000092700000|100%| O|  |TAMS 0x0000000092700000, 0x0000000092600000| Untracked 
|  25|0x0000000092700000, 0x0000000092800000, 0x0000000092800000|100%| O|  |TAMS 0x0000000092800000, 0x0000000092700000| Untracked 
|  26|0x0000000092800000, 0x0000000092900000, 0x0000000092900000|100%| O|  |TAMS 0x0000000092900000, 0x0000000092800000| Untracked 
|  27|0x0000000092900000, 0x0000000092a00000, 0x0000000092a00000|100%| O|  |TAMS 0x0000000092a00000, 0x0000000092900000| Untracked 
|  28|0x0000000092a00000, 0x0000000092b00000, 0x0000000092b00000|100%| O|  |TAMS 0x0000000092b00000, 0x0000000092a00000| Untracked 
|  29|0x0000000092b00000, 0x0000000092c00000, 0x0000000092c00000|100%| O|  |TAMS 0x0000000092c00000, 0x0000000092b00000| Untracked 
|  30|0x0000000092c00000, 0x0000000092d00000, 0x0000000092d00000|100%| O|  |TAMS 0x0000000092d00000, 0x0000000092c00000| Untracked 
|  31|0x0000000092d00000, 0x0000000092e00000, 0x0000000092e00000|100%| O|  |TAMS 0x0000000092e00000, 0x0000000092d00000| Untracked 
|  32|0x0000000092e00000, 0x0000000092f00000, 0x0000000092f00000|100%| O|  |TAMS 0x0000000092f00000, 0x0000000092e00000| Untracked 
|  33|0x0000000092f00000, 0x0000000093000000, 0x0000000093000000|100%| O|  |TAMS 0x0000000093000000, 0x0000000092f00000| Untracked 
|  34|0x0000000093000000, 0x0000000093100000, 0x0000000093100000|100%| O|  |TAMS 0x0000000093100000, 0x0000000093000000| Untracked 
|  35|0x0000000093100000, 0x0000000093200000, 0x0000000093200000|100%| O|  |TAMS 0x0000000093100000, 0x0000000093100000| Untracked 
|  36|0x0000000093200000, 0x0000000093300000, 0x0000000093300000|100%| O|  |TAMS 0x0000000093300000, 0x0000000093200000| Untracked 
|  37|0x0000000093300000, 0x0000000093400000, 0x0000000093400000|100%| O|  |TAMS 0x0000000093400000, 0x0000000093300000| Untracked 
|  38|0x0000000093400000, 0x0000000093500000, 0x0000000093500000|100%| O|  |TAMS 0x0000000093500000, 0x0000000093400000| Untracked 
|  39|0x0000000093500000, 0x0000000093600000, 0x0000000093600000|100%| O|  |TAMS 0x0000000093600000, 0x0000000093500000| Untracked 
|  40|0x0000000093600000, 0x0000000093700000, 0x0000000093700000|100%| O|  |TAMS 0x0000000093700000, 0x0000000093600000| Untracked 
|  41|0x0000000093700000, 0x0000000093800000, 0x0000000093800000|100%| O|  |TAMS 0x0000000093800000, 0x0000000093700000| Untracked 
|  42|0x0000000093800000, 0x0000000093900000, 0x0000000093900000|100%| O|  |TAMS 0x0000000093900000, 0x0000000093800000| Untracked 
|  43|0x0000000093900000, 0x0000000093a00000, 0x0000000093a00000|100%| O|  |TAMS 0x0000000093a00000, 0x0000000093900000| Untracked 
|  44|0x0000000093a00000, 0x0000000093b00000, 0x0000000093b00000|100%| O|  |TAMS 0x0000000093b00000, 0x0000000093a00000| Untracked 
|  45|0x0000000093b00000, 0x0000000093c00000, 0x0000000093c00000|100%| O|  |TAMS 0x0000000093c00000, 0x0000000093b00000| Untracked 
|  46|0x0000000093c00000, 0x0000000093d00000, 0x0000000093d00000|100%| O|  |TAMS 0x0000000093d00000, 0x0000000093c00000| Untracked 
|  47|0x0000000093d00000, 0x0000000093d00000, 0x0000000093e00000|  0%| F|  |TAMS 0x0000000093d00000, 0x0000000093d00000| Untracked 
|  48|0x0000000093e00000, 0x0000000093f00000, 0x0000000093f00000|100%|HS|  |TAMS 0x0000000093f00000, 0x0000000093e00000| Complete 
|  49|0x0000000093f00000, 0x0000000094000000, 0x0000000094000000|100%|HC|  |TAMS 0x0000000094000000, 0x0000000093f00000| Complete 
|  50|0x0000000094000000, 0x0000000094100000, 0x0000000094100000|100%|HS|  |TAMS 0x0000000094100000, 0x0000000094000000| Complete 
|  51|0x0000000094100000, 0x0000000094200000, 0x0000000094200000|100%|HS|  |TAMS 0x0000000094200000, 0x0000000094100000| Complete 
|  52|0x0000000094200000, 0x0000000094300000, 0x0000000094300000|100%| O|  |TAMS 0x0000000094300000, 0x0000000094200000| Untracked 
|  53|0x0000000094300000, 0x0000000094400000, 0x0000000094400000|100%| O|  |TAMS 0x0000000094400000, 0x0000000094300000| Untracked 
|  54|0x0000000094400000, 0x0000000094500000, 0x0000000094500000|100%| O|  |TAMS 0x0000000094500000, 0x0000000094400000| Untracked 
|  55|0x0000000094500000, 0x0000000094600000, 0x0000000094600000|100%| O|  |TAMS 0x000000009457d000, 0x0000000094500000| Untracked 
|  56|0x0000000094600000, 0x0000000094700000, 0x0000000094700000|100%| O|  |TAMS 0x0000000094600000, 0x0000000094600000| Untracked 
|  57|0x0000000094700000, 0x0000000094800000, 0x0000000094800000|100%| O|  |TAMS 0x0000000094700000, 0x0000000094700000| Untracked 
|  58|0x0000000094800000, 0x0000000094856e00, 0x0000000094900000| 33%| O|  |TAMS 0x0000000094800000, 0x0000000094800000| Untracked 
|  59|0x0000000094900000, 0x0000000094a00000, 0x0000000094a00000|100%|HS|  |TAMS 0x0000000094900000, 0x0000000094900000| Complete 
|  60|0x0000000094a00000, 0x0000000094b00000, 0x0000000094b00000|100%|HS|  |TAMS 0x0000000094a00000, 0x0000000094a00000| Complete 
|  61|0x0000000094b00000, 0x0000000094c00000, 0x0000000094c00000|100%| O|  |TAMS 0x0000000094b00000, 0x0000000094b00000| Untracked 
|  62|0x0000000094c00000, 0x0000000094d00000, 0x0000000094d00000|100%| O|  |TAMS 0x0000000094c00000, 0x0000000094c00000| Untracked 
|  63|0x0000000094d00000, 0x0000000094e00000, 0x0000000094e00000|100%| O|  |TAMS 0x0000000094d00000, 0x0000000094d00000| Untracked 
|  64|0x0000000094e00000, 0x0000000094f00000, 0x0000000094f00000|100%| O|  |TAMS 0x0000000094e00000, 0x0000000094e00000| Untracked 
|  65|0x0000000094f00000, 0x0000000095000000, 0x0000000095000000|100%| O|  |TAMS 0x0000000094f00000, 0x0000000094f00000| Untracked 
|  66|0x0000000095000000, 0x0000000095100000, 0x0000000095100000|100%| O|  |TAMS 0x0000000095000000, 0x0000000095000000| Untracked 
|  67|0x0000000095100000, 0x0000000095200000, 0x0000000095200000|100%| O|  |TAMS 0x0000000095100000, 0x0000000095100000| Untracked 
|  68|0x0000000095200000, 0x0000000095300000, 0x0000000095300000|100%| O|  |TAMS 0x0000000095200000, 0x0000000095200000| Untracked 
|  69|0x0000000095300000, 0x0000000095400000, 0x0000000095400000|100%| O|  |TAMS 0x0000000095300000, 0x0000000095300000| Untracked 
|  70|0x0000000095400000, 0x0000000095500000, 0x0000000095500000|100%| O|  |TAMS 0x0000000095400000, 0x0000000095400000| Untracked 
|  71|0x0000000095500000, 0x0000000095600000, 0x0000000095600000|100%| O|  |TAMS 0x0000000095500000, 0x0000000095500000| Untracked 
|  72|0x0000000095600000, 0x0000000095700000, 0x0000000095700000|100%| O|  |TAMS 0x0000000095600000, 0x0000000095600000| Untracked 
|  73|0x0000000095700000, 0x0000000095800000, 0x0000000095800000|100%| O|  |TAMS 0x0000000095700000, 0x0000000095700000| Untracked 
|  74|0x0000000095800000, 0x0000000095900000, 0x0000000095900000|100%| O|  |TAMS 0x0000000095800000, 0x0000000095800000| Untracked 
|  75|0x0000000095900000, 0x0000000095a00000, 0x0000000095a00000|100%| O|  |TAMS 0x0000000095900000, 0x0000000095900000| Untracked 
|  76|0x0000000095a00000, 0x0000000095b00000, 0x0000000095b00000|100%| O|  |TAMS 0x0000000095a00000, 0x0000000095a00000| Untracked 
|  77|0x0000000095b00000, 0x0000000095c00000, 0x0000000095c00000|100%| O|  |TAMS 0x0000000095b00000, 0x0000000095b00000| Untracked 
|  78|0x0000000095c00000, 0x0000000095c00000, 0x0000000095d00000|  0%| F|  |TAMS 0x0000000095c00000, 0x0000000095c00000| Untracked 
|  79|0x0000000095d00000, 0x0000000095d00000, 0x0000000095e00000|  0%| F|  |TAMS 0x0000000095d00000, 0x0000000095d00000| Untracked 
|  80|0x0000000095e00000, 0x0000000095e00000, 0x0000000095f00000|  0%| F|  |TAMS 0x0000000095e00000, 0x0000000095e00000| Untracked 
|  81|0x0000000095f00000, 0x0000000095f00000, 0x0000000096000000|  0%| F|  |TAMS 0x0000000095f00000, 0x0000000095f00000| Untracked 
|  82|0x0000000096000000, 0x0000000096000000, 0x0000000096100000|  0%| F|  |TAMS 0x0000000096000000, 0x0000000096000000| Untracked 
|  83|0x0000000096100000, 0x0000000096100000, 0x0000000096200000|  0%| F|  |TAMS 0x0000000096100000, 0x0000000096100000| Untracked 
|  84|0x0000000096200000, 0x0000000096200000, 0x0000000096300000|  0%| F|  |TAMS 0x0000000096200000, 0x0000000096200000| Untracked 
|  85|0x0000000096300000, 0x0000000096300000, 0x0000000096400000|  0%| F|  |TAMS 0x0000000096300000, 0x0000000096300000| Untracked 
|  86|0x0000000096400000, 0x0000000096400000, 0x0000000096500000|  0%| F|  |TAMS 0x0000000096400000, 0x0000000096400000| Untracked 
|  87|0x0000000096500000, 0x0000000096500000, 0x0000000096600000|  0%| F|  |TAMS 0x0000000096500000, 0x0000000096500000| Untracked 
|  88|0x0000000096600000, 0x0000000096600000, 0x0000000096700000|  0%| F|  |TAMS 0x0000000096600000, 0x0000000096600000| Untracked 
|  89|0x0000000096700000, 0x0000000096700000, 0x0000000096800000|  0%| F|  |TAMS 0x0000000096700000, 0x0000000096700000| Untracked 
|  90|0x0000000096800000, 0x0000000096800000, 0x0000000096900000|  0%| F|  |TAMS 0x0000000096800000, 0x0000000096800000| Untracked 
|  91|0x0000000096900000, 0x0000000096900000, 0x0000000096a00000|  0%| F|  |TAMS 0x0000000096900000, 0x0000000096900000| Untracked 
|  92|0x0000000096a00000, 0x0000000096a00000, 0x0000000096b00000|  0%| F|  |TAMS 0x0000000096a00000, 0x0000000096a00000| Untracked 
|  93|0x0000000096b00000, 0x0000000096b00000, 0x0000000096c00000|  0%| F|  |TAMS 0x0000000096b00000, 0x0000000096b00000| Untracked 
|  94|0x0000000096c00000, 0x0000000096c00000, 0x0000000096d00000|  0%| F|  |TAMS 0x0000000096c00000, 0x0000000096c00000| Untracked 
|  95|0x0000000096d00000, 0x0000000096d00000, 0x0000000096e00000|  0%| F|  |TAMS 0x0000000096d00000, 0x0000000096d00000| Untracked 
|  96|0x0000000096e00000, 0x0000000096e00000, 0x0000000096f00000|  0%| F|  |TAMS 0x0000000096e00000, 0x0000000096e00000| Untracked 
|  97|0x0000000096f00000, 0x0000000096f00000, 0x0000000097000000|  0%| F|  |TAMS 0x0000000096f00000, 0x0000000096f00000| Untracked 
|  98|0x0000000097000000, 0x0000000097000000, 0x0000000097100000|  0%| F|  |TAMS 0x0000000097000000, 0x0000000097000000| Untracked 
|  99|0x0000000097100000, 0x0000000097100000, 0x0000000097200000|  0%| F|  |TAMS 0x0000000097100000, 0x0000000097100000| Untracked 
| 100|0x0000000097200000, 0x0000000097200000, 0x0000000097300000|  0%| F|  |TAMS 0x0000000097200000, 0x0000000097200000| Untracked 
| 101|0x0000000097300000, 0x0000000097300000, 0x0000000097400000|  0%| F|  |TAMS 0x0000000097300000, 0x0000000097300000| Untracked 
| 102|0x0000000097400000, 0x0000000097400000, 0x0000000097500000|  0%| F|  |TAMS 0x0000000097400000, 0x0000000097400000| Untracked 
| 103|0x0000000097500000, 0x0000000097500000, 0x0000000097600000|  0%| F|  |TAMS 0x0000000097500000, 0x0000000097500000| Untracked 
| 104|0x0000000097600000, 0x0000000097600000, 0x0000000097700000|  0%| F|  |TAMS 0x0000000097600000, 0x0000000097600000| Untracked 
| 105|0x0000000097700000, 0x0000000097700000, 0x0000000097800000|  0%| F|  |TAMS 0x0000000097700000, 0x0000000097700000| Untracked 
| 106|0x0000000097800000, 0x0000000097800000, 0x0000000097900000|  0%| F|  |TAMS 0x0000000097800000, 0x0000000097800000| Untracked 
| 107|0x0000000097900000, 0x0000000097900000, 0x0000000097a00000|  0%| F|  |TAMS 0x0000000097900000, 0x0000000097900000| Untracked 
| 108|0x0000000097a00000, 0x0000000097a00000, 0x0000000097b00000|  0%| F|  |TAMS 0x0000000097a00000, 0x0000000097a00000| Untracked 
| 109|0x0000000097b00000, 0x0000000097b00000, 0x0000000097c00000|  0%| F|  |TAMS 0x0000000097b00000, 0x0000000097b00000| Untracked 
| 110|0x0000000097c00000, 0x0000000097c00000, 0x0000000097d00000|  0%| F|  |TAMS 0x0000000097c00000, 0x0000000097c00000| Untracked 
| 111|0x0000000097d00000, 0x0000000097d00000, 0x0000000097e00000|  0%| F|  |TAMS 0x0000000097d00000, 0x0000000097d00000| Untracked 
| 112|0x0000000097e00000, 0x0000000097e00000, 0x0000000097f00000|  0%| F|  |TAMS 0x0000000097e00000, 0x0000000097e00000| Untracked 
| 113|0x0000000097f00000, 0x0000000097f00000, 0x0000000098000000|  0%| F|  |TAMS 0x0000000097f00000, 0x0000000097f00000| Untracked 
| 114|0x0000000098000000, 0x0000000098000000, 0x0000000098100000|  0%| F|  |TAMS 0x0000000098000000, 0x0000000098000000| Untracked 
| 115|0x0000000098100000, 0x0000000098100000, 0x0000000098200000|  0%| F|  |TAMS 0x0000000098100000, 0x0000000098100000| Untracked 
| 116|0x0000000098200000, 0x0000000098200000, 0x0000000098300000|  0%| F|  |TAMS 0x0000000098200000, 0x0000000098200000| Untracked 
| 117|0x0000000098300000, 0x0000000098300000, 0x0000000098400000|  0%| F|  |TAMS 0x0000000098300000, 0x0000000098300000| Untracked 
| 118|0x0000000098400000, 0x0000000098400000, 0x0000000098500000|  0%| F|  |TAMS 0x0000000098400000, 0x0000000098400000| Untracked 
| 119|0x0000000098500000, 0x0000000098500000, 0x0000000098600000|  0%| F|  |TAMS 0x0000000098500000, 0x0000000098500000| Untracked 
| 120|0x0000000098600000, 0x0000000098600000, 0x0000000098700000|  0%| F|  |TAMS 0x0000000098600000, 0x0000000098600000| Untracked 
| 121|0x0000000098700000, 0x0000000098700000, 0x0000000098800000|  0%| F|  |TAMS 0x0000000098700000, 0x0000000098700000| Untracked 
| 122|0x0000000098800000, 0x0000000098800000, 0x0000000098900000|  0%| F|  |TAMS 0x0000000098800000, 0x0000000098800000| Untracked 
| 123|0x0000000098900000, 0x0000000098900000, 0x0000000098a00000|  0%| F|  |TAMS 0x0000000098900000, 0x0000000098900000| Untracked 
| 124|0x0000000098a00000, 0x0000000098a00000, 0x0000000098b00000|  0%| F|  |TAMS 0x0000000098a00000, 0x0000000098a00000| Untracked 
| 125|0x0000000098b00000, 0x0000000098b00000, 0x0000000098c00000|  0%| F|  |TAMS 0x0000000098b00000, 0x0000000098b00000| Untracked 
| 126|0x0000000098c00000, 0x0000000098c00000, 0x0000000098d00000|  0%| F|  |TAMS 0x0000000098c00000, 0x0000000098c00000| Untracked 
| 127|0x0000000098d00000, 0x0000000098d00000, 0x0000000098e00000|  0%| F|  |TAMS 0x0000000098d00000, 0x0000000098d00000| Untracked 
| 128|0x0000000098e00000, 0x0000000098e00000, 0x0000000098f00000|  0%| F|  |TAMS 0x0000000098e00000, 0x0000000098e00000| Untracked 
| 129|0x0000000098f00000, 0x0000000098f00000, 0x0000000099000000|  0%| F|  |TAMS 0x0000000098f00000, 0x0000000098f00000| Untracked 
| 130|0x0000000099000000, 0x0000000099000000, 0x0000000099100000|  0%| F|  |TAMS 0x0000000099000000, 0x0000000099000000| Untracked 
| 131|0x0000000099100000, 0x0000000099100000, 0x0000000099200000|  0%| F|  |TAMS 0x0000000099100000, 0x0000000099100000| Untracked 
| 132|0x0000000099200000, 0x0000000099200000, 0x0000000099300000|  0%| F|  |TAMS 0x0000000099200000, 0x0000000099200000| Untracked 
| 133|0x0000000099300000, 0x00000000993b9df0, 0x0000000099400000| 72%| S|CS|TAMS 0x0000000099300000, 0x0000000099300000| Complete 
| 134|0x0000000099400000, 0x0000000099500000, 0x0000000099500000|100%| S|CS|TAMS 0x0000000099400000, 0x0000000099400000| Complete 
| 135|0x0000000099500000, 0x0000000099600000, 0x0000000099600000|100%| S|CS|TAMS 0x0000000099500000, 0x0000000099500000| Complete 
| 136|0x0000000099600000, 0x0000000099700000, 0x0000000099700000|100%| S|CS|TAMS 0x0000000099600000, 0x0000000099600000| Complete 
| 137|0x0000000099700000, 0x0000000099800000, 0x0000000099800000|100%| S|CS|TAMS 0x0000000099700000, 0x0000000099700000| Complete 
| 138|0x0000000099800000, 0x0000000099900000, 0x0000000099900000|100%| S|CS|TAMS 0x0000000099800000, 0x0000000099800000| Complete 
| 139|0x0000000099900000, 0x0000000099a00000, 0x0000000099a00000|100%| S|CS|TAMS 0x0000000099900000, 0x0000000099900000| Complete 
| 140|0x0000000099a00000, 0x0000000099a00000, 0x0000000099b00000|  0%| F|  |TAMS 0x0000000099a00000, 0x0000000099a00000| Untracked 
| 141|0x0000000099b00000, 0x0000000099b00000, 0x0000000099c00000|  0%| F|  |TAMS 0x0000000099b00000, 0x0000000099b00000| Untracked 
| 142|0x0000000099c00000, 0x0000000099c00000, 0x0000000099d00000|  0%| F|  |TAMS 0x0000000099c00000, 0x0000000099c00000| Untracked 
| 143|0x0000000099d00000, 0x0000000099d00000, 0x0000000099e00000|  0%| F|  |TAMS 0x0000000099d00000, 0x0000000099d00000| Untracked 
| 144|0x0000000099e00000, 0x0000000099e00000, 0x0000000099f00000|  0%| F|  |TAMS 0x0000000099e00000, 0x0000000099e00000| Untracked 
| 145|0x0000000099f00000, 0x0000000099f00000, 0x000000009a000000|  0%| F|  |TAMS 0x0000000099f00000, 0x0000000099f00000| Untracked 
| 146|0x000000009a000000, 0x000000009a000000, 0x000000009a100000|  0%| F|  |TAMS 0x000000009a000000, 0x000000009a000000| Untracked 
| 147|0x000000009a100000, 0x000000009a100000, 0x000000009a200000|  0%| F|  |TAMS 0x000000009a100000, 0x000000009a100000| Untracked 
| 148|0x000000009a200000, 0x000000009a200000, 0x000000009a300000|  0%| F|  |TAMS 0x000000009a200000, 0x000000009a200000| Untracked 
| 149|0x000000009a300000, 0x000000009a300000, 0x000000009a400000|  0%| F|  |TAMS 0x000000009a300000, 0x000000009a300000| Untracked 
| 150|0x000000009a400000, 0x000000009a400000, 0x000000009a500000|  0%| F|  |TAMS 0x000000009a400000, 0x000000009a400000| Untracked 
| 151|0x000000009a500000, 0x000000009a500000, 0x000000009a600000|  0%| F|  |TAMS 0x000000009a500000, 0x000000009a500000| Untracked 
| 152|0x000000009a600000, 0x000000009a600000, 0x000000009a700000|  0%| F|  |TAMS 0x000000009a600000, 0x000000009a600000| Untracked 
| 153|0x000000009a700000, 0x000000009a700000, 0x000000009a800000|  0%| F|  |TAMS 0x000000009a700000, 0x000000009a700000| Untracked 
| 154|0x000000009a800000, 0x000000009a800000, 0x000000009a900000|  0%| F|  |TAMS 0x000000009a800000, 0x000000009a800000| Untracked 
| 155|0x000000009a900000, 0x000000009a900000, 0x000000009aa00000|  0%| F|  |TAMS 0x000000009a900000, 0x000000009a900000| Untracked 
| 156|0x000000009aa00000, 0x000000009aa00000, 0x000000009ab00000|  0%| F|  |TAMS 0x000000009aa00000, 0x000000009aa00000| Untracked 
| 157|0x000000009ab00000, 0x000000009ab00000, 0x000000009ac00000|  0%| F|  |TAMS 0x000000009ab00000, 0x000000009ab00000| Untracked 
| 158|0x000000009ac00000, 0x000000009ac00000, 0x000000009ad00000|  0%| F|  |TAMS 0x000000009ac00000, 0x000000009ac00000| Untracked 
| 159|0x000000009ad00000, 0x000000009ad00000, 0x000000009ae00000|  0%| F|  |TAMS 0x000000009ad00000, 0x000000009ad00000| Untracked 
| 160|0x000000009ae00000, 0x000000009ae00000, 0x000000009af00000|  0%| F|  |TAMS 0x000000009ae00000, 0x000000009ae00000| Untracked 
| 161|0x000000009af00000, 0x000000009af00000, 0x000000009b000000|  0%| F|  |TAMS 0x000000009af00000, 0x000000009af00000| Untracked 
| 162|0x000000009b000000, 0x000000009b000000, 0x000000009b100000|  0%| F|  |TAMS 0x000000009b000000, 0x000000009b000000| Untracked 
| 163|0x000000009b100000, 0x000000009b100000, 0x000000009b200000|  0%| F|  |TAMS 0x000000009b100000, 0x000000009b100000| Untracked 
| 164|0x000000009b200000, 0x000000009b200000, 0x000000009b300000|  0%| F|  |TAMS 0x000000009b200000, 0x000000009b200000| Untracked 
| 165|0x000000009b300000, 0x000000009b300000, 0x000000009b400000|  0%| F|  |TAMS 0x000000009b300000, 0x000000009b300000| Untracked 
| 166|0x000000009b400000, 0x000000009b400000, 0x000000009b500000|  0%| F|  |TAMS 0x000000009b400000, 0x000000009b400000| Untracked 
| 167|0x000000009b500000, 0x000000009b500000, 0x000000009b600000|  0%| F|  |TAMS 0x000000009b500000, 0x000000009b500000| Untracked 
| 168|0x000000009b600000, 0x000000009b600000, 0x000000009b700000|  0%| F|  |TAMS 0x000000009b600000, 0x000000009b600000| Untracked 
| 169|0x000000009b700000, 0x000000009b700000, 0x000000009b800000|  0%| F|  |TAMS 0x000000009b700000, 0x000000009b700000| Untracked 
| 170|0x000000009b800000, 0x000000009b800000, 0x000000009b900000|  0%| F|  |TAMS 0x000000009b800000, 0x000000009b800000| Untracked 
| 171|0x000000009b900000, 0x000000009b900000, 0x000000009ba00000|  0%| F|  |TAMS 0x000000009b900000, 0x000000009b900000| Untracked 
| 172|0x000000009ba00000, 0x000000009ba00000, 0x000000009bb00000|  0%| F|  |TAMS 0x000000009ba00000, 0x000000009ba00000| Untracked 
| 173|0x000000009bb00000, 0x000000009bb00000, 0x000000009bc00000|  0%| F|  |TAMS 0x000000009bb00000, 0x000000009bb00000| Untracked 
| 174|0x000000009bc00000, 0x000000009bc00000, 0x000000009bd00000|  0%| F|  |TAMS 0x000000009bc00000, 0x000000009bc00000| Untracked 
| 175|0x000000009bd00000, 0x000000009bd00000, 0x000000009be00000|  0%| F|  |TAMS 0x000000009bd00000, 0x000000009bd00000| Untracked 
| 176|0x000000009be00000, 0x000000009be00000, 0x000000009bf00000|  0%| F|  |TAMS 0x000000009be00000, 0x000000009be00000| Untracked 
| 177|0x000000009bf00000, 0x000000009bf00000, 0x000000009c000000|  0%| F|  |TAMS 0x000000009bf00000, 0x000000009bf00000| Untracked 
| 178|0x000000009c000000, 0x000000009c000000, 0x000000009c100000|  0%| F|  |TAMS 0x000000009c000000, 0x000000009c000000| Untracked 
| 179|0x000000009c100000, 0x000000009c100000, 0x000000009c200000|  0%| F|  |TAMS 0x000000009c100000, 0x000000009c100000| Untracked 
| 180|0x000000009c200000, 0x000000009c200000, 0x000000009c300000|  0%| F|  |TAMS 0x000000009c200000, 0x000000009c200000| Untracked 
| 181|0x000000009c300000, 0x000000009c300000, 0x000000009c400000|  0%| F|  |TAMS 0x000000009c300000, 0x000000009c300000| Untracked 
| 182|0x000000009c400000, 0x000000009c400000, 0x000000009c500000|  0%| F|  |TAMS 0x000000009c400000, 0x000000009c400000| Untracked 
| 183|0x000000009c500000, 0x000000009c500000, 0x000000009c600000|  0%| F|  |TAMS 0x000000009c500000, 0x000000009c500000| Untracked 
| 184|0x000000009c600000, 0x000000009c600000, 0x000000009c700000|  0%| F|  |TAMS 0x000000009c600000, 0x000000009c600000| Untracked 
| 185|0x000000009c700000, 0x000000009c700000, 0x000000009c800000|  0%| F|  |TAMS 0x000000009c700000, 0x000000009c700000| Untracked 
| 186|0x000000009c800000, 0x000000009c800000, 0x000000009c900000|  0%| F|  |TAMS 0x000000009c800000, 0x000000009c800000| Untracked 
| 187|0x000000009c900000, 0x000000009c900000, 0x000000009ca00000|  0%| F|  |TAMS 0x000000009c900000, 0x000000009c900000| Untracked 
| 188|0x000000009ca00000, 0x000000009ca00000, 0x000000009cb00000|  0%| F|  |TAMS 0x000000009ca00000, 0x000000009ca00000| Untracked 
| 189|0x000000009cb00000, 0x000000009cb00000, 0x000000009cc00000|  0%| F|  |TAMS 0x000000009cb00000, 0x000000009cb00000| Untracked 
| 190|0x000000009cc00000, 0x000000009cc00000, 0x000000009cd00000|  0%| F|  |TAMS 0x000000009cc00000, 0x000000009cc00000| Untracked 
| 191|0x000000009cd00000, 0x000000009cd00000, 0x000000009ce00000|  0%| F|  |TAMS 0x000000009cd00000, 0x000000009cd00000| Untracked 
| 192|0x000000009ce00000, 0x000000009ce00000, 0x000000009cf00000|  0%| F|  |TAMS 0x000000009ce00000, 0x000000009ce00000| Untracked 
| 193|0x000000009cf00000, 0x000000009cf00000, 0x000000009d000000|  0%| F|  |TAMS 0x000000009cf00000, 0x000000009cf00000| Untracked 
| 194|0x000000009d000000, 0x000000009d000000, 0x000000009d100000|  0%| F|  |TAMS 0x000000009d000000, 0x000000009d000000| Untracked 
| 195|0x000000009d100000, 0x000000009d100000, 0x000000009d200000|  0%| F|  |TAMS 0x000000009d100000, 0x000000009d100000| Untracked 
| 196|0x000000009d200000, 0x000000009d200000, 0x000000009d300000|  0%| F|  |TAMS 0x000000009d200000, 0x000000009d200000| Untracked 
| 197|0x000000009d300000, 0x000000009d300000, 0x000000009d400000|  0%| F|  |TAMS 0x000000009d300000, 0x000000009d300000| Untracked 
| 198|0x000000009d400000, 0x000000009d400000, 0x000000009d500000|  0%| F|  |TAMS 0x000000009d400000, 0x000000009d400000| Untracked 
| 199|0x000000009d500000, 0x000000009d500000, 0x000000009d600000|  0%| F|  |TAMS 0x000000009d500000, 0x000000009d500000| Untracked 
| 200|0x000000009d600000, 0x000000009d600000, 0x000000009d700000|  0%| F|  |TAMS 0x000000009d600000, 0x000000009d600000| Untracked 
| 201|0x000000009d700000, 0x000000009d700000, 0x000000009d800000|  0%| F|  |TAMS 0x000000009d700000, 0x000000009d700000| Untracked 
| 202|0x000000009d800000, 0x000000009d800000, 0x000000009d900000|  0%| F|  |TAMS 0x000000009d800000, 0x000000009d800000| Untracked 
| 203|0x000000009d900000, 0x000000009d900000, 0x000000009da00000|  0%| F|  |TAMS 0x000000009d900000, 0x000000009d900000| Untracked 
| 204|0x000000009da00000, 0x000000009da00000, 0x000000009db00000|  0%| F|  |TAMS 0x000000009da00000, 0x000000009da00000| Untracked 
| 205|0x000000009db00000, 0x000000009db00000, 0x000000009dc00000|  0%| F|  |TAMS 0x000000009db00000, 0x000000009db00000| Untracked 
| 206|0x000000009dc00000, 0x000000009dc00000, 0x000000009dd00000|  0%| F|  |TAMS 0x000000009dc00000, 0x000000009dc00000| Untracked 
| 207|0x000000009dd00000, 0x000000009dd00000, 0x000000009de00000|  0%| F|  |TAMS 0x000000009dd00000, 0x000000009dd00000| Untracked 
| 208|0x000000009de00000, 0x000000009de00000, 0x000000009df00000|  0%| F|  |TAMS 0x000000009de00000, 0x000000009de00000| Untracked 
| 209|0x000000009df00000, 0x000000009df00000, 0x000000009e000000|  0%| F|  |TAMS 0x000000009df00000, 0x000000009df00000| Untracked 
| 210|0x000000009e000000, 0x000000009e000000, 0x000000009e100000|  0%| F|  |TAMS 0x000000009e000000, 0x000000009e000000| Untracked 

Card table byte_map: [0x0000028a41030000,0x0000028a413b0000] _byte_map_base: 0x0000028a40ba9000

Marking Bits (Prev, Next): (CMBitMap*) 0x0000028a3b40b270, (CMBitMap*) 0x0000028a3b40b230
 Prev Bits: [0x0000028a43300000, 0x0000028a44ec8000)
 Next Bits: [0x0000028a41730000, 0x0000028a432f8000)

Polling page: 0x0000028a39150000

Metaspace:

Usage:
  Non-class:     32.93 MB used.
      Class:      4.79 MB used.
       Both:     37.72 MB used.

Virtual space:
  Non-class space:       40.00 MB reserved,      33.13 MB ( 83%) committed,  5 nodes.
      Class space:        1.00 GB reserved,       5.00 MB ( <1%) committed,  1 nodes.
             Both:        1.04 GB reserved,      38.13 MB (  4%) committed. 

Chunk freelists:
   Non-Class:  1.98 MB
       Class:  3.05 MB
        Both:  5.03 MB

MaxMetaspaceSize: unlimited
CompressedClassSpaceSize: 1.00 GB
Initial GC threshold: 21.00 MB
Current GC threshold: 62.63 MB
CDS: off
MetaspaceReclaimPolicy: balanced
 - commit_granule_bytes: 65536.
 - commit_granule_words: 8192.
 - virtual_space_node_default_size: 1048576.
 - enlarge_chunks_in_place: 1.
 - new_chunks_are_fully_committed: 0.
 - uncommit_free_chunks: 1.
 - use_allocation_guard: 0.
 - handle_deallocations: 1.


Internal statistics:

num_allocs_failed_limit: 6.
num_arena_births: 404.
num_arena_deaths: 0.
num_vsnodes_births: 6.
num_vsnodes_deaths: 0.
num_space_committed: 610.
num_space_uncommitted: 0.
num_chunks_returned_to_freelist: 6.
num_chunks_taken_from_freelist: 1534.
num_chunk_merges: 6.
num_chunk_splits: 1052.
num_chunks_enlarged: 810.
num_purges: 0.
num_inconsistent_stats: 0.

CodeCache: size=49152Kb used=8388Kb max_used=8388Kb free=40763Kb
 bounds [0x0000028a3e030000, 0x0000028a3e870000, 0x0000028a41030000]
 total_blobs=4532 nmethods=4000 adapters=459
 compilation: enabled
              stopped_count=0, restarted_count=0
 full_count=0

Compilation events (20 events):
Event: 12.386 Thread 0x0000028a470b5f90 nmethod 3992 0x0000028a3e853610 code [0x0000028a3e8538c0, 0x0000028a3e854378]
Event: 12.387 Thread 0x0000028a470b5f90 3993       1       io.github.classgraph.ClasspathElementModule$1::openClassfile (13 bytes)
Event: 12.388 Thread 0x0000028a470b5f90 nmethod 3993 0x0000028a3e854990 code [0x0000028a3e854b40, 0x0000028a3e854e48]
Event: 12.388 Thread 0x0000028a470b5f90 3994       1       io.github.classgraph.ModuleReaderProxy::open (72 bytes)
Event: 12.388 Thread 0x0000028a470b5f90 nmethod 3994 0x0000028a3e854f10 code [0x0000028a3e855120, 0x0000028a3e855608]
Event: 12.388 Thread 0x0000028a470b5f90 3995       1       jdk.internal.module.SystemModuleFinders$SystemModuleReader::open (15 bytes)
Event: 12.390 Thread 0x0000028a470b5f90 nmethod 3995 0x0000028a3e85a610 code [0x0000028a3e85a820, 0x0000028a3e85ade8]
Event: 12.390 Thread 0x0000028a47e4d670 nmethod 3991 0x0000028a3e855810 code [0x0000028a3e856040, 0x0000028a3e858b88]
Event: 12.390 Thread 0x0000028a470b5f90 3996       1       nonapi.io.github.classgraph.fileslice.reader.ClassfileReader::<init> (29 bytes)
Event: 12.390 Thread 0x0000028a470b5f90 nmethod 3996 0x0000028a3e85b110 code [0x0000028a3e85b2a0, 0x0000028a3e85b518]
Event: 12.398 Thread 0x0000028a47e4d670 3997       1       io.github.classgraph.Classfile::readBasicClassInfo (339 bytes)
Event: 12.400 Thread 0x0000028a47e4d670 nmethod 3997 0x0000028a3e85b590 code [0x0000028a3e85b900, 0x0000028a3e85c768]
Event: 12.400 Thread 0x0000028a47e4d670 3998       1       io.github.classgraph.Classfile::extendScanningUpwards (585 bytes)
Event: 12.402 Thread 0x0000028a47e4d670 nmethod 3998 0x0000028a3e85d010 code [0x0000028a3e85d480, 0x0000028a3e85e388]
Event: 12.402 Thread 0x0000028a47e4d670 3999   !   1       nonapi.io.github.classgraph.fileslice.reader.ClassfileReader::close (43 bytes)
Event: 12.403 Thread 0x0000028a47e4d670 nmethod 3999 0x0000028a3e85ef10 code [0x0000028a3e85f0c0, 0x0000028a3e85f298]
Event: 12.413 Thread 0x0000028a47e4d670 4000       1       io.github.classgraph.Classfile::readInterfaces (63 bytes)
Event: 12.421 Thread 0x0000028a47e4d670 nmethod 4000 0x0000028a3e85f390 code [0x0000028a3e85f560, 0x0000028a3e85f878]
Event: 12.429 Thread 0x0000028a47e4d670 4001  s!   1       jdk.internal.loader.URLClassPath::getLoader (196 bytes)
Event: 12.431 Thread 0x0000028a47e4d670 nmethod 4001 0x0000028a3e85fa10 code [0x0000028a3e85fcc0, 0x0000028a3e8606d8]

GC Heap History (20 events):
Event: 10.703 GC heap after
{Heap after GC invocations=18 (full 0):
 garbage-first heap   total 75776K, used 36176K [0x0000000090e00000, 0x0000000100000000)
  region size 1024K, 4 young (4096K), 4 survivors (4096K)
 Metaspace       used 36903K, committed 37248K, reserved 1081344K
  class space    used 4717K, committed 4864K, reserved 1048576K
}
Event: 10.885 GC heap before
{Heap before GC invocations=18 (full 0):
 garbage-first heap   total 75776K, used 55632K [0x0000000090e00000, 0x0000000100000000)
  region size 1024K, 24 young (24576K), 4 survivors (4096K)
 Metaspace       used 37372K, committed 37696K, reserved 1089536K
  class space    used 4725K, committed 4864K, reserved 1048576K
}
Event: 10.901 GC heap after
{Heap after GC invocations=19 (full 0):
 garbage-first heap   total 75776K, used 39668K [0x0000000090e00000, 0x0000000100000000)
  region size 1024K, 3 young (3072K), 3 survivors (3072K)
 Metaspace       used 37372K, committed 37696K, reserved 1089536K
  class space    used 4725K, committed 4864K, reserved 1048576K
}
Event: 11.054 GC heap before
{Heap before GC invocations=19 (full 0):
 garbage-first heap   total 75776K, used 58100K [0x0000000090e00000, 0x0000000100000000)
  region size 1024K, 21 young (21504K), 3 survivors (3072K)
 Metaspace       used 37648K, committed 37952K, reserved 1089536K
  class space    used 4753K, committed 4864K, reserved 1048576K
}
Event: 11.076 GC heap after
{Heap after GC invocations=20 (full 0):
 garbage-first heap   total 75776K, used 45856K [0x0000000090e00000, 0x0000000100000000)
  region size 1024K, 3 young (3072K), 3 survivors (3072K)
 Metaspace       used 37648K, committed 37952K, reserved 1089536K
  class space    used 4753K, committed 4864K, reserved 1048576K
}
Event: 11.255 GC heap before
{Heap before GC invocations=21 (full 0):
 garbage-first heap   total 89088K, used 58144K [0x0000000090e00000, 0x0000000100000000)
  region size 1024K, 15 young (15360K), 3 survivors (3072K)
 Metaspace       used 37817K, committed 38080K, reserved 1089536K
  class space    used 4767K, committed 4864K, reserved 1048576K
}
Event: 11.274 GC heap after
{Heap after GC invocations=22 (full 0):
 garbage-first heap   total 89088K, used 50954K [0x0000000090e00000, 0x0000000100000000)
  region size 1024K, 2 young (2048K), 2 survivors (2048K)
 Metaspace       used 37817K, committed 38080K, reserved 1089536K
  class space    used 4767K, committed 4864K, reserved 1048576K
}
Event: 11.325 GC heap before
{Heap before GC invocations=22 (full 0):
 garbage-first heap   total 89088K, used 56074K [0x0000000090e00000, 0x0000000100000000)
  region size 1024K, 4 young (4096K), 2 survivors (2048K)
 Metaspace       used 37831K, committed 38144K, reserved 1089536K
  class space    used 4771K, committed 4928K, reserved 1048576K
}
Event: 11.334 GC heap after
{Heap after GC invocations=23 (full 0):
 garbage-first heap   total 89088K, used 56596K [0x0000000090e00000, 0x0000000100000000)
  region size 1024K, 1 young (1024K), 1 survivors (1024K)
 Metaspace       used 37831K, committed 38144K, reserved 1089536K
  class space    used 4771K, committed 4928K, reserved 1048576K
}
Event: 11.678 GC heap before
{Heap before GC invocations=23 (full 0):
 garbage-first heap   total 89088K, used 67860K [0x0000000090e00000, 0x0000000100000000)
  region size 1024K, 12 young (12288K), 1 survivors (1024K)
 Metaspace       used 38083K, committed 38464K, reserved 1089536K
  class space    used 4816K, committed 4992K, reserved 1048576K
}
Event: 11.702 GC heap after
{Heap after GC invocations=24 (full 0):
 garbage-first heap   total 216064K, used 61564K [0x0000000090e00000, 0x0000000100000000)
  region size 1024K, 2 young (2048K), 2 survivors (2048K)
 Metaspace       used 38083K, committed 38464K, reserved 1089536K
  class space    used 4816K, committed 4992K, reserved 1048576K
}
Event: 12.434 GC heap before
{Heap before GC invocations=25 (full 0):
 garbage-first heap   total 211968K, used 123004K [0x0000000090e00000, 0x0000000100000000)
  region size 1024K, 61 young (62464K), 2 survivors (2048K)
 Metaspace       used 38622K, committed 39040K, reserved 1089536K
  class space    used 4906K, committed 5120K, reserved 1048576K
}
Event: 12.484 GC heap after
{Heap after GC invocations=26 (full 0):
 garbage-first heap   total 211968K, used 77948K [0x0000000090e00000, 0x0000000100000000)
  region size 1024K, 8 young (8192K), 8 survivors (8192K)
 Metaspace       used 38622K, committed 39040K, reserved 1089536K
  class space    used 4906K, committed 5120K, reserved 1048576K
}
Event: 12.490 GC heap before
{Heap before GC invocations=26 (full 0):
 garbage-first heap   total 211968K, used 78972K [0x0000000090e00000, 0x0000000100000000)
  region size 1024K, 10 young (10240K), 8 survivors (8192K)
 Metaspace       used 38625K, committed 39040K, reserved 1089536K
  class space    used 4906K, committed 5120K, reserved 1048576K
}
Event: 12.503 GC heap after
{Heap after GC invocations=27 (full 0):
 garbage-first heap   total 211968K, used 78972K [0x0000000090e00000, 0x0000000100000000)
  region size 1024K, 1 young (1024K), 1 survivors (1024K)
 Metaspace       used 38625K, committed 39040K, reserved 1089536K
  class space    used 4906K, committed 5120K, reserved 1048576K
}
Event: 12.563 GC heap before
{Heap before GC invocations=27 (full 0):
 garbage-first heap   total 211968K, used 128124K [0x0000000090e00000, 0x0000000100000000)
  region size 1024K, 50 young (51200K), 1 survivors (1024K)
 Metaspace       used 38625K, committed 39040K, reserved 1089536K
  class space    used 4906K, committed 5120K, reserved 1048576K
}
Event: 12.566 GC heap after
{Heap after GC invocations=28 (full 0):
 garbage-first heap   total 211968K, used 80277K [0x0000000090e00000, 0x0000000100000000)
  region size 1024K, 3 young (3072K), 3 survivors (3072K)
 Metaspace       used 38625K, committed 39040K, reserved 1089536K
  class space    used 4906K, committed 5120K, reserved 1048576K
}
Event: 12.670 GC heap before
{Heap before GC invocations=28 (full 0):
 garbage-first heap   total 211968K, used 134549K [0x0000000090e00000, 0x0000000100000000)
  region size 1024K, 57 young (58368K), 3 survivors (3072K)
 Metaspace       used 38625K, committed 39040K, reserved 1089536K
  class space    used 4906K, committed 5120K, reserved 1048576K
}
Event: 12.676 GC heap after
{Heap after GC invocations=29 (full 0):
 garbage-first heap   total 211968K, used 82432K [0x0000000090e00000, 0x0000000100000000)
  region size 1024K, 5 young (5120K), 5 survivors (5120K)
 Metaspace       used 38625K, committed 39040K, reserved 1089536K
  class space    used 4906K, committed 5120K, reserved 1048576K
}
Event: 12.911 GC heap before
{Heap before GC invocations=29 (full 0):
 garbage-first heap   total 211968K, used 144896K [0x0000000090e00000, 0x0000000100000000)
  region size 1024K, 67 young (68608K), 5 survivors (5120K)
 Metaspace       used 38625K, committed 39040K, reserved 1089536K
  class space    used 4906K, committed 5120K, reserved 1048576K
}

Dll operation events (8 events):
Event: 0.018 Loaded shared library c:\Users\Usuario\.vscode\extensions\redhat.java-1.13.0-win32-x64\jre\17.0.5-win32-x86_64\bin\java.dll
Event: 0.494 Loaded shared library C:\Users\Usuario\.vscode\extensions\redhat.java-1.13.0-win32-x64\jre\17.0.5-win32-x86_64\bin\net.dll
Event: 0.499 Loaded shared library C:\Users\Usuario\.vscode\extensions\redhat.java-1.13.0-win32-x64\jre\17.0.5-win32-x86_64\bin\nio.dll
Event: 0.515 Loaded shared library C:\Users\Usuario\.vscode\extensions\redhat.java-1.13.0-win32-x64\jre\17.0.5-win32-x86_64\bin\zip.dll
Event: 1.115 Loaded shared library c:\Users\Usuario\.vscode\extensions\redhat.java-1.13.0-win32-x64\jre\17.0.5-win32-x86_64\bin\verify.dll
Event: 1.138 Loaded shared library C:\Users\Usuario\.vscode\extensions\redhat.java-1.13.0-win32-x64\jre\17.0.5-win32-x86_64\bin\jimage.dll
Event: 4.236 Loaded shared library C:\Users\Usuario\.vscode\extensions\redhat.java-1.13.0-win32-x64\jre\17.0.5-win32-x86_64\bin\management.dll
Event: 4.240 Loaded shared library C:\Users\Usuario\.vscode\extensions\redhat.java-1.13.0-win32-x64\jre\17.0.5-win32-x86_64\bin\management_ext.dll

Deoptimization events (12 events):
Event: 4.926 Thread 0x0000028a3b3b5ce0 DEOPT PACKING pc=0x0000028a3e47cb19 sp=0x000000d4914fd060
Event: 4.926 Thread 0x0000028a3b3b5ce0 DEOPT UNPACKING pc=0x0000028a3e082b43 sp=0x000000d4914fc540 mode 3
Event: 8.138 Thread 0x0000028a3b3b5ce0 DEOPT PACKING pc=0x0000028a3e5f7e99 sp=0x000000d4914fc410
Event: 8.138 Thread 0x0000028a3b3b5ce0 DEOPT UNPACKING pc=0x0000028a3e082b43 sp=0x000000d4914fb8f0 mode 3
Event: 9.098 Thread 0x0000028a49481560 DEOPT PACKING pc=0x0000028a3e6ac3b5 sp=0x000000d492cfe310
Event: 9.098 Thread 0x0000028a49481560 DEOPT UNPACKING pc=0x0000028a3e082b43 sp=0x000000d492cfd838 mode 3
Event: 9.307 Thread 0x0000028a49823840 DEOPT PACKING pc=0x0000028a3e6c1c2b sp=0x000000d492dfe830
Event: 9.307 Thread 0x0000028a49823840 DEOPT UNPACKING pc=0x0000028a3e082b43 sp=0x000000d492dfdd78 mode 3
Event: 9.584 Thread 0x0000028a496a7ff0 DEOPT PACKING pc=0x0000028a3e479181 sp=0x000000d492bfd6c0
Event: 9.584 Thread 0x0000028a496a7ff0 DEOPT UNPACKING pc=0x0000028a3e082b43 sp=0x000000d492bfcb50 mode 3
Event: 10.289 Thread 0x0000028a49a19fc0 DEOPT PACKING pc=0x0000028a3e476897 sp=0x000000d4930fed00
Event: 10.289 Thread 0x0000028a49a19fc0 DEOPT UNPACKING pc=0x0000028a3e082b43 sp=0x000000d4930fe158 mode 3

Classes unloaded (0 events):
No events

Classes redefined (0 events):
No events

Internal exceptions (20 events):
Event: 9.422 Thread 0x0000028a49875dd0 Exception <a 'sun/nio/fs/WindowsException'{0x0000000093c2f340}> (0x0000000093c2f340) 
thrown [s\src\hotspot\share\prims\jni.cpp, line 516]
Event: 9.422 Thread 0x0000028a49875dd0 Exception <a 'sun/nio/fs/WindowsException'{0x0000000093c2fd78}> (0x0000000093c2fd78) 
thrown [s\src\hotspot\share\prims\jni.cpp, line 516]
Event: 9.422 Thread 0x0000028a49875dd0 Exception <a 'sun/nio/fs/WindowsException'{0x0000000093c30178}> (0x0000000093c30178) 
thrown [s\src\hotspot\share\prims\jni.cpp, line 516]
Event: 9.425 Thread 0x0000028a49875dd0 Exception <a 'sun/nio/fs/WindowsException'{0x0000000093c30ba8}> (0x0000000093c30ba8) 
thrown [s\src\hotspot\share\prims\jni.cpp, line 516]
Event: 9.425 Thread 0x0000028a49875dd0 Exception <a 'sun/nio/fs/WindowsException'{0x0000000093c30f98}> (0x0000000093c30f98) 
thrown [s\src\hotspot\share\prims\jni.cpp, line 516]
Event: 9.473 Thread 0x0000028a49481560 Exception <a 'java/lang/NoSuchMethodError'{0x0000000093cefdf0}: 'int java.lang.invoke.DirectMethodHandle$Holder.invokeStatic(java.lang.Object)'> (0x0000000093cefdf0) 
thrown [s\src\hotspot\share\interpreter\linkResolver.cpp, line 759]
Event: 9.473 Thread 0x0000028a49481560 Exception <a 'java/lang/NoSuchMethodError'{0x0000000093cf3498}: 'int java.lang.invoke.DirectMethodHandle$Holder.invokeStaticInit(java.lang.Object)'> (0x0000000093cf3498) 
thrown [s\src\hotspot\share\interpreter\linkResolver.cpp, line 759]
Event: 11.544 Thread 0x0000028a49481560 Exception <a 'java/lang/NoSuchMethodError'{0x0000000095d58c70}: 'java.lang.Object java.lang.invoke.DirectMethodHandle$Holder.newInvokeSpecial(java.lang.Object, java.lang.Object, int)'> (0x0000000095d58c70) 
thrown [s\src\hotspot\share\interpreter\linkResolver.cpp, line 759]
Event: 11.627 Thread 0x0000028a49a17e10 Exception <a 'java/lang/NoSuchMethodError'{0x0000000095bed220}: 'java.lang.Object java.lang.invoke.Invokers$Holder.linkToTargetMethod(java.lang.Object, long, java.lang.Object)'> (0x0000000095bed220) 
thrown [s\src\hotspot\share\interpreter\linkResolver.cpp, line 759]
Event: 12.053 Thread 0x0000028a49a17e10 Exception <a 'sun/nio/fs/WindowsException'{0x000000009d7e1b48}> (0x000000009d7e1b48) 
thrown [s\src\hotspot\share\prims\jni.cpp, line 516]
Event: 12.053 Thread 0x0000028a49a17e10 Exception <a 'sun/nio/fs/WindowsException'{0x000000009d7e2548}> (0x000000009d7e2548) 
thrown [s\src\hotspot\share\prims\jni.cpp, line 516]
Event: 12.053 Thread 0x0000028a49a17e10 Exception <a 'sun/nio/fs/WindowsException'{0x000000009d7e2f18}> (0x000000009d7e2f18) 
thrown [s\src\hotspot\share\prims\jni.cpp, line 516]
Event: 12.053 Thread 0x0000028a49a17e10 Exception <a 'sun/nio/fs/WindowsException'{0x000000009d7e3a00}> (0x000000009d7e3a00) 
thrown [s\src\hotspot\share\prims\jni.cpp, line 516]
Event: 12.054 Thread 0x0000028a49a17e10 Exception <a 'sun/nio/fs/WindowsException'{0x000000009d7e4558}> (0x000000009d7e4558) 
thrown [s\src\hotspot\share\prims\jni.cpp, line 516]
Event: 12.060 Thread 0x0000028a49a17e10 Exception <a 'sun/nio/fs/WindowsException'{0x000000009d3b0f30}> (0x000000009d3b0f30) 
thrown [s\src\hotspot\share\prims\jni.cpp, line 516]
Event: 12.060 Thread 0x0000028a49a17e10 Exception <a 'sun/nio/fs/WindowsException'{0x000000009d3b1930}> (0x000000009d3b1930) 
thrown [s\src\hotspot\share\prims\jni.cpp, line 516]
Event: 12.060 Thread 0x0000028a49a17e10 Exception <a 'sun/nio/fs/WindowsException'{0x000000009d3b2300}> (0x000000009d3b2300) 
thrown [s\src\hotspot\share\prims\jni.cpp, line 516]
Event: 12.062 Thread 0x0000028a49a17e10 Exception <a 'sun/nio/fs/WindowsException'{0x000000009d3b2de8}> (0x000000009d3b2de8) 
thrown [s\src\hotspot\share\prims\jni.cpp, line 516]
Event: 12.062 Thread 0x0000028a49a17e10 Exception <a 'sun/nio/fs/WindowsException'{0x000000009d3b3940}> (0x000000009d3b3940) 
thrown [s\src\hotspot\share\prims\jni.cpp, line 516]
Event: 12.075 Thread 0x0000028a49a17e10 Exception <a 'sun/nio/fs/WindowsException'{0x000000009d3d1718}> (0x000000009d3d1718) 
thrown [s\src\hotspot\share\prims\jni.cpp, line 516]

VM Operations (20 events):
Event: 11.885 Executing VM operation: G1Concurrent done
Event: 11.934 Executing VM operation: G1Concurrent
Event: 11.940 Executing VM operation: G1Concurrent done
Event: 12.413 Executing VM operation: HandshakeAllThreads
Event: 12.418 Executing VM operation: HandshakeAllThreads done
Event: 12.419 Executing VM operation: HandshakeAllThreads
Event: 12.421 Executing VM operation: HandshakeAllThreads done
Event: 12.434 Executing VM operation: G1CollectForAllocation
Event: 12.434 Executing VM operation: G1CollectForAllocation done
Event: 12.434 Executing VM operation: G1CollectForAllocation
Event: 12.485 Executing VM operation: G1CollectForAllocation done
Event: 12.490 Executing VM operation: G1CollectForAllocation
Event: 12.506 Executing VM operation: G1CollectForAllocation done
Event: 12.563 Executing VM operation: G1CollectForAllocation
Event: 12.569 Executing VM operation: G1CollectForAllocation done
Event: 12.656 Executing VM operation: G1CollectForAllocation
Event: 12.670 Executing VM operation: G1CollectForAllocation done
Event: 12.670 Executing VM operation: G1CollectForAllocation
Event: 12.676 Executing VM operation: G1CollectForAllocation done
Event: 12.911 Executing VM operation: G1CollectForAllocation

Events (20 events):
Event: 11.607 loading class java/nio/file/FileTreeWalker$DirectoryNode
Event: 11.607 loading class java/nio/file/FileTreeWalker$DirectoryNode done
Event: 11.607 loading class java/nio/file/FileTreeWalker$Event
Event: 11.607 loading class java/nio/file/FileTreeWalker$Event done
Event: 11.607 loading class java/nio/file/FileTreeWalker$EventType
Event: 11.607 loading class java/nio/file/FileTreeWalker$EventType done
Event: 11.608 loading class java/util/stream/ForEachOps$ForEachOp$OfRef
Event: 11.608 loading class java/util/stream/ForEachOps$ForEachOp$OfRef done
Event: 11.647 loading class sun/security/provider/MD5
Event: 11.647 loading class sun/security/provider/MD5 done
Event: 11.647 loading class sun/security/provider/ByteArrayAccess$LE
Event: 11.647 loading class sun/security/provider/ByteArrayAccess$LE done
Event: 11.870 loading class jdk/internal/reflect/UnsafeQualifiedObjectFieldAccessorImpl
Event: 11.870 loading class jdk/internal/reflect/UnsafeQualifiedObjectFieldAccessorImpl done
Event: 11.870 loading class jdk/internal/reflect/UnsafeQualifiedLongFieldAccessorImpl
Event: 11.870 loading class jdk/internal/reflect/UnsafeQualifiedLongFieldAccessorImpl done
Event: 11.979 Thread 0x0000028a49a18c80 Thread added: 0x0000028a49a18c80
Event: 11.987 Thread 0x0000028a49a16ad0 Thread added: 0x0000028a49a16ad0
Event: 12.203 loading class java/util/concurrent/locks/ReadWriteLock
Event: 12.203 loading class java/util/concurrent/locks/ReadWriteLock done


Dynamic libraries:
0x00007ff738ec0000 - 0x00007ff738ece000 	c:\Users\Usuario\.vscode\extensions\redhat.java-1.13.0-win32-x64\jre\17.0.5-win32-x86_64\bin\java.exe
0x00007ff861910000 - 0x00007ff861afd000 	C:\Windows\SYSTEM32\ntdll.dll
0x00007ff85f530000 - 0x00007ff85f5e3000 	C:\Windows\System32\KERNEL32.DLL
0x00007ff85dad0000 - 0x00007ff85dd63000 	C:\Windows\System32\KERNELBASE.dll
0x00007ff85e940000 - 0x00007ff85ea3c000 	C:\Windows\System32\ucrtbase.dll
0x00007ff8501c0000 - 0x00007ff8501d7000 	c:\Users\Usuario\.vscode\extensions\redhat.java-1.13.0-win32-x64\jre\17.0.5-win32-x86_64\bin\jli.dll
0x00007ff84c4f0000 - 0x00007ff84c509000 	c:\Users\Usuario\.vscode\extensions\redhat.java-1.13.0-win32-x64\jre\17.0.5-win32-x86_64\bin\VCRUNTIME140.dll
0x00007ff85ec10000 - 0x00007ff85eda7000 	C:\Windows\System32\USER32.dll
0x00007ff85dab0000 - 0x00007ff85dad0000 	C:\Windows\System32\win32u.dll
0x00007ff85f500000 - 0x00007ff85f529000 	C:\Windows\System32\GDI32.dll
0x00007ff85dd70000 - 0x00007ff85df0a000 	C:\Windows\System32\gdi32full.dll
0x00007ff84f680000 - 0x00007ff84f8f9000 	C:\Windows\WinSxS\amd64_microsoft.windows.common-controls_6595b64144ccf1df_6.0.17763.1_none_f040600eff408c2d\COMCTL32.dll
0x00007ff85e660000 - 0x00007ff85e700000 	C:\Windows\System32\msvcp_win.dll
0x00007ff85eb70000 - 0x00007ff85ec0e000 	C:\Windows\System32\msvcrt.dll
0x00007ff85fb90000 - 0x00007ff85febe000 	C:\Windows\System32\combase.dll
0x00007ff860020000 - 0x00007ff860143000 	C:\Windows\System32\RPCRT4.dll
0x00007ff85da30000 - 0x00007ff85daae000 	C:\Windows\System32\bcryptPrimitives.dll
0x00007ff8616b0000 - 0x00007ff8616de000 	C:\Windows\System32\IMM32.DLL
0x00007ff856370000 - 0x00007ff85637c000 	c:\Users\Usuario\.vscode\extensions\redhat.java-1.13.0-win32-x64\jre\17.0.5-win32-x86_64\bin\vcruntime140_1.dll
0x00007ff8358a0000 - 0x00007ff835931000 	c:\Users\Usuario\.vscode\extensions\redhat.java-1.13.0-win32-x64\jre\17.0.5-win32-x86_64\bin\msvcp140.dll
0x00007ff8293e0000 - 0x00007ff82a024000 	c:\Users\Usuario\.vscode\extensions\redhat.java-1.13.0-win32-x64\jre\17.0.5-win32-x86_64\bin\server\jvm.dll
0x00007ff85fec0000 - 0x00007ff85ff63000 	C:\Windows\System32\ADVAPI32.dll
0x00007ff85faf0000 - 0x00007ff85fb8e000 	C:\Windows\System32\sechost.dll
0x00007ff84c7b0000 - 0x00007ff84c7b9000 	C:\Windows\SYSTEM32\WSOCK32.dll
0x00007ff85edb0000 - 0x00007ff85ee1d000 	C:\Windows\System32\WS2_32.dll
0x00007ff85b810000 - 0x00007ff85b834000 	C:\Windows\SYSTEM32\WINMM.dll
0x00007ff8591c0000 - 0x00007ff8591ca000 	C:\Windows\SYSTEM32\VERSION.dll
0x00007ff85b750000 - 0x00007ff85b77d000 	C:\Windows\SYSTEM32\WINMMBASE.dll
0x00007ff85ea40000 - 0x00007ff85ea8a000 	C:\Windows\System32\cfgmgr32.dll
0x00007ff85d9f0000 - 0x00007ff85da01000 	C:\Windows\System32\kernel.appcore.dll
0x00007ff855d90000 - 0x00007ff855d9a000 	c:\Users\Usuario\.vscode\extensions\redhat.java-1.13.0-win32-x64\jre\17.0.5-win32-x86_64\bin\jimage.dll
0x00007ff84b0b0000 - 0x00007ff84b29d000 	C:\Windows\SYSTEM32\DBGHELP.DLL
0x00007ff84c580000 - 0x00007ff84c5aa000 	C:\Windows\SYSTEM32\dbgcore.DLL
0x00007ff848a10000 - 0x00007ff848a35000 	c:\Users\Usuario\.vscode\extensions\redhat.java-1.13.0-win32-x64\jre\17.0.5-win32-x86_64\bin\java.dll
0x00007ff83d4a0000 - 0x00007ff83d4b8000 	c:\Users\Usuario\.vscode\extensions\redhat.java-1.13.0-win32-x64\jre\17.0.5-win32-x86_64\bin\zip.dll
0x00007ff860150000 - 0x00007ff86163f000 	C:\Windows\System32\SHELL32.dll
0x00007ff85ff70000 - 0x00007ff860018000 	C:\Windows\System32\shcore.dll
0x00007ff85df10000 - 0x00007ff85e658000 	C:\Windows\System32\windows.storage.dll
0x00007ff85d940000 - 0x00007ff85d964000 	C:\Windows\System32\profapi.dll
0x00007ff85d990000 - 0x00007ff85d9ed000 	C:\Windows\System32\powrprof.dll
0x00007ff85f2c0000 - 0x00007ff85f312000 	C:\Windows\System32\shlwapi.dll
0x00007ff85da10000 - 0x00007ff85da27000 	C:\Windows\System32\cryptsp.dll
0x00007ff83cd40000 - 0x00007ff83cd59000 	C:\Users\Usuario\.vscode\extensions\redhat.java-1.13.0-win32-x64\jre\17.0.5-win32-x86_64\bin\net.dll
0x00007ff857440000 - 0x00007ff857531000 	C:\Windows\SYSTEM32\WINHTTP.dll
0x00007ff85d170000 - 0x00007ff85d1d7000 	C:\Windows\system32\mswsock.dll
0x00007ff83cd20000 - 0x00007ff83cd35000 	C:\Users\Usuario\.vscode\extensions\redhat.java-1.13.0-win32-x64\jre\17.0.5-win32-x86_64\bin\nio.dll
0x00007ff855630000 - 0x00007ff855640000 	c:\Users\Usuario\.vscode\extensions\redhat.java-1.13.0-win32-x64\jre\17.0.5-win32-x86_64\bin\verify.dll
0x00007ff857080000 - 0x00007ff857089000 	C:\Users\Usuario\.vscode\extensions\redhat.java-1.13.0-win32-x64\jre\17.0.5-win32-x86_64\bin\management.dll
0x00007ff856440000 - 0x00007ff85644b000 	C:\Users\Usuario\.vscode\extensions\redhat.java-1.13.0-win32-x64\jre\17.0.5-win32-x86_64\bin\management_ext.dll
0x00007ff861640000 - 0x00007ff861648000 	C:\Windows\System32\PSAPI.DLL
0x00007ff8466b0000 - 0x00007ff8466c6000 	C:\Windows\system32\napinsp.dll
0x00007ff846690000 - 0x00007ff8466aa000 	C:\Windows\system32\pnrpnsp.dll
0x00007ff85cf10000 - 0x00007ff85cfd6000 	C:\Windows\SYSTEM32\DNSAPI.dll
0x00007ff85f280000 - 0x00007ff85f288000 	C:\Windows\System32\NSI.dll
0x00007ff85ced0000 - 0x00007ff85cf0d000 	C:\Windows\SYSTEM32\IPHLPAPI.DLL
0x00007ff84d430000 - 0x00007ff84d43e000 	C:\Windows\System32\winrnr.dll
0x00007ff859fd0000 - 0x00007ff859feb000 	C:\Windows\system32\NLAapi.dll
0x00007ff84d410000 - 0x00007ff84d425000 	C:\Windows\system32\wshbth.dll
0x000000006bea0000 - 0x000000006bec6000 	C:\Program Files\Bonjour\mdnsNSP.dll
0x00007ff84ec40000 - 0x00007ff84ec4a000 	C:\Windows\System32\rasadhlp.dll
0x00007ff84fee0000 - 0x00007ff84ff59000 	C:\Windows\System32\fwpuclnt.dll
0x00007ff85eb40000 - 0x00007ff85eb66000 	C:\Windows\System32\bcrypt.dll
0x00007ff85cd30000 - 0x00007ff85cd63000 	C:\Windows\system32\rsaenh.dll
0x00007ff85d870000 - 0x00007ff85d898000 	C:\Windows\SYSTEM32\USERENV.dll
0x00007ff85d340000 - 0x00007ff85d34c000 	C:\Windows\SYSTEM32\CRYPTBASE.dll
0x00007ff852190000 - 0x00007ff8521a6000 	C:\Windows\SYSTEM32\dhcpcsvc6.DLL
0x00007ff854900000 - 0x00007ff85491c000 	C:\Windows\SYSTEM32\dhcpcsvc.DLL

dbghelp: loaded successfully - version: 4.0.5 - missing functions: none
symbol engine: initialized successfully - sym options: 0x614 - pdb path: .;c:\Users\Usuario\.vscode\extensions\redhat.java-1.13.0-win32-x64\jre\17.0.5-win32-x86_64\bin;C:\Windows\SYSTEM32;C:\Windows\WinSxS\amd64_microsoft.windows.common-controls_6595b64144ccf1df_6.0.17763.1_none_f040600eff408c2d;c:\Users\Usuario\.vscode\extensions\redhat.java-1.13.0-win32-x64\jre\17.0.5-win32-x86_64\bin\server;C:\Program Files\Bonjour

VM Arguments:
jvm_args: -Dsts.lsp.client=vscode -Dsts.log.file=/dev/null -XX:TieredStopAtLevel=1 -Xlog:jni+resolve=off -Dspring.config.location=file:c:\Users\Usuario\.vscode\extensions\pivotal.vscode-spring-boot-1.40.0\language-server\BOOT-INF\classes\application.properties 
java_command: org.springframework.ide.vscode.boot.app.BootLanguageServerBootApp
java_class_path (initial): c:\Users\Usuario\.vscode\extensions\pivotal.vscode-spring-boot-1.40.0\language-server\BOOT-INF\classes;c:\Users\Usuario\.vscode\extensions\pivotal.vscode-spring-boot-1.40.0\language-server\BOOT-INF\lib\annotations-23.0.0.jar;c:\Users\Usuario\.vscode\extensions\pivotal.vscode-spring-boot-1.40.0\language-server\BOOT-INF\lib\ant-1.10.12.jar;c:\Users\Usuario\.vscode\extensions\pivotal.vscode-spring-boot-1.40.0\language-server\BOOT-INF\lib\ant-launcher-1.10.12.jar;c:\Users\Usuario\.vscode\extensions\pivotal.vscode-spring-boot-1.40.0\language-server\BOOT-INF\lib\antlr-runtime-3.5.2.jar;c:\Users\Usuario\.vscode\extensions\pivotal.vscode-spring-boot-1.40.0\language-server\BOOT-INF\lib\antlr4-4.9.3.jar;c:\Users\Usuario\.vscode\extensions\pivotal.vscode-spring-boot-1.40.0\language-server\BOOT-INF\lib\antlr4-runtime-4.9.3.jar;c:\Users\Usuario\.vscode\extensions\pivotal.vscode-spring-boot-1.40.0\language-server\BOOT-INF\lib\asm-9.3.jar;c:\Users\Usuario\.vscode\extensions\pivotal.vscode-spring-boot-1.40.0\language-server\BOOT-INF\lib\asm-analysis-9.3.jar;c:\Users\Usuario\.vscode\extensions\pivotal.vscode-spring-boot-1.40.0\language-server\BOOT-INF\lib\asm-tree-9.3.jar;c:\Users\Usuario\.vscode\extensions\pivotal.vscode-spring-boot-1.40.0\language-server\BOOT-INF\lib\asm-util-9.3.jar;c:\Users\Usuario\.vscode\extensions\pivotal.vscode-spring-boot-1.40.0\language-server\BOOT-INF\lib\byte-buddy-1.12.13.jar;c:\Users\Usuario\.vscode\extensions\pivotal.vscode-spring-boot-1.40.0\language-server\BOOT-INF\lib\caffeine-2.9.3.jar;c:\Users\Usuario\.vscode\extensions\pivotal.vscode-spring-boot-1.40.0\language-server\BOOT-INF\lib\checker-qual-3.12.0.jar;c:\Users\Usuario\.vscode\extensions\pivotal.vscode-spring-boot-1.40.0\language-server\BOOT-INF\lib\classgraph-4.8.149.jar;c:\Users\Usuario\.vscode\extensions\pivotal.vscode-spring-boot-1.40.0\language-server\BOOT-INF\lib\commons-codec-1.15.jar;c:\Users\Usuario\.vscode\extensions\pivotal.vscode-spring-boot-1.40.0\lang
Launcher Type: SUN_STANDARD

[Global flags]
     intx CICompilerCount                          = 2                                         {product} {ergonomic}
     uint ConcGCThreads                            = 1                                         {product} {ergonomic}
     uint G1ConcRefinementThreads                  = 2                                         {product} {ergonomic}
   size_t G1HeapRegionSize                         = 1048576                                   {product} {ergonomic}
    uintx GCDrainStackTargetSize                   = 64                                        {product} {ergonomic}
   size_t InitialHeapSize                          = 117440512                                 {product} {ergonomic}
   size_t MarkStackSize                            = 4194304                                   {product} {ergonomic}
   size_t MaxHeapSize                              = 1864368128                                {product} {ergonomic}
   size_t MaxNewSize                               = 1117782016                                {product} {ergonomic}
   size_t MinHeapDeltaBytes                        = 1048576                                   {product} {ergonomic}
   size_t MinHeapSize                              = 8388608                                   {product} {ergonomic}
    uintx NonProfiledCodeHeapSize                  = 0                                      {pd product} {ergonomic}
     bool ProfileInterpreter                       = false                                  {pd product} {command line}
    uintx ProfiledCodeHeapSize                     = 0                                      {pd product} {ergonomic}
   size_t SoftMaxHeapSize                          = 1864368128                             {manageable} {ergonomic}
     intx TieredStopAtLevel                        = 1                                         {product} {command line}
     bool UseCompressedClassPointers               = true                           {product lp64_product} {ergonomic}
     bool UseCompressedOops                        = true                           {product lp64_product} {ergonomic}
     bool UseG1GC                                  = true                                      {product} {ergonomic}
     bool UseLargePagesIndividualAllocation        = false                                  {pd product} {ergonomic}

Logging:
Log output configuration:
 #0: stdout all=warning,jni+resolve=off uptime,level,tags
 #1: stderr all=off uptime,level,tags

Environment Variables:
JAVA_HOME=C:\Program Files\Java\jdk1.8.0_111
PATH=C:\oraclexe\app\oracle\product\11.2.0\server\bin;;C:\Program Files\Common Files\Oracle\Java\javapath;C:\Program Files (x86)\NVIDIA Corporation\PhysX\Common;C:\Program Files (x86)\Common Files\Oracle\Java\javapath;C:\ProgramData\Oracle\Java\javapath;C:\Program Files\Eclipse Adoptium\jre-8.0.312.7-hotspot\bin;C:\Windows\system32;C:\Windows;C:\Windows\System32\Wbem;C:\Windows\System32\WindowsPowerShell\v1.0\;C:\Windows\System32\OpenSSH\;C:\Program Files\Microsoft SQL Server\150\Tools\Binn\;C:\Program Files\Java\jdk1.8.0_111\;C:\Program Files\Git\cmd;C:\Program Files (x86)\Windows Kits\8.1\Windows Performance Toolkit\;C:\Program Files\Microsoft SQL Server\110\Tools\Binn\;C:\Program Files (x86)\ATI Technologies\ATI.ACE\Core-Static;C:\Program Files\Java\apache-maven-3.8.2\bin;C:\Program Files\Java\jdk1.8.0_111\bin;C:\Program Files\Java\jre1.8.0_321\bin;C:\Program Files\nodejs\;C:\Program Files\Microsoft SQL Server\130\Tools\Binn\;c:\Program Files (x86)\Microsoft SQL Server\100\Tools\Binn\;c:\Program Files\Microsoft SQL Server\100\Tools\Binn\;c:\Program Files\Microsoft SQL Server\100\DTS\Binn\;c:\Program Files (x86)\Microsoft SQL Server\100\Tools\Binn\VSShell\Common7\IDE\;c:\Program Files (x86)\Microsoft Visual Studio 9.0\Common7\IDE\PrivateAssemblies\;c:\Program Files (x86)\Microsoft SQL Server\100\DTS\Binn\;C:\Program Files\Microsoft SQL Server\120\Tools\Binn\;C:\Program Files\MySQL\MySQL Shell 8.0\bin\;C:\Users\Usuario\AppData\Local\Microsoft\WindowsApps;C:\Users\Usuario\AppData\Local\Programs\Microsoft VS Code\bin;C:\Users\Usuario\AppData\Roaming\npm
USERNAME=Usuario
OS=Windows_NT
PROCESSOR_IDENTIFIER=AMD64 Family 21 Model 19 Stepping 1, AuthenticAMD
TMP=C:\Users\Usuario\AppData\Local\Temp
TEMP=C:\Users\Usuario\AppData\Local\Temp



---------------  S Y S T E M  ---------------

OS:
 Windows 10 , 64 bit Build 17763 (10.0.17763.1)
OS uptime: 2 days 14:06 hours

CPU: total 2 (initial active 2) (2 cores per cpu, 1 threads per core) family 21 model 19 stepping 1 microcode 0x0, cx8, cmov, fxsr, mmx, 3dnowpref, sse, sse2, sse3, ssse3, sse4a, sse4.1, sse4.2, popcnt, lzcnt, tsc, tscinvbit, avx, aes, clmul, bmi1, fma, vzeroupper, clflush

Memory: 4k page, system-wide physical 7108M (656M free)
TotalPageFile size 11204M (AvailPageFile size 129M)
current process WorkingSet (physical memory assigned to process): 261M, peak: 261M
current process commit charge ("private bytes"): 337M, peak: 668M

vm_info: OpenJDK 64-Bit Server VM (17.0.5+8) for windows-amd64 JRE (17.0.5+8), built on Oct 19 2022 04:48:13 by "temurin" with MS VC++ 16.7 (VS2019)

END.
