#
# There is insufficient memory for the Java Runtime Environment to continue.
# Native memory allocation (malloc) failed to allocate 2097152 bytes for AllocateHeap
# Possible reasons:
#   The system is out of physical RAM or swap space
#   The process is running with CompressedOops enabled, and the Java Heap may be blocking the growth of the native heap
# Possible solutions:
#   Reduce memory load on the system
#   Increase physical memory or swap space
#   Check if swap backing store is full
#   Decrease Java heap size (-Xmx/-Xms)
#   Decrease number of Java threads
#   Decrease Java thread stack sizes (-Xss)
#   Set larger code cache with -XX:ReservedCodeCacheSize=
#   JVM is running with Unscaled Compressed Oops mode in which the Java heap is
#     placed in the first 4GB address space. The Java Heap base address is the
#     maximum limit for the native heap growth. Please use -XX:HeapBaseMinAddress
#     to set the Java Heap base and to place the Java Heap above 4GB virtual address.
# This output file may be truncated or incomplete.
#
#  Out of Memory Error (allocation.cpp:44), pid=195212, tid=195364
#
# JRE version: OpenJDK Runtime Environment Temurin-17.0.5+8 (17.0.5+8) (build 17.0.5+8)
# Java VM: OpenJDK 64-Bit Server VM Temurin-17.0.5+8 (17.0.5+8, mixed mode, emulated-client, tiered, compressed oops, compressed class ptrs, g1 gc, windows-amd64)
# No core dump will be written. Minidumps are not enabled by default on client versions of Windows
#

---------------  S U M M A R Y ------------

Command Line: -Dsts.lsp.client=vscode -Dsts.log.file=/dev/null -XX:TieredStopAtLevel=1 -Xlog:jni+resolve=off -Dspring.config.location=file:c:\Users\Usuario\.vscode\extensions\pivotal.vscode-spring-boot-1.40.0\language-server\BOOT-INF\classes\application.properties org.springframework.ide.vscode.boot.app.BootLanguageServerBootApp

Host: AMD A4-6300 APU with Radeon(tm) HD Graphics    , 2 cores, 6G,  Windows 10 , 64 bit Build 17763 (10.0.17763.1)
Time: Mon Dec  5 16:38:46 2022 Hora estándar de Argentina elapsed time: 4350.285158 seconds (0d 1h 12m 30s)

---------------  T H R E A D  ---------------

Current thread (0x0000019b0bbc33f0):  VMThread "VM Thread" [stack: 0x00000099bb200000,0x00000099bb300000] [id=195364]

Stack: [0x00000099bb200000,0x00000099bb300000]
Native frames: (J=compiled Java code, j=interpreted, Vv=VM code, C=native code)
V  [jvm.dll+0x676b3a]
V  [jvm.dll+0x831444]
V  [jvm.dll+0x832bee]
V  [jvm.dll+0x833253]
V  [jvm.dll+0x244ce5]
V  [jvm.dll+0xa631f]
V  [jvm.dll+0x2f4f91]
V  [jvm.dll+0x2f0c10]
V  [jvm.dll+0x2d92f7]
V  [jvm.dll+0x31c3b7]
V  [jvm.dll+0x8376fb]
V  [jvm.dll+0x838434]
V  [jvm.dll+0x83894c]
V  [jvm.dll+0x838d24]
V  [jvm.dll+0x838df0]
V  [jvm.dll+0x7e17ea]
V  [jvm.dll+0x6759e5]
C  [ucrtbase.dll+0x203ba]
C  [KERNEL32.DLL+0x17e94]
C  [ntdll.dll+0x67ad1]

VM_Operation (0x00000099bc1fecd0): G1CollectFull, mode: safepoint, requested by thread 0x0000019b0d02bc80


---------------  P R O C E S S  ---------------

Threads class SMR info:
_java_thread_list=0x0000019b10136c70, length=21, elements={
0x0000019b0bc15740, 0x0000019b0bc164c0, 0x0000019b0bc416d0, 0x0000019b0bc42250,
0x0000019b0bc43b20, 0x0000019b0bc56010, 0x0000019b0bc56980, 0x0000019b0bc58340,
0x0000019b0ca08c00, 0x0000019b0ca0de30, 0x0000019b0dd10730, 0x0000019b0d02bc80,
0x0000019b0d1d62c0, 0x0000019b7fd06af0, 0x0000019b0ddd7e40, 0x0000019b0e1e3500,
0x0000019b0e2f2460, 0x0000019b0e60fd40, 0x0000019b0e60eed0, 0x0000019b0e6106e0,
0x0000019b0e60e530
}

Java Threads: ( => current thread )
  0x0000019b0bc15740 JavaThread "Reference Handler" daemon [_thread_blocked, id=195372, stack(0x00000099bb300000,0x00000099bb400000)]
  0x0000019b0bc164c0 JavaThread "Finalizer" daemon [_thread_blocked, id=195384, stack(0x00000099bb400000,0x00000099bb500000)]
  0x0000019b0bc416d0 JavaThread "Signal Dispatcher" daemon [_thread_blocked, id=195440, stack(0x00000099bb500000,0x00000099bb600000)]
  0x0000019b0bc42250 JavaThread "Attach Listener" daemon [_thread_blocked, id=195432, stack(0x00000099bb600000,0x00000099bb700000)]
  0x0000019b0bc43b20 JavaThread "Service Thread" daemon [_thread_blocked, id=195444, stack(0x00000099bb700000,0x00000099bb800000)]
  0x0000019b0bc56010 JavaThread "Monitor Deflation Thread" daemon [_thread_blocked, id=195456, stack(0x00000099bb800000,0x00000099bb900000)]
  0x0000019b0bc56980 JavaThread "C1 CompilerThread0" daemon [_thread_blocked, id=195352, stack(0x00000099bb900000,0x00000099bba00000)]
  0x0000019b0bc58340 JavaThread "Sweeper thread" daemon [_thread_blocked, id=195332, stack(0x00000099bba00000,0x00000099bbb00000)]
  0x0000019b0ca08c00 JavaThread "Notification Thread" daemon [_thread_blocked, id=193944, stack(0x00000099bbb00000,0x00000099bbc00000)]
  0x0000019b0ca0de30 JavaThread "Common-Cleaner" daemon [_thread_blocked, id=193880, stack(0x00000099bbd00000,0x00000099bbe00000)]
  0x0000019b0dd10730 JavaThread "boundedElastic-evictor-1" daemon [_thread_blocked, id=194716, stack(0x00000099bc000000,0x00000099bc100000)]
  0x0000019b0d02bc80 JavaThread "pool-9-thread-1" [_thread_blocked, id=195120, stack(0x00000099bc100000,0x00000099bc200000)]
  0x0000019b0d1d62c0 JavaThread "LanguageServerApp-lifecycle" [_thread_blocked, id=192776, stack(0x00000099bc200000,0x00000099bc300000)]
  0x0000019b7fd06af0 JavaThread "DestroyJavaVM" [_thread_blocked, id=192904, stack(0x00000099bab00000,0x00000099bac00000)]
  0x0000019b0ddd7e40 JavaThread "pool-10-thread-1" [_thread_in_native, id=195176, stack(0x00000099bc300000,0x00000099bc400000)]
  0x0000019b0e1e3500 JavaThread "Simple-Language-Server main thread" daemon [_thread_blocked, id=193112, stack(0x00000099bc400000,0x00000099bc500000)]
  0x0000019b0e2f2460 JavaThread "parallel-1" daemon [_thread_blocked, id=191216, stack(0x00000099bc600000,0x00000099bc700000)]
  0x0000019b0e60fd40 JavaThread "pool-5-thread-1" [_thread_blocked, id=141464, stack(0x00000099bcb00000,0x00000099bcc00000)]
  0x0000019b0e60eed0 JavaThread "parallel-2" daemon [_thread_blocked, id=138308, stack(0x00000099bcc00000,0x00000099bcd00000)]
  0x0000019b0e6106e0 JavaThread "pool-7-thread-1" [_thread_blocked, id=196984, stack(0x00000099baa00000,0x00000099bab00000)]
  0x0000019b0e60e530 JavaThread "Reconciler-1" daemon [_thread_blocked, id=196992, stack(0x00000099bc800000,0x00000099bc900000)]

Other Threads:
=>0x0000019b0bbc33f0 VMThread "VM Thread" [stack: 0x00000099bb200000,0x00000099bb300000] [id=195364]
  0x0000019b0ca090d0 WatcherThread [stack: 0x00000099bbc00000,0x00000099bbd00000] [id=195316]
  0x0000019b7fd5b1d0 GCTaskThread "GC Thread#0" [stack: 0x00000099bad00000,0x00000099bae00000] [id=195256]
  0x0000019b0cb33050 GCTaskThread "GC Thread#1" [stack: 0x00000099bbf00000,0x00000099bc000000] [id=195408]
  0x0000019b7fd69e60 ConcurrentGCThread "G1 Main Marker" [stack: 0x00000099bae00000,0x00000099baf00000] [id=195252]
  0x0000019b7fd6a780 ConcurrentGCThread "G1 Conc#0" [stack: 0x00000099baf00000,0x00000099bb000000] [id=194928]
  0x0000019b7fdb3680 ConcurrentGCThread "G1 Refine#0" [stack: 0x00000099bb000000,0x00000099bb100000] [id=195304]
  0x0000019b10202860 ConcurrentGCThread "G1 Refine#1" [stack: 0x00000099bbe00000,0x00000099bbf00000] [id=193520]
  0x0000019b7fdb3fb0 ConcurrentGCThread "G1 Service" [stack: 0x00000099bb100000,0x00000099bb200000] [id=195356]

Threads with active compile tasks:

VM state: at safepoint (normal execution)

VM Mutex/Monitor currently owned by a thread:  ([mutex/lock_event])
[0x0000019b7db0dd10] Threads_lock - owner thread: 0x0000019b0bbc33f0
[0x0000019b7fd04a70] Heap_lock - owner thread: 0x0000019b0d02bc80

Heap address: 0x0000000090e00000, size: 1778 MB, Compressed Oops mode: 32-bit

CDS archive(s) not mapped
Compressed class space mapped at: 0x0000000100000000-0x0000000140000000, reserved size: 1073741824
Narrow klass base: 0x0000000000000000, Narrow klass shift: 3, Narrow klass range: 0x140000000

GC Precious Log:
 CPUs: 2 total, 2 available
 Memory: 7108M
 Large Page Support: Disabled
 NUMA Support: Disabled
 Compressed Oops: Enabled (32-bit)
 Heap Region Size: 1M
 Heap Min Capacity: 8M
 Heap Initial Capacity: 112M
 Heap Max Capacity: 1778M
 Pre-touch: Disabled
 Parallel Workers: 2
 Concurrent Workers: 1
 Concurrent Refinement Workers: 2
 Periodic GC: Disabled

Heap:
 garbage-first heap   total 119808K, used 36403K [0x0000000090e00000, 0x0000000100000000)
  region size 1024K, 1 young (1024K), 0 survivors (0K)
 Metaspace       used 52969K, committed 53376K, reserved 1097728K
  class space    used 7024K, committed 7232K, reserved 1048576K

Heap Regions: E=young(eden), S=young(survivor), O=old, HS=humongous(starts), HC=humongous(continues), CS=collection set, F=free, OA=open archive, CA=closed archive, TAMS=top-at-mark-start (previous, next)
|   0|0x0000000090e00000, 0x0000000090efe220, 0x0000000090f00000| 99%| O|  |TAMS 0x0000000090efe220, 0x0000000090e00000| Untracked 
|   1|0x0000000090f00000, 0x0000000091000000, 0x0000000091000000|100%| O|  |TAMS 0x0000000091000000, 0x0000000090f00000| Untracked 
|   2|0x0000000091000000, 0x0000000091100000, 0x0000000091100000|100%| O|  |TAMS 0x0000000091100000, 0x0000000091000000| Untracked 
|   3|0x0000000091100000, 0x00000000911ffc70, 0x0000000091200000| 99%| O|  |TAMS 0x00000000911ffc70, 0x0000000091100000| Untracked 
|   4|0x0000000091200000, 0x0000000091300000, 0x0000000091300000|100%| O|  |TAMS 0x0000000091300000, 0x0000000091200000| Untracked 
|   5|0x0000000091300000, 0x00000000913f6068, 0x0000000091400000| 96%| O|  |TAMS 0x00000000913f6068, 0x0000000091300000| Untracked 
|   6|0x0000000091400000, 0x00000000914fffb0, 0x0000000091500000| 99%| O|  |TAMS 0x00000000914fffb0, 0x0000000091400000| Untracked 
|   7|0x0000000091500000, 0x0000000091600000, 0x0000000091600000|100%| O|  |TAMS 0x0000000091600000, 0x0000000091500000| Untracked 
|   8|0x0000000091600000, 0x00000000916fffe8, 0x0000000091700000| 99%| O|  |TAMS 0x00000000916fffe8, 0x0000000091600000| Untracked 
|   9|0x0000000091700000, 0x00000000917ffff8, 0x0000000091800000| 99%| O|  |TAMS 0x00000000917ffff8, 0x0000000091700000| Untracked 
|  10|0x0000000091800000, 0x00000000918fffe0, 0x0000000091900000| 99%| O|  |TAMS 0x00000000918fffe0, 0x0000000091800000| Untracked 
|  11|0x0000000091900000, 0x00000000919fffd0, 0x0000000091a00000| 99%| O|  |TAMS 0x00000000919fffd0, 0x0000000091900000| Untracked 
|  12|0x0000000091a00000, 0x0000000091afffd0, 0x0000000091b00000| 99%| O|  |TAMS 0x0000000091afffd0, 0x0000000091a00000| Untracked 
|  13|0x0000000091b00000, 0x0000000091c00000, 0x0000000091c00000|100%| O|  |TAMS 0x0000000091c00000, 0x0000000091b00000| Untracked 
|  14|0x0000000091c00000, 0x0000000091cfffa0, 0x0000000091d00000| 99%| O|  |TAMS 0x0000000091cfffa0, 0x0000000091c00000| Untracked 
|  15|0x0000000091d00000, 0x0000000091e00000, 0x0000000091e00000|100%| O|  |TAMS 0x0000000091e00000, 0x0000000091d00000| Untracked 
|  16|0x0000000091e00000, 0x0000000091effe20, 0x0000000091f00000| 99%| O|  |TAMS 0x0000000091effe20, 0x0000000091e00000| Untracked 
|  17|0x0000000091f00000, 0x0000000091fffff8, 0x0000000092000000| 99%| O|  |TAMS 0x0000000091fffff8, 0x0000000091f00000| Untracked 
|  18|0x0000000092000000, 0x00000000920ffff0, 0x0000000092100000| 99%| O|  |TAMS 0x00000000920ffff0, 0x0000000092000000| Untracked 
|  19|0x0000000092100000, 0x00000000921ffff8, 0x0000000092200000| 99%| O|  |TAMS 0x00000000921ffff8, 0x0000000092100000| Untracked 
|  20|0x0000000092200000, 0x00000000922ffdc8, 0x0000000092300000| 99%| O|  |TAMS 0x00000000922ffdc8, 0x0000000092200000| Untracked 
|  21|0x0000000092300000, 0x00000000923ffff8, 0x0000000092400000| 99%| O|  |TAMS 0x00000000923ffff8, 0x0000000092300000| Untracked 
|  22|0x0000000092400000, 0x00000000924fdf08, 0x0000000092500000| 99%| O|  |TAMS 0x00000000924fdf08, 0x0000000092400000| Untracked 
|  23|0x0000000092500000, 0x0000000092600000, 0x0000000092600000|100%|HS|  |TAMS 0x0000000092600000, 0x0000000092500000| Untracked 
|  24|0x0000000092600000, 0x00000000926fd120, 0x0000000092700000| 98%| O|  |TAMS 0x00000000926fd120, 0x0000000092600000| Untracked 
|  25|0x0000000092700000, 0x00000000927fedb8, 0x0000000092800000| 99%| O|  |TAMS 0x00000000927fedb8, 0x0000000092700000| Untracked 
|  26|0x0000000092800000, 0x000000009289f8e0, 0x0000000092900000| 62%| O|  |TAMS 0x0000000092800000, 0x0000000092800000| Untracked 
|  27|0x0000000092900000, 0x0000000092900000, 0x0000000092a00000|  0%| F|  |TAMS 0x0000000092900000, 0x0000000092900000| Untracked 
|  28|0x0000000092a00000, 0x0000000092a00000, 0x0000000092b00000|  0%| F|  |TAMS 0x0000000092a00000, 0x0000000092a00000| Untracked 
|  29|0x0000000092b00000, 0x0000000092bffff0, 0x0000000092c00000| 99%| O|  |TAMS 0x0000000092bffff0, 0x0000000092b00000| Untracked 
|  30|0x0000000092c00000, 0x0000000092c00000, 0x0000000092d00000|  0%| F|  |TAMS 0x0000000092c00000, 0x0000000092c00000| Untracked 
|  31|0x0000000092d00000, 0x0000000092d00000, 0x0000000092e00000|  0%| F|  |TAMS 0x0000000092d00000, 0x0000000092d00000| Untracked 
|  32|0x0000000092e00000, 0x0000000092efffd0, 0x0000000092f00000| 99%| O|  |TAMS 0x0000000092efffd0, 0x0000000092e00000| Untracked 
|  33|0x0000000092f00000, 0x0000000092f00000, 0x0000000093000000|  0%| F|  |TAMS 0x0000000092f00000, 0x0000000092f00000| Untracked 
|  34|0x0000000093000000, 0x0000000093000000, 0x0000000093100000|  0%| F|  |TAMS 0x0000000093000000, 0x0000000093000000| Untracked 
|  35|0x0000000093100000, 0x0000000093100000, 0x0000000093200000|  0%| F|  |TAMS 0x0000000093100000, 0x0000000093100000| Untracked 
|  36|0x0000000093200000, 0x0000000093200000, 0x0000000093300000|  0%| F|  |TAMS 0x0000000093200000, 0x0000000093200000| Untracked 
|  37|0x0000000093300000, 0x0000000093400000, 0x0000000093400000|100%|HS|  |TAMS 0x0000000093400000, 0x0000000093300000| Untracked 
|  38|0x0000000093400000, 0x0000000093500000, 0x0000000093500000|100%|HC|  |TAMS 0x0000000093500000, 0x0000000093400000| Untracked 
|  39|0x0000000093500000, 0x0000000093600000, 0x0000000093600000|100%|HS|  |TAMS 0x0000000093600000, 0x0000000093500000| Untracked 
|  40|0x0000000093600000, 0x0000000093600000, 0x0000000093700000|  0%| F|  |TAMS 0x0000000093600000, 0x0000000093600000| Untracked 
|  41|0x0000000093700000, 0x0000000093700000, 0x0000000093800000|  0%| F|  |TAMS 0x0000000093700000, 0x0000000093700000| Untracked 
|  42|0x0000000093800000, 0x0000000093800000, 0x0000000093900000|  0%| F|  |TAMS 0x0000000093800000, 0x0000000093800000| Untracked 
|  43|0x0000000093900000, 0x0000000093900000, 0x0000000093a00000|  0%| F|  |TAMS 0x0000000093900000, 0x0000000093900000| Untracked 
|  44|0x0000000093a00000, 0x0000000093a00000, 0x0000000093b00000|  0%| F|  |TAMS 0x0000000093a00000, 0x0000000093a00000| Untracked 
|  45|0x0000000093b00000, 0x0000000093b00000, 0x0000000093c00000|  0%| F|  |TAMS 0x0000000093b00000, 0x0000000093b00000| Untracked 
|  46|0x0000000093c00000, 0x0000000093c00000, 0x0000000093d00000|  0%| F|  |TAMS 0x0000000093c00000, 0x0000000093c00000| Untracked 
|  47|0x0000000093d00000, 0x0000000093d00000, 0x0000000093e00000|  0%| F|  |TAMS 0x0000000093d00000, 0x0000000093d00000| Untracked 
|  48|0x0000000093e00000, 0x0000000093e00000, 0x0000000093f00000|  0%| F|  |TAMS 0x0000000093e00000, 0x0000000093e00000| Untracked 
|  49|0x0000000093f00000, 0x0000000093f00000, 0x0000000094000000|  0%| F|  |TAMS 0x0000000093f00000, 0x0000000093f00000| Untracked 
|  50|0x0000000094000000, 0x0000000094000000, 0x0000000094100000|  0%| F|  |TAMS 0x0000000094000000, 0x0000000094000000| Untracked 
|  51|0x0000000094100000, 0x0000000094200000, 0x0000000094200000|100%| O|  |TAMS 0x0000000094200000, 0x0000000094100000| Untracked 
|  52|0x0000000094200000, 0x0000000094200000, 0x0000000094300000|  0%| F|  |TAMS 0x0000000094200000, 0x0000000094200000| Untracked 
|  53|0x0000000094300000, 0x0000000094400000, 0x0000000094400000|100%| O|  |TAMS 0x0000000094400000, 0x0000000094300000| Untracked 
|  54|0x0000000094400000, 0x0000000094400000, 0x0000000094500000|  0%| F|  |TAMS 0x0000000094400000, 0x0000000094400000| Untracked 
|  55|0x0000000094500000, 0x0000000094600000, 0x0000000094600000|100%| O|  |TAMS 0x0000000094600000, 0x0000000094500000| Untracked 
|  56|0x0000000094600000, 0x0000000094600000, 0x0000000094700000|  0%| F|  |TAMS 0x0000000094600000, 0x0000000094600000| Untracked 
|  57|0x0000000094700000, 0x0000000094800000, 0x0000000094800000|100%| O|  |TAMS 0x0000000094800000, 0x0000000094700000| Untracked 
|  58|0x0000000094800000, 0x0000000094800000, 0x0000000094900000|  0%| F|  |TAMS 0x0000000094800000, 0x0000000094800000| Untracked 
|  59|0x0000000094900000, 0x0000000094900000, 0x0000000094a00000|  0%| F|  |TAMS 0x0000000094900000, 0x0000000094900000| Untracked 
|  60|0x0000000094a00000, 0x0000000094a00000, 0x0000000094b00000|  0%| F|  |TAMS 0x0000000094a00000, 0x0000000094a00000| Untracked 
|  61|0x0000000094b00000, 0x0000000094b00000, 0x0000000094c00000|  0%| F|  |TAMS 0x0000000094b00000, 0x0000000094b00000| Untracked 
|  62|0x0000000094c00000, 0x0000000094c00000, 0x0000000094d00000|  0%| F|  |TAMS 0x0000000094c00000, 0x0000000094c00000| Untracked 
|  63|0x0000000094d00000, 0x0000000094d00000, 0x0000000094e00000|  0%| F|  |TAMS 0x0000000094d00000, 0x0000000094d00000| Untracked 
|  64|0x0000000094e00000, 0x0000000094e00000, 0x0000000094f00000|  0%| F|  |TAMS 0x0000000094e00000, 0x0000000094e00000| Untracked 
|  65|0x0000000094f00000, 0x0000000094f00000, 0x0000000095000000|  0%| F|  |TAMS 0x0000000094f00000, 0x0000000094f00000| Untracked 
|  66|0x0000000095000000, 0x0000000095000000, 0x0000000095100000|  0%| F|  |TAMS 0x0000000095000000, 0x0000000095000000| Untracked 
|  67|0x0000000095100000, 0x0000000095100000, 0x0000000095200000|  0%| F|  |TAMS 0x0000000095100000, 0x0000000095100000| Untracked 
|  68|0x0000000095200000, 0x0000000095200000, 0x0000000095300000|  0%| F|  |TAMS 0x0000000095200000, 0x0000000095200000| Untracked 
|  69|0x0000000095300000, 0x0000000095300000, 0x0000000095400000|  0%| F|  |TAMS 0x0000000095300000, 0x0000000095300000| Untracked 
|  70|0x0000000095400000, 0x0000000095400000, 0x0000000095500000|  0%| F|  |TAMS 0x0000000095400000, 0x0000000095400000| Untracked 
|  71|0x0000000095500000, 0x0000000095500000, 0x0000000095600000|  0%| F|  |TAMS 0x0000000095500000, 0x0000000095500000| Untracked 
|  72|0x0000000095600000, 0x0000000095600000, 0x0000000095700000|  0%| F|  |TAMS 0x0000000095600000, 0x0000000095600000| Untracked 
|  73|0x0000000095700000, 0x0000000095700000, 0x0000000095800000|  0%| F|  |TAMS 0x0000000095700000, 0x0000000095700000| Untracked 
|  74|0x0000000095800000, 0x0000000095800000, 0x0000000095900000|  0%| F|  |TAMS 0x0000000095800000, 0x0000000095800000| Untracked 
|  75|0x0000000095900000, 0x0000000095900000, 0x0000000095a00000|  0%| F|  |TAMS 0x0000000095900000, 0x0000000095900000| Untracked 
|  76|0x0000000095a00000, 0x0000000095a00000, 0x0000000095b00000|  0%| F|  |TAMS 0x0000000095a00000, 0x0000000095a00000| Untracked 
|  77|0x0000000095b00000, 0x0000000095b00000, 0x0000000095c00000|  0%| F|  |TAMS 0x0000000095b00000, 0x0000000095b00000| Untracked 
|  78|0x0000000095c00000, 0x0000000095c00000, 0x0000000095d00000|  0%| F|  |TAMS 0x0000000095c00000, 0x0000000095c00000| Untracked 
|  79|0x0000000095d00000, 0x0000000095d00000, 0x0000000095e00000|  0%| F|  |TAMS 0x0000000095d00000, 0x0000000095d00000| Untracked 
|  80|0x0000000095e00000, 0x0000000095e00000, 0x0000000095f00000|  0%| F|  |TAMS 0x0000000095e00000, 0x0000000095e00000| Untracked 
|  81|0x0000000095f00000, 0x0000000095f00000, 0x0000000096000000|  0%| F|  |TAMS 0x0000000095f00000, 0x0000000095f00000| Untracked 
|  82|0x0000000096000000, 0x0000000096000000, 0x0000000096100000|  0%| F|  |TAMS 0x0000000096000000, 0x0000000096000000| Untracked 
|  83|0x0000000096100000, 0x0000000096100000, 0x0000000096200000|  0%| F|  |TAMS 0x0000000096100000, 0x0000000096100000| Untracked 
|  84|0x0000000096200000, 0x0000000096200000, 0x0000000096300000|  0%| F|  |TAMS 0x0000000096200000, 0x0000000096200000| Untracked 
|  85|0x0000000096300000, 0x0000000096300000, 0x0000000096400000|  0%| F|  |TAMS 0x0000000096300000, 0x0000000096300000| Untracked 
|  86|0x0000000096400000, 0x0000000096400000, 0x0000000096500000|  0%| F|  |TAMS 0x0000000096400000, 0x0000000096400000| Untracked 
|  87|0x0000000096500000, 0x0000000096500000, 0x0000000096600000|  0%| F|  |TAMS 0x0000000096500000, 0x0000000096500000| Untracked 
|  88|0x0000000096600000, 0x0000000096600000, 0x0000000096700000|  0%| F|  |TAMS 0x0000000096600000, 0x0000000096600000| Untracked 
|  89|0x0000000096700000, 0x0000000096700000, 0x0000000096800000|  0%| F|  |TAMS 0x0000000096700000, 0x0000000096700000| Untracked 
|  90|0x0000000096800000, 0x0000000096800000, 0x0000000096900000|  0%| F|  |TAMS 0x0000000096800000, 0x0000000096800000| Untracked 
|  91|0x0000000096900000, 0x0000000096900000, 0x0000000096a00000|  0%| F|  |TAMS 0x0000000096900000, 0x0000000096900000| Untracked 
|  92|0x0000000096a00000, 0x0000000096a00000, 0x0000000096b00000|  0%| F|  |TAMS 0x0000000096a00000, 0x0000000096a00000| Untracked 
|  93|0x0000000096b00000, 0x0000000096b00000, 0x0000000096c00000|  0%| F|  |TAMS 0x0000000096b00000, 0x0000000096b00000| Untracked 
|  94|0x0000000096c00000, 0x0000000096c00000, 0x0000000096d00000|  0%| F|  |TAMS 0x0000000096c00000, 0x0000000096c00000| Untracked 
|  95|0x0000000096d00000, 0x0000000096d00000, 0x0000000096e00000|  0%| F|  |TAMS 0x0000000096d00000, 0x0000000096d00000| Untracked 
|  96|0x0000000096e00000, 0x0000000096e00000, 0x0000000096f00000|  0%| F|  |TAMS 0x0000000096e00000, 0x0000000096e00000| Untracked 
|  97|0x0000000096f00000, 0x0000000096f00000, 0x0000000097000000|  0%| F|  |TAMS 0x0000000096f00000, 0x0000000096f00000| Untracked 
|  98|0x0000000097000000, 0x0000000097000000, 0x0000000097100000|  0%| F|  |TAMS 0x0000000097000000, 0x0000000097000000| Untracked 
|  99|0x0000000097100000, 0x0000000097100000, 0x0000000097200000|  0%| F|  |TAMS 0x0000000097100000, 0x0000000097100000| Untracked 
| 100|0x0000000097200000, 0x0000000097200000, 0x0000000097300000|  0%| F|  |TAMS 0x0000000097200000, 0x0000000097200000| Untracked 
| 101|0x0000000097300000, 0x0000000097300000, 0x0000000097400000|  0%| F|  |TAMS 0x0000000097300000, 0x0000000097300000| Untracked 
| 102|0x0000000097400000, 0x0000000097400000, 0x0000000097500000|  0%| F|  |TAMS 0x0000000097400000, 0x0000000097400000| Untracked 
| 103|0x0000000097500000, 0x0000000097500000, 0x0000000097600000|  0%| F|  |TAMS 0x0000000097500000, 0x0000000097500000| Untracked 
| 104|0x0000000097600000, 0x0000000097600000, 0x0000000097700000|  0%| F|  |TAMS 0x0000000097600000, 0x0000000097600000| Untracked 
| 105|0x0000000097700000, 0x0000000097700000, 0x0000000097800000|  0%| F|  |TAMS 0x0000000097700000, 0x0000000097700000| Untracked 
| 106|0x0000000097800000, 0x0000000097800000, 0x0000000097900000|  0%| F|  |TAMS 0x0000000097800000, 0x0000000097800000| Untracked 
| 107|0x0000000097900000, 0x0000000097900000, 0x0000000097a00000|  0%| F|  |TAMS 0x0000000097900000, 0x0000000097900000| Untracked 
| 108|0x0000000097a00000, 0x0000000097a00000, 0x0000000097b00000|  0%| F|  |TAMS 0x0000000097a00000, 0x0000000097a00000| Untracked 
| 109|0x0000000097b00000, 0x0000000097b00000, 0x0000000097c00000|  0%| F|  |TAMS 0x0000000097b00000, 0x0000000097b00000| Untracked 
| 110|0x0000000097c00000, 0x0000000097c00000, 0x0000000097d00000|  0%| F|  |TAMS 0x0000000097c00000, 0x0000000097c00000| Untracked 
| 111|0x0000000097d00000, 0x0000000097d00000, 0x0000000097e00000|  0%| F|  |TAMS 0x0000000097d00000, 0x0000000097d00000| Untracked 
| 112|0x0000000097e00000, 0x0000000097e00000, 0x0000000097f00000|  0%| F|  |TAMS 0x0000000097e00000, 0x0000000097e00000| Untracked 
| 113|0x0000000097f00000, 0x0000000097f00000, 0x0000000098000000|  0%| F|  |TAMS 0x0000000097f00000, 0x0000000097f00000| Untracked 
| 114|0x0000000098000000, 0x0000000098000000, 0x0000000098100000|  0%| F|  |TAMS 0x0000000098000000, 0x0000000098000000| Untracked 
| 115|0x0000000098100000, 0x0000000098100000, 0x0000000098200000|  0%| F|  |TAMS 0x0000000098100000, 0x0000000098100000| Untracked 
| 116|0x0000000098200000, 0x0000000098216d88, 0x0000000098300000|  8%| E|  |TAMS 0x0000000098200000, 0x0000000098200000| Complete 

Card table byte_map: [0x0000019b05bc0000,0x0000019b05f40000] _byte_map_base: 0x0000019b05739000

Marking Bits (Prev, Next): (CMBitMap*) 0x0000019b7fd5b730, (CMBitMap*) 0x0000019b7fd5b6f0
 Prev Bits: [0x0000019b07e90000, 0x0000019b09a58000)
 Next Bits: [0x0000019b062c0000, 0x0000019b07e88000)

Polling page: 0x0000019b7dca0000

Metaspace:

Usage:
  Non-class:     44.87 MB used.
      Class:      6.86 MB used.
       Both:     51.73 MB used.

Virtual space:
  Non-class space:       48.00 MB reserved,      45.06 MB ( 94%) committed,  6 nodes.
      Class space:        1.00 GB reserved,       7.06 MB ( <1%) committed,  1 nodes.
             Both:        1.05 GB reserved,      52.13 MB (  5%) committed. 

Chunk freelists:
   Non-Class:  2.33 MB
       Class:  939.00 KB
        Both:  3.25 MB

MaxMetaspaceSize: unlimited
CompressedClassSpaceSize: 1.00 GB
Initial GC threshold: 21.00 MB
Current GC threshold: 86.88 MB
CDS: off
MetaspaceReclaimPolicy: balanced
 - commit_granule_bytes: 65536.
 - commit_granule_words: 8192.
 - virtual_space_node_default_size: 1048576.
 - enlarge_chunks_in_place: 1.
 - new_chunks_are_fully_committed: 0.
 - uncommit_free_chunks: 1.
 - use_allocation_guard: 0.
 - handle_deallocations: 1.


Internal statistics:

num_allocs_failed_limit: 6.
num_arena_births: 516.
num_arena_deaths: 152.
num_vsnodes_births: 7.
num_vsnodes_deaths: 0.
num_space_committed: 834.
num_space_uncommitted: 0.
num_chunks_returned_to_freelist: 180.
num_chunks_taken_from_freelist: 2220.
num_chunk_merges: 58.
num_chunk_splits: 1539.
num_chunks_enlarged: 1225.
num_purges: 8.
num_inconsistent_stats: 0.

CodeCache: size=49152Kb used=12983Kb max_used=13372Kb free=36168Kb
 bounds [0x0000019b02bc0000, 0x0000019b03920000, 0x0000019b05bc0000]
 total_blobs=7478 nmethods=6868 adapters=538
 compilation: enabled
              stopped_count=0, restarted_count=0
 full_count=0

Compilation events (20 events):
Event: 4034.053 Thread 0x0000019b0bc56980 6862   !   1       java.lang.ProcessImpl::<init> (327 bytes)
Event: 4034.057 Thread 0x0000019b0bc56980 nmethod 6862 0x0000019b03825810 code [0x0000019b03825c20, 0x0000019b03826ea8]
Event: 4034.060 Thread 0x0000019b0bc56980 6863       1       java.lang.invoke.LambdaForm$DMH/0x0000000100670c00::newInvokeSpecial (23 bytes)
Event: 4034.060 Thread 0x0000019b0bc56980 nmethod 6863 0x0000019b03824f90 code [0x0000019b03825140, 0x0000019b038252c8]
Event: 4034.060 Thread 0x0000019b0bc56980 6864       1       java.lang.ProcessImpl$$Lambda$675/0x000000010045b4b0::<init> (10 bytes)
Event: 4034.060 Thread 0x0000019b0bc56980 nmethod 6864 0x0000019b03824c90 code [0x0000019b03824e20, 0x0000019b03824ef8]
Event: 4034.060 Thread 0x0000019b0bc56980 6866       1       java.lang.ProcessHandleImpl::getInternal (13 bytes)
Event: 4034.060 Thread 0x0000019b0bc56980 nmethod 6866 0x0000019b03824910 code [0x0000019b03824aa0, 0x0000019b03824c08]
Event: 4034.060 Thread 0x0000019b0bc56980 6867       1       java.lang.ProcessImpl$2::run (5 bytes)
Event: 4034.060 Thread 0x0000019b0bc56980 nmethod 6867 0x0000019b03824610 code [0x0000019b038247a0, 0x0000019b03824888]
Event: 4034.301 Thread 0x0000019b0bc56980 6868   !   1       java.io.FilterOutputStream::close (183 bytes)
Event: 4034.358 Thread 0x0000019b0bc56980 nmethod 6868 0x0000019b03823c90 code [0x0000019b03823ea0, 0x0000019b03824378]
Event: 4034.358 Thread 0x0000019b0bc56980 6869   !   1       java.io.FileOutputStream::close (69 bytes)
Event: 4034.358 Thread 0x0000019b0bc56980 nmethod 6869 0x0000019b03823610 code [0x0000019b038237e0, 0x0000019b03823b58]
Event: 4034.358 Thread 0x0000019b0bc56980 6870       1       java.io.FileOutputStream$1::<init> (10 bytes)
Event: 4034.358 Thread 0x0000019b0bc56980 nmethod 6870 0x0000019b03823310 code [0x0000019b038234a0, 0x0000019b038235b8]
Event: 4034.359 Thread 0x0000019b0bc56980 6871       1       java.io.FileOutputStream$1::close (11 bytes)
Event: 4034.359 Thread 0x0000019b0bc56980 nmethod 6871 0x0000019b03822c90 code [0x0000019b03822e40, 0x0000019b03823158]
Event: 4128.725 Thread 0x0000019b0bc56980 6872       1       java.util.concurrent.CompletableFuture::postComplete (94 bytes)
Event: 4128.728 Thread 0x0000019b0bc56980 nmethod 6872 0x0000019b03821190 code [0x0000019b038214c0, 0x0000019b03822538]

GC Heap History (20 events):
Event: 4242.662 GC heap before
{Heap before GC invocations=312 (full 272):
 garbage-first heap   total 119808K, used 36403K [0x0000000090e00000, 0x0000000100000000)
  region size 1024K, 1 young (1024K), 0 survivors (0K)
 Metaspace       used 52969K, committed 53376K, reserved 1097728K
  class space    used 7024K, committed 7232K, reserved 1048576K
}
Event: 4242.726 GC heap after
{Heap after GC invocations=313 (full 273):
 garbage-first heap   total 119808K, used 36403K [0x0000000090e00000, 0x0000000100000000)
  region size 1024K, 0 young (0K), 0 survivors (0K)
 Metaspace       used 52969K, committed 53376K, reserved 1097728K
  class space    used 7024K, committed 7232K, reserved 1048576K
}
Event: 4253.991 GC heap before
{Heap before GC invocations=313 (full 273):
 garbage-first heap   total 119808K, used 36403K [0x0000000090e00000, 0x0000000100000000)
  region size 1024K, 1 young (1024K), 0 survivors (0K)
 Metaspace       used 52969K, committed 53376K, reserved 1097728K
  class space    used 7024K, committed 7232K, reserved 1048576K
}
Event: 4254.052 GC heap after
{Heap after GC invocations=314 (full 274):
 garbage-first heap   total 119808K, used 36403K [0x0000000090e00000, 0x0000000100000000)
  region size 1024K, 0 young (0K), 0 survivors (0K)
 Metaspace       used 52969K, committed 53376K, reserved 1097728K
  class space    used 7024K, committed 7232K, reserved 1048576K
}
Event: 4264.428 GC heap before
{Heap before GC invocations=314 (full 274):
 garbage-first heap   total 119808K, used 36403K [0x0000000090e00000, 0x0000000100000000)
  region size 1024K, 1 young (1024K), 0 survivors (0K)
 Metaspace       used 52969K, committed 53376K, reserved 1097728K
  class space    used 7024K, committed 7232K, reserved 1048576K
}
Event: 4264.488 GC heap after
{Heap after GC invocations=315 (full 275):
 garbage-first heap   total 119808K, used 36403K [0x0000000090e00000, 0x0000000100000000)
  region size 1024K, 0 young (0K), 0 survivors (0K)
 Metaspace       used 52969K, committed 53376K, reserved 1097728K
  class space    used 7024K, committed 7232K, reserved 1048576K
}
Event: 4275.547 GC heap before
{Heap before GC invocations=315 (full 275):
 garbage-first heap   total 119808K, used 36403K [0x0000000090e00000, 0x0000000100000000)
  region size 1024K, 1 young (1024K), 0 survivors (0K)
 Metaspace       used 52969K, committed 53376K, reserved 1097728K
  class space    used 7024K, committed 7232K, reserved 1048576K
}
Event: 4275.611 GC heap after
{Heap after GC invocations=316 (full 276):
 garbage-first heap   total 119808K, used 36403K [0x0000000090e00000, 0x0000000100000000)
  region size 1024K, 0 young (0K), 0 survivors (0K)
 Metaspace       used 52969K, committed 53376K, reserved 1097728K
  class space    used 7024K, committed 7232K, reserved 1048576K
}
Event: 4285.958 GC heap before
{Heap before GC invocations=316 (full 276):
 garbage-first heap   total 119808K, used 36403K [0x0000000090e00000, 0x0000000100000000)
  region size 1024K, 1 young (1024K), 0 survivors (0K)
 Metaspace       used 52969K, committed 53376K, reserved 1097728K
  class space    used 7024K, committed 7232K, reserved 1048576K
}
Event: 4286.029 GC heap after
{Heap after GC invocations=317 (full 277):
 garbage-first heap   total 119808K, used 36403K [0x0000000090e00000, 0x0000000100000000)
  region size 1024K, 0 young (0K), 0 survivors (0K)
 Metaspace       used 52969K, committed 53376K, reserved 1097728K
  class space    used 7024K, committed 7232K, reserved 1048576K
}
Event: 4296.285 GC heap before
{Heap before GC invocations=317 (full 277):
 garbage-first heap   total 119808K, used 36403K [0x0000000090e00000, 0x0000000100000000)
  region size 1024K, 1 young (1024K), 0 survivors (0K)
 Metaspace       used 52969K, committed 53376K, reserved 1097728K
  class space    used 7024K, committed 7232K, reserved 1048576K
}
Event: 4296.341 GC heap after
{Heap after GC invocations=318 (full 278):
 garbage-first heap   total 119808K, used 36403K [0x0000000090e00000, 0x0000000100000000)
  region size 1024K, 0 young (0K), 0 survivors (0K)
 Metaspace       used 52969K, committed 53376K, reserved 1097728K
  class space    used 7024K, committed 7232K, reserved 1048576K
}
Event: 4306.588 GC heap before
{Heap before GC invocations=318 (full 278):
 garbage-first heap   total 119808K, used 36403K [0x0000000090e00000, 0x0000000100000000)
  region size 1024K, 1 young (1024K), 0 survivors (0K)
 Metaspace       used 52969K, committed 53376K, reserved 1097728K
  class space    used 7024K, committed 7232K, reserved 1048576K
}
Event: 4306.645 GC heap after
{Heap after GC invocations=319 (full 279):
 garbage-first heap   total 119808K, used 36403K [0x0000000090e00000, 0x0000000100000000)
  region size 1024K, 0 young (0K), 0 survivors (0K)
 Metaspace       used 52969K, committed 53376K, reserved 1097728K
  class space    used 7024K, committed 7232K, reserved 1048576K
}
Event: 4317.289 GC heap before
{Heap before GC invocations=319 (full 279):
 garbage-first heap   total 119808K, used 36403K [0x0000000090e00000, 0x0000000100000000)
  region size 1024K, 1 young (1024K), 0 survivors (0K)
 Metaspace       used 52969K, committed 53376K, reserved 1097728K
  class space    used 7024K, committed 7232K, reserved 1048576K
}
Event: 4317.348 GC heap after
{Heap after GC invocations=320 (full 280):
 garbage-first heap   total 119808K, used 36403K [0x0000000090e00000, 0x0000000100000000)
  region size 1024K, 0 young (0K), 0 survivors (0K)
 Metaspace       used 52969K, committed 53376K, reserved 1097728K
  class space    used 7024K, committed 7232K, reserved 1048576K
}
Event: 4327.597 GC heap before
{Heap before GC invocations=320 (full 280):
 garbage-first heap   total 119808K, used 36403K [0x0000000090e00000, 0x0000000100000000)
  region size 1024K, 1 young (1024K), 0 survivors (0K)
 Metaspace       used 52969K, committed 53376K, reserved 1097728K
  class space    used 7024K, committed 7232K, reserved 1048576K
}
Event: 4327.655 GC heap after
{Heap after GC invocations=321 (full 281):
 garbage-first heap   total 119808K, used 36403K [0x0000000090e00000, 0x0000000100000000)
  region size 1024K, 0 young (0K), 0 survivors (0K)
 Metaspace       used 52969K, committed 53376K, reserved 1097728K
  class space    used 7024K, committed 7232K, reserved 1048576K
}
Event: 4338.085 GC heap before
{Heap before GC invocations=321 (full 281):
 garbage-first heap   total 119808K, used 36403K [0x0000000090e00000, 0x0000000100000000)
  region size 1024K, 1 young (1024K), 0 survivors (0K)
 Metaspace       used 52969K, committed 53376K, reserved 1097728K
  class space    used 7024K, committed 7232K, reserved 1048576K
}
Event: 4338.149 GC heap after
{Heap after GC invocations=322 (full 282):
 garbage-first heap   total 119808K, used 36403K [0x0000000090e00000, 0x0000000100000000)
  region size 1024K, 0 young (0K), 0 survivors (0K)
 Metaspace       used 52969K, committed 53376K, reserved 1097728K
  class space    used 7024K, committed 7232K, reserved 1048576K
}

Dll operation events (8 events):
Event: 0.013 Loaded shared library c:\Users\Usuario\.vscode\extensions\redhat.java-1.13.0-win32-x64\jre\17.0.5-win32-x86_64\bin\java.dll
Event: 1.041 Loaded shared library C:\Users\Usuario\.vscode\extensions\redhat.java-1.13.0-win32-x64\jre\17.0.5-win32-x86_64\bin\net.dll
Event: 1.044 Loaded shared library C:\Users\Usuario\.vscode\extensions\redhat.java-1.13.0-win32-x64\jre\17.0.5-win32-x86_64\bin\nio.dll
Event: 1.058 Loaded shared library C:\Users\Usuario\.vscode\extensions\redhat.java-1.13.0-win32-x64\jre\17.0.5-win32-x86_64\bin\zip.dll
Event: 1.914 Loaded shared library c:\Users\Usuario\.vscode\extensions\redhat.java-1.13.0-win32-x64\jre\17.0.5-win32-x86_64\bin\verify.dll
Event: 1.934 Loaded shared library C:\Users\Usuario\.vscode\extensions\redhat.java-1.13.0-win32-x64\jre\17.0.5-win32-x86_64\bin\jimage.dll
Event: 6.945 Loaded shared library C:\Users\Usuario\.vscode\extensions\redhat.java-1.13.0-win32-x64\jre\17.0.5-win32-x86_64\bin\management.dll
Event: 6.950 Loaded shared library C:\Users\Usuario\.vscode\extensions\redhat.java-1.13.0-win32-x64\jre\17.0.5-win32-x86_64\bin\management_ext.dll

Deoptimization events (20 events):
Event: 14.296 Thread 0x0000019b0e1e3500 DEOPT PACKING pc=0x0000019b03007297 sp=0x00000099bc4fedf0
Event: 14.296 Thread 0x0000019b0e1e3500 DEOPT UNPACKING pc=0x0000019b02c12b43 sp=0x00000099bc4fe248 mode 3
Event: 34.415 Thread 0x0000019b0e1e39d0 DEOPT PACKING pc=0x0000019b02ff6242 sp=0x00000099bc5fd5b0
Event: 34.415 Thread 0x0000019b0e1e39d0 DEOPT UNPACKING pc=0x0000019b02c12b43 sp=0x00000099bc5fcab8 mode 3
Event: 36.818 Thread 0x0000019b0e1e39d0 DEOPT PACKING pc=0x0000019b036d3674 sp=0x00000099bc5fde10
Event: 36.818 Thread 0x0000019b0e1e39d0 DEOPT UNPACKING pc=0x0000019b02c12b43 sp=0x00000099bc5fd308 mode 0
Event: 36.818 Thread 0x0000019b0e1e39d0 DEOPT PACKING pc=0x0000019b036977f4 sp=0x00000099bc5fdee0
Event: 36.818 Thread 0x0000019b0e1e39d0 DEOPT UNPACKING pc=0x0000019b02c12b43 sp=0x00000099bc5fd3b8 mode 0
Event: 36.818 Thread 0x0000019b0e1e39d0 DEOPT PACKING pc=0x0000019b036925a4 sp=0x00000099bc5fdf90
Event: 36.818 Thread 0x0000019b0e1e39d0 DEOPT UNPACKING pc=0x0000019b02c12b43 sp=0x00000099bc5fd510 mode 0
Event: 36.819 Thread 0x0000019b0e1e39d0 DEOPT PACKING pc=0x0000019b036b052c sp=0x00000099bc5fe290
Event: 36.820 Thread 0x0000019b0e1e39d0 DEOPT UNPACKING pc=0x0000019b02c12b43 sp=0x00000099bc5fd720 mode 0
Event: 37.248 Thread 0x0000019b0e1e39d0 DEOPT PACKING pc=0x0000019b0374cf55 sp=0x00000099bc5fed40
Event: 37.248 Thread 0x0000019b0e1e39d0 DEOPT UNPACKING pc=0x0000019b02c12b43 sp=0x00000099bc5fe1e8 mode 3
Event: 1076.189 Thread 0x0000019b0ddd7e40 DEOPT PACKING pc=0x0000019b031558d4 sp=0x00000099bc3ff1c0
Event: 1076.189 Thread 0x0000019b0ddd7e40 DEOPT UNPACKING pc=0x0000019b02c12b43 sp=0x00000099bc3fe668 mode 0
Event: 1542.275 Thread 0x0000019b0e60e060 DEOPT PACKING pc=0x0000019b037bc4ee sp=0x00000099bcafd370
Event: 1542.275 Thread 0x0000019b0e60e060 DEOPT UNPACKING pc=0x0000019b02c12b43 sp=0x00000099bcafc868 mode 3
Event: 1542.952 Thread 0x0000019b0e610bb0 DEOPT PACKING pc=0x0000019b037ecfc4 sp=0x00000099bacfdfd0
Event: 1542.952 Thread 0x0000019b0e610bb0 DEOPT UNPACKING pc=0x0000019b02c12b43 sp=0x00000099bacfd4c0 mode 3

Classes unloaded (20 events):
Event: 128.235 Thread 0x0000019b0bbc33f0 Unloading class 0x00000001004f4800 'java/lang/invoke/LambdaForm$MH+0x00000001004f4800'
Event: 128.235 Thread 0x0000019b0bbc33f0 Unloading class 0x0000000100384800 'java/lang/invoke/LambdaForm$MH+0x0000000100384800'
Event: 128.235 Thread 0x0000019b0bbc33f0 Unloading class 0x0000000100384400 'java/lang/invoke/LambdaForm$MH+0x0000000100384400'
Event: 128.235 Thread 0x0000019b0bbc33f0 Unloading class 0x0000000100384000 'java/lang/invoke/LambdaForm$MH+0x0000000100384000'
Event: 128.235 Thread 0x0000019b0bbc33f0 Unloading class 0x000000010035c800 'java/lang/invoke/LambdaForm$MH+0x000000010035c800'
Event: 128.235 Thread 0x0000019b0bbc33f0 Unloading class 0x000000010034d400 'java/lang/invoke/LambdaForm$MH+0x000000010034d400'
Event: 128.235 Thread 0x0000019b0bbc33f0 Unloading class 0x000000010034d000 'java/lang/invoke/LambdaForm$MH+0x000000010034d000'
Event: 128.235 Thread 0x0000019b0bbc33f0 Unloading class 0x00000001000d0000 'java/lang/invoke/LambdaForm$MH+0x00000001000d0000'
Event: 1696.956 Thread 0x0000019b0bbc33f0 Unloading class 0x0000000100704800 'java/lang/invoke/LambdaForm$MH+0x0000000100704800'
Event: 1696.956 Thread 0x0000019b0bbc33f0 Unloading class 0x0000000100704400 'java/lang/invoke/LambdaForm$MH+0x0000000100704400'
Event: 1696.956 Thread 0x0000019b0bbc33f0 Unloading class 0x0000000100704000 'java/lang/invoke/LambdaForm$MH+0x0000000100704000'
Event: 1696.956 Thread 0x0000019b0bbc33f0 Unloading class 0x000000010034c000 'java/lang/invoke/LambdaForm$MH+0x000000010034c000'
Event: 1696.956 Thread 0x0000019b0bbc33f0 Unloading class 0x000000010034c800 'java/lang/invoke/LambdaForm$MH+0x000000010034c800'
Event: 1696.956 Thread 0x0000019b0bbc33f0 Unloading class 0x000000010035e000 'java/lang/invoke/LambdaForm$MH+0x000000010035e000'
Event: 1696.956 Thread 0x0000019b0bbc33f0 Unloading class 0x000000010035e800 'java/lang/invoke/LambdaForm$MH+0x000000010035e800'
Event: 1696.956 Thread 0x0000019b0bbc33f0 Unloading class 0x000000010049c000 'java/lang/invoke/LambdaForm$MH+0x000000010049c000'
Event: 1696.956 Thread 0x0000019b0bbc33f0 Unloading class 0x00000001004b8000 'java/lang/invoke/LambdaForm$MH+0x00000001004b8000'
Event: 1696.956 Thread 0x0000019b0bbc33f0 Unloading class 0x00000001004f5400 'java/lang/invoke/LambdaForm$MH+0x00000001004f5400'
Event: 1696.956 Thread 0x0000019b0bbc33f0 Unloading class 0x00000001004f6400 'java/lang/invoke/LambdaForm$MH+0x00000001004f6400'
Event: 1696.956 Thread 0x0000019b0bbc33f0 Unloading class 0x000000010066c400 'java/lang/invoke/LambdaForm$MH+0x000000010066c400'

Classes redefined (0 events):
No events

Internal exceptions (20 events):
Event: 32.564 Thread 0x0000019b0e60ea00 Exception <a 'sun/nio/fs/WindowsException'{0x00000000b490e100}> (0x00000000b490e100) 
thrown [s\src\hotspot\share\prims\jni.cpp, line 516]
Event: 32.564 Thread 0x0000019b0e60ea00 Exception <a 'sun/nio/fs/WindowsException'{0x00000000b490eb28}> (0x00000000b490eb28) 
thrown [s\src\hotspot\share\prims\jni.cpp, line 516]
Event: 32.564 Thread 0x0000019b0e60ea00 Exception <a 'sun/nio/fs/WindowsException'{0x00000000b490ef10}> (0x00000000b490ef10) 
thrown [s\src\hotspot\share\prims\jni.cpp, line 516]
Event: 32.564 Thread 0x0000019b0e60ea00 Exception <a 'sun/nio/fs/WindowsException'{0x00000000b490f948}> (0x00000000b490f948) 
thrown [s\src\hotspot\share\prims\jni.cpp, line 516]
Event: 32.564 Thread 0x0000019b0e60ea00 Exception <a 'sun/nio/fs/WindowsException'{0x00000000b490fd48}> (0x00000000b490fd48) 
thrown [s\src\hotspot\share\prims\jni.cpp, line 516]
Event: 32.564 Thread 0x0000019b0e60ea00 Exception <a 'sun/nio/fs/WindowsException'{0x00000000b4910778}> (0x00000000b4910778) 
thrown [s\src\hotspot\share\prims\jni.cpp, line 516]
Event: 32.564 Thread 0x0000019b0e60ea00 Exception <a 'sun/nio/fs/WindowsException'{0x00000000b4910b68}> (0x00000000b4910b68) 
thrown [s\src\hotspot\share\prims\jni.cpp, line 516]
Event: 32.569 Thread 0x0000019b0e60ea00 Exception <a 'java/lang/NoSuchMethodError'{0x00000000b49192e8}: 'java.lang.Object java.lang.invoke.Invokers$Holder.invoke_MT(java.lang.Object, java.lang.Object, java.lang.Object)'> (0x00000000b49192e8) 
thrown [s\src\hotspot\share\interpreter\linkResolver.cpp, line 759]
Event: 93.214 Thread 0x0000019b0d02bc80 Exception <a 'java/lang/NoSuchMethodError'{0x00000000a8f01da0}: 'void java.lang.invoke.DirectMethodHandle$Holder.invokeStatic(java.lang.Object, long)'> (0x00000000a8f01da0) 
thrown [s\src\hotspot\share\interpreter\linkResolver.cpp, line 759]
Event: 93.214 Thread 0x0000019b0d02bc80 Exception <a 'java/lang/NoSuchMethodError'{0x00000000a8f07148}: 'java.lang.Object java.lang.invoke.DirectMethodHandle$Holder.newInvokeSpecial(java.lang.Object, long)'> (0x00000000a8f07148) 
thrown [s\src\hotspot\share\interpreter\linkResolver.cpp, line 759]
Event: 93.216 Thread 0x0000019b0d02bc80 Exception <a 'java/lang/NoSuchMethodError'{0x00000000a8f0dcc0}: 'java.lang.Object java.lang.invoke.DirectMethodHandle$Holder.invokeStatic(java.lang.Object, java.lang.Object, long, java.lang.Object)'> (0x00000000a8f0dcc0) 
thrown [s\src\hotspot\share\interpreter\linkResolver.cpp, line 759]
Event: 93.217 Thread 0x0000019b0d02bc80 Exception <a 'java/lang/NoSuchMethodError'{0x00000000a8f11758}: 'java.lang.Object java.lang.invoke.DirectMethodHandle$Holder.invokeStaticInit(java.lang.Object, java.lang.Object, long, java.lang.Object)'> (0x00000000a8f11758) 
thrown [s\src\hotspot\share\interpreter\linkResolver.cpp, line 759]
Event: 93.218 Thread 0x0000019b0d02bc80 Exception <a 'java/lang/NoSuchMethodError'{0x00000000a8f17a88}: 'java.lang.Object java.lang.invoke.DirectMethodHandle$Holder.newInvokeSpecial(java.lang.Object, java.lang.Object, long)'> (0x00000000a8f17a88) 
thrown [s\src\hotspot\share\interpreter\linkResolver.cpp, line 759]
Event: 1475.546 Thread 0x0000019b0ddd7e40 Exception <a 'java/lang/NoSuchMethodError'{0x00000000982d79a8}: 'java.lang.Object java.lang.invoke.DirectMethodHandle$Holder.invokeStatic(java.lang.Object, java.lang.Object, java.lang.Object, int, java.lang.Object, java.lang.Object)'> (0x00000000982d79a8) 
thrown [s\src\hotspot\share\interpreter\linkResolver.cpp, line 759]
Event: 1477.225 Thread 0x0000019b0e60d6c0 Exception <a 'java/lang/NoSuchMethodError'{0x0000000097f1fed0}: 'java.lang.Object java.lang.invoke.DirectMethodHandle$Holder.newInvokeSpecial(java.lang.Object, java.lang.Object, java.lang.Object, java.lang.Object, java.lang.Object, java.lang.Object, java.lang.Object)'> (0x0000000097f1fed0) 
thrown [s\src\hotspot\share\interpreter\linkResolver.cpp, line 759]
Event: 1477.225 Thread 0x0000019b0e60d6c0 Exception <a 'java/lang/NoSuchMethodError'{0x0000000097f247e0}: 'java.lang.Object java.lang.invoke.Invokers$Holder.linkToTargetMethod(java.lang.Object, java.lang.Object, java.lang.Object, java.lang.Object, java.lang.Object, java.lang.Object, java.lang.Object)'> (0x0000000097f247e0) 
thrown [s\src\hotspot\share\interpreter\linkResolver.cpp, line 759]
Event: 1478.477 Thread 0x0000019b0e60db90 Exception <a 'java/lang/IncompatibleClassChangeError'{0x0000000096d25520}: Found class java.lang.Object, but interface was expected> (0x0000000096d25520) 
thrown [s\src\hotspot\share\interpreter\linkResolver.cpp, line 826]
Event: 1478.739 Thread 0x0000019b0e60db90 Exception <a 'java/lang/NoSuchMethodError'{0x0000000095b57ce8}: 'int java.lang.invoke.DirectMethodHandle$Holder.invokeSpecialIFC(java.lang.Object, java.lang.Object, java.lang.Object)'> (0x0000000095b57ce8) 
thrown [s\src\hotspot\share\interpreter\linkResolver.cpp, line 759]
Event: 1542.275 Thread 0x0000019b0e60e060 Implicit null exception at 0x0000019b037bc2c4 to 0x0000019b037bc4e9
Event: 1542.952 Thread 0x0000019b0e610bb0 Implicit null exception at 0x0000019b037eca10 to 0x0000019b037ecfbf

VM Operations (20 events):
Event: 4242.726 Executing VM operation: G1CollectFull done
Event: 4253.990 Executing VM operation: G1CollectFull
Event: 4254.052 Executing VM operation: G1CollectFull done
Event: 4264.428 Executing VM operation: G1CollectFull
Event: 4264.489 Executing VM operation: G1CollectFull done
Event: 4275.547 Executing VM operation: G1CollectFull
Event: 4275.611 Executing VM operation: G1CollectFull done
Event: 4285.957 Executing VM operation: G1CollectFull
Event: 4286.029 Executing VM operation: G1CollectFull done
Event: 4296.285 Executing VM operation: G1CollectFull
Event: 4296.342 Executing VM operation: G1CollectFull done
Event: 4306.588 Executing VM operation: G1CollectFull
Event: 4306.645 Executing VM operation: G1CollectFull done
Event: 4317.289 Executing VM operation: G1CollectFull
Event: 4317.348 Executing VM operation: G1CollectFull done
Event: 4327.597 Executing VM operation: G1CollectFull
Event: 4327.655 Executing VM operation: G1CollectFull done
Event: 4338.085 Executing VM operation: G1CollectFull
Event: 4338.149 Executing VM operation: G1CollectFull done
Event: 4350.282 Executing VM operation: G1CollectFull

Events (20 events):
Event: 1542.242 Thread 0x0000019b0e611080 Thread exited: 0x0000019b0e611080
Event: 1542.286 Thread 0x0000019b0e60e060 Thread exited: 0x0000019b0e60e060
Event: 1542.952 Thread 0x0000019b0e94b880 Thread added: 0x0000019b0e94b880
Event: 1549.200 Thread 0x0000019b0e94b880 Thread exited: 0x0000019b0e94b880
Event: 1602.519 Thread 0x0000019b0e60f870 Thread exited: 0x0000019b0e60f870
Event: 1602.968 Thread 0x0000019b0e610bb0 Thread exited: 0x0000019b0e610bb0
Event: 2449.401 Thread 0x0000019b0e610bb0 Thread added: 0x0000019b0e610bb0
Event: 2449.401 Thread 0x0000019b0e60ea00 Thread added: 0x0000019b0e60ea00
Event: 2449.429 Thread 0x0000019b0e60d6c0 Thread added: 0x0000019b0e60d6c0
Event: 2449.429 Thread 0x0000019b0e60ea00 Thread exited: 0x0000019b0e60ea00
Event: 2449.550 Thread 0x0000019b0e60f3a0 Thread added: 0x0000019b0e60f3a0
Event: 2449.604 Thread 0x0000019b0e611080 Thread added: 0x0000019b0e611080
Event: 2449.911 Thread 0x0000019b0e60f3a0 Thread exited: 0x0000019b0e60f3a0
Event: 2450.102 Thread 0x0000019b0e611080 Thread exited: 0x0000019b0e611080
Event: 2450.319 Thread 0x0000019b1089f840 Thread added: 0x0000019b1089f840
Event: 2454.057 Thread 0x0000019b0e611080 Thread added: 0x0000019b0e611080
Event: 2454.072 Thread 0x0000019b0e611080 Thread exited: 0x0000019b0e611080
Event: 2457.312 Thread 0x0000019b1089f840 Thread exited: 0x0000019b1089f840
Event: 2510.105 Thread 0x0000019b0e60d6c0 Thread exited: 0x0000019b0e60d6c0
Event: 2514.061 Thread 0x0000019b0e610bb0 Thread exited: 0x0000019b0e610bb0


Dynamic libraries:
0x00007ff738ec0000 - 0x00007ff738ece000 	c:\Users\Usuario\.vscode\extensions\redhat.java-1.13.0-win32-x64\jre\17.0.5-win32-x86_64\bin\java.exe
0x00007ff861910000 - 0x00007ff861afd000 	C:\Windows\SYSTEM32\ntdll.dll
0x00007ff85f530000 - 0x00007ff85f5e3000 	C:\Windows\System32\KERNEL32.DLL
0x00007ff85dad0000 - 0x00007ff85dd63000 	C:\Windows\System32\KERNELBASE.dll
0x00007ff85e940000 - 0x00007ff85ea3c000 	C:\Windows\System32\ucrtbase.dll
0x00007ff85b880000 - 0x00007ff85b897000 	c:\Users\Usuario\.vscode\extensions\redhat.java-1.13.0-win32-x64\jre\17.0.5-win32-x86_64\bin\jli.dll
0x00007ff85ec10000 - 0x00007ff85eda7000 	C:\Windows\System32\USER32.dll
0x00007ff85dab0000 - 0x00007ff85dad0000 	C:\Windows\System32\win32u.dll
0x00007ff85f500000 - 0x00007ff85f529000 	C:\Windows\System32\GDI32.dll
0x00007ff85dd70000 - 0x00007ff85df0a000 	C:\Windows\System32\gdi32full.dll
0x00007ff85e660000 - 0x00007ff85e700000 	C:\Windows\System32\msvcp_win.dll
0x00007ff855c30000 - 0x00007ff855c49000 	c:\Users\Usuario\.vscode\extensions\redhat.java-1.13.0-win32-x64\jre\17.0.5-win32-x86_64\bin\VCRUNTIME140.dll
0x00007ff84f680000 - 0x00007ff84f8f9000 	C:\Windows\WinSxS\amd64_microsoft.windows.common-controls_6595b64144ccf1df_6.0.17763.1_none_f040600eff408c2d\COMCTL32.dll
0x00007ff85eb70000 - 0x00007ff85ec0e000 	C:\Windows\System32\msvcrt.dll
0x00007ff85fb90000 - 0x00007ff85febe000 	C:\Windows\System32\combase.dll
0x00007ff860020000 - 0x00007ff860143000 	C:\Windows\System32\RPCRT4.dll
0x00007ff85da30000 - 0x00007ff85daae000 	C:\Windows\System32\bcryptPrimitives.dll
0x00007ff8616b0000 - 0x00007ff8616de000 	C:\Windows\System32\IMM32.DLL
0x00007ff857080000 - 0x00007ff85708c000 	c:\Users\Usuario\.vscode\extensions\redhat.java-1.13.0-win32-x64\jre\17.0.5-win32-x86_64\bin\vcruntime140_1.dll
0x00007ff82b5a0000 - 0x00007ff82b631000 	c:\Users\Usuario\.vscode\extensions\redhat.java-1.13.0-win32-x64\jre\17.0.5-win32-x86_64\bin\msvcp140.dll
0x00007ff824c60000 - 0x00007ff8258a4000 	c:\Users\Usuario\.vscode\extensions\redhat.java-1.13.0-win32-x64\jre\17.0.5-win32-x86_64\bin\server\jvm.dll
0x00007ff85fec0000 - 0x00007ff85ff63000 	C:\Windows\System32\ADVAPI32.dll
0x00007ff85faf0000 - 0x00007ff85fb8e000 	C:\Windows\System32\sechost.dll
0x00007ff84c7b0000 - 0x00007ff84c7b9000 	C:\Windows\SYSTEM32\WSOCK32.dll
0x00007ff85edb0000 - 0x00007ff85ee1d000 	C:\Windows\System32\WS2_32.dll
0x00007ff85b810000 - 0x00007ff85b834000 	C:\Windows\SYSTEM32\WINMM.dll
0x00007ff8591c0000 - 0x00007ff8591ca000 	C:\Windows\SYSTEM32\VERSION.dll
0x00007ff85b750000 - 0x00007ff85b77d000 	C:\Windows\SYSTEM32\WINMMBASE.dll
0x00007ff85ea40000 - 0x00007ff85ea8a000 	C:\Windows\System32\cfgmgr32.dll
0x00007ff85d9f0000 - 0x00007ff85da01000 	C:\Windows\System32\kernel.appcore.dll
0x00007ff855d90000 - 0x00007ff855d9a000 	c:\Users\Usuario\.vscode\extensions\redhat.java-1.13.0-win32-x64\jre\17.0.5-win32-x86_64\bin\jimage.dll
0x00007ff84b0b0000 - 0x00007ff84b29d000 	C:\Windows\SYSTEM32\DBGHELP.DLL
0x00007ff84c580000 - 0x00007ff84c5aa000 	C:\Windows\SYSTEM32\dbgcore.DLL
0x00007ff84c4e0000 - 0x00007ff84c505000 	c:\Users\Usuario\.vscode\extensions\redhat.java-1.13.0-win32-x64\jre\17.0.5-win32-x86_64\bin\java.dll
0x00007ff8501c0000 - 0x00007ff8501d8000 	c:\Users\Usuario\.vscode\extensions\redhat.java-1.13.0-win32-x64\jre\17.0.5-win32-x86_64\bin\zip.dll
0x00007ff860150000 - 0x00007ff86163f000 	C:\Windows\System32\SHELL32.dll
0x00007ff85ff70000 - 0x00007ff860018000 	C:\Windows\System32\shcore.dll
0x00007ff85df10000 - 0x00007ff85e658000 	C:\Windows\System32\windows.storage.dll
0x00007ff85d940000 - 0x00007ff85d964000 	C:\Windows\System32\profapi.dll
0x00007ff85d990000 - 0x00007ff85d9ed000 	C:\Windows\System32\powrprof.dll
0x00007ff85f2c0000 - 0x00007ff85f312000 	C:\Windows\System32\shlwapi.dll
0x00007ff85da10000 - 0x00007ff85da27000 	C:\Windows\System32\cryptsp.dll
0x00007ff847a70000 - 0x00007ff847a89000 	C:\Users\Usuario\.vscode\extensions\redhat.java-1.13.0-win32-x64\jre\17.0.5-win32-x86_64\bin\net.dll
0x00007ff857440000 - 0x00007ff857531000 	C:\Windows\SYSTEM32\WINHTTP.dll
0x00007ff85d170000 - 0x00007ff85d1d7000 	C:\Windows\system32\mswsock.dll
0x00007ff847a50000 - 0x00007ff847a65000 	C:\Users\Usuario\.vscode\extensions\redhat.java-1.13.0-win32-x64\jre\17.0.5-win32-x86_64\bin\nio.dll
0x00007ff855be0000 - 0x00007ff855bf0000 	c:\Users\Usuario\.vscode\extensions\redhat.java-1.13.0-win32-x64\jre\17.0.5-win32-x86_64\bin\verify.dll
0x00007ff85b900000 - 0x00007ff85b909000 	C:\Users\Usuario\.vscode\extensions\redhat.java-1.13.0-win32-x64\jre\17.0.5-win32-x86_64\bin\management.dll
0x00007ff85a120000 - 0x00007ff85a12b000 	C:\Users\Usuario\.vscode\extensions\redhat.java-1.13.0-win32-x64\jre\17.0.5-win32-x86_64\bin\management_ext.dll
0x00007ff861640000 - 0x00007ff861648000 	C:\Windows\System32\PSAPI.DLL
0x00007ff8466b0000 - 0x00007ff8466c6000 	C:\Windows\system32\napinsp.dll
0x00007ff846690000 - 0x00007ff8466aa000 	C:\Windows\system32\pnrpnsp.dll
0x00007ff85cf10000 - 0x00007ff85cfd6000 	C:\Windows\SYSTEM32\DNSAPI.dll
0x00007ff85f280000 - 0x00007ff85f288000 	C:\Windows\System32\NSI.dll
0x00007ff85ced0000 - 0x00007ff85cf0d000 	C:\Windows\SYSTEM32\IPHLPAPI.DLL
0x00007ff84d430000 - 0x00007ff84d43e000 	C:\Windows\System32\winrnr.dll
0x00007ff859fd0000 - 0x00007ff859feb000 	C:\Windows\system32\NLAapi.dll
0x00007ff84d410000 - 0x00007ff84d425000 	C:\Windows\system32\wshbth.dll
0x000000006bea0000 - 0x000000006bec6000 	C:\Program Files\Bonjour\mdnsNSP.dll
0x00007ff84ec40000 - 0x00007ff84ec4a000 	C:\Windows\System32\rasadhlp.dll
0x00007ff84fee0000 - 0x00007ff84ff59000 	C:\Windows\System32\fwpuclnt.dll
0x00007ff85eb40000 - 0x00007ff85eb66000 	C:\Windows\System32\bcrypt.dll
0x00007ff85cd30000 - 0x00007ff85cd63000 	C:\Windows\system32\rsaenh.dll
0x00007ff85d870000 - 0x00007ff85d898000 	C:\Windows\SYSTEM32\USERENV.dll
0x00007ff85d340000 - 0x00007ff85d34c000 	C:\Windows\SYSTEM32\CRYPTBASE.dll
0x00007ff852190000 - 0x00007ff8521a6000 	C:\Windows\SYSTEM32\dhcpcsvc6.DLL
0x00007ff854900000 - 0x00007ff85491c000 	C:\Windows\SYSTEM32\dhcpcsvc.DLL

dbghelp: loaded successfully - version: 4.0.5 - missing functions: none
symbol engine: initialized successfully - sym options: 0x614 - pdb path: .;c:\Users\Usuario\.vscode\extensions\redhat.java-1.13.0-win32-x64\jre\17.0.5-win32-x86_64\bin;C:\Windows\SYSTEM32;C:\Windows\WinSxS\amd64_microsoft.windows.common-controls_6595b64144ccf1df_6.0.17763.1_none_f040600eff408c2d;c:\Users\Usuario\.vscode\extensions\redhat.java-1.13.0-win32-x64\jre\17.0.5-win32-x86_64\bin\server;C:\Program Files\Bonjour

VM Arguments:
jvm_args: -Dsts.lsp.client=vscode -Dsts.log.file=/dev/null -XX:TieredStopAtLevel=1 -Xlog:jni+resolve=off -Dspring.config.location=file:c:\Users\Usuario\.vscode\extensions\pivotal.vscode-spring-boot-1.40.0\language-server\BOOT-INF\classes\application.properties 
java_command: org.springframework.ide.vscode.boot.app.BootLanguageServerBootApp
java_class_path (initial): c:\Users\Usuario\.vscode\extensions\pivotal.vscode-spring-boot-1.40.0\language-server\BOOT-INF\classes;c:\Users\Usuario\.vscode\extensions\pivotal.vscode-spring-boot-1.40.0\language-server\BOOT-INF\lib\annotations-23.0.0.jar;c:\Users\Usuario\.vscode\extensions\pivotal.vscode-spring-boot-1.40.0\language-server\BOOT-INF\lib\ant-1.10.12.jar;c:\Users\Usuario\.vscode\extensions\pivotal.vscode-spring-boot-1.40.0\language-server\BOOT-INF\lib\ant-launcher-1.10.12.jar;c:\Users\Usuario\.vscode\extensions\pivotal.vscode-spring-boot-1.40.0\language-server\BOOT-INF\lib\antlr-runtime-3.5.2.jar;c:\Users\Usuario\.vscode\extensions\pivotal.vscode-spring-boot-1.40.0\language-server\BOOT-INF\lib\antlr4-4.9.3.jar;c:\Users\Usuario\.vscode\extensions\pivotal.vscode-spring-boot-1.40.0\language-server\BOOT-INF\lib\antlr4-runtime-4.9.3.jar;c:\Users\Usuario\.vscode\extensions\pivotal.vscode-spring-boot-1.40.0\language-server\BOOT-INF\lib\asm-9.3.jar;c:\Users\Usuario\.vscode\extensions\pivotal.vscode-spring-boot-1.40.0\language-server\BOOT-INF\lib\asm-analysis-9.3.jar;c:\Users\Usuario\.vscode\extensions\pivotal.vscode-spring-boot-1.40.0\language-server\BOOT-INF\lib\asm-tree-9.3.jar;c:\Users\Usuario\.vscode\extensions\pivotal.vscode-spring-boot-1.40.0\language-server\BOOT-INF\lib\asm-util-9.3.jar;c:\Users\Usuario\.vscode\extensions\pivotal.vscode-spring-boot-1.40.0\language-server\BOOT-INF\lib\byte-buddy-1.12.13.jar;c:\Users\Usuario\.vscode\extensions\pivotal.vscode-spring-boot-1.40.0\language-server\BOOT-INF\lib\caffeine-2.9.3.jar;c:\Users\Usuario\.vscode\extensions\pivotal.vscode-spring-boot-1.40.0\language-server\BOOT-INF\lib\checker-qual-3.12.0.jar;c:\Users\Usuario\.vscode\extensions\pivotal.vscode-spring-boot-1.40.0\language-server\BOOT-INF\lib\classgraph-4.8.149.jar;c:\Users\Usuario\.vscode\extensions\pivotal.vscode-spring-boot-1.40.0\language-server\BOOT-INF\lib\commons-codec-1.15.jar;c:\Users\Usuario\.vscode\extensions\pivotal.vscode-spring-boot-1.40.0\lang
Launcher Type: SUN_STANDARD

[Global flags]
     intx CICompilerCount                          = 2                                         {product} {ergonomic}
     uint ConcGCThreads                            = 1                                         {product} {ergonomic}
     uint G1ConcRefinementThreads                  = 2                                         {product} {ergonomic}
   size_t G1HeapRegionSize                         = 1048576                                   {product} {ergonomic}
    uintx GCDrainStackTargetSize                   = 64                                        {product} {ergonomic}
   size_t InitialHeapSize                          = 117440512                                 {product} {ergonomic}
   size_t MarkStackSize                            = 4194304                                   {product} {ergonomic}
   size_t MaxHeapSize                              = 1864368128                                {product} {ergonomic}
   size_t MaxNewSize                               = 1117782016                                {product} {ergonomic}
   size_t MinHeapDeltaBytes                        = 1048576                                   {product} {ergonomic}
   size_t MinHeapSize                              = 8388608                                   {product} {ergonomic}
    uintx NonProfiledCodeHeapSize                  = 0                                      {pd product} {ergonomic}
     bool ProfileInterpreter                       = false                                  {pd product} {command line}
    uintx ProfiledCodeHeapSize                     = 0                                      {pd product} {ergonomic}
   size_t SoftMaxHeapSize                          = 1864368128                             {manageable} {ergonomic}
     intx TieredStopAtLevel                        = 1                                         {product} {command line}
     bool UseCompressedClassPointers               = true                           {product lp64_product} {ergonomic}
     bool UseCompressedOops                        = true                           {product lp64_product} {ergonomic}
     bool UseG1GC                                  = true                                      {product} {ergonomic}
     bool UseLargePagesIndividualAllocation        = false                                  {pd product} {ergonomic}

Logging:
Log output configuration:
 #0: stdout all=warning,jni+resolve=off uptime,level,tags
 #1: stderr all=off uptime,level,tags

Environment Variables:
JAVA_HOME=C:\Program Files\Java\jdk1.8.0_111
PATH=C:\oraclexe\app\oracle\product\11.2.0\server\bin;;C:\Program Files\Common Files\Oracle\Java\javapath;C:\Program Files (x86)\NVIDIA Corporation\PhysX\Common;C:\Program Files (x86)\Common Files\Oracle\Java\javapath;C:\ProgramData\Oracle\Java\javapath;C:\Program Files\Eclipse Adoptium\jre-8.0.312.7-hotspot\bin;C:\Windows\system32;C:\Windows;C:\Windows\System32\Wbem;C:\Windows\System32\WindowsPowerShell\v1.0\;C:\Windows\System32\OpenSSH\;C:\Program Files\Microsoft SQL Server\150\Tools\Binn\;C:\Program Files\Java\jdk1.8.0_111\;C:\Program Files\Git\cmd;C:\Program Files (x86)\Windows Kits\8.1\Windows Performance Toolkit\;C:\Program Files\Microsoft SQL Server\110\Tools\Binn\;C:\Program Files (x86)\ATI Technologies\ATI.ACE\Core-Static;C:\Program Files\Java\apache-maven-3.8.2\bin;C:\Program Files\Java\jdk1.8.0_111\bin;C:\Program Files\Java\jre1.8.0_321\bin;C:\Program Files\nodejs\;C:\Program Files\Microsoft SQL Server\130\Tools\Binn\;c:\Program Files (x86)\Microsoft SQL Server\100\Tools\Binn\;c:\Program Files\Microsoft SQL Server\100\Tools\Binn\;c:\Program Files\Microsoft SQL Server\100\DTS\Binn\;c:\Program Files (x86)\Microsoft SQL Server\100\Tools\Binn\VSShell\Common7\IDE\;c:\Program Files (x86)\Microsoft Visual Studio 9.0\Common7\IDE\PrivateAssemblies\;c:\Program Files (x86)\Microsoft SQL Server\100\DTS\Binn\;C:\Program Files\Microsoft SQL Server\120\Tools\Binn\;C:\Program Files\MySQL\MySQL Shell 8.0\bin\;C:\Users\Usuario\AppData\Local\Microsoft\WindowsApps;C:\Users\Usuario\AppData\Local\Programs\Microsoft VS Code\bin;C:\Users\Usuario\AppData\Roaming\npm
USERNAME=Usuario
OS=Windows_NT
PROCESSOR_IDENTIFIER=AMD64 Family 21 Model 19 Stepping 1, AuthenticAMD
TMP=C:\Users\Usuario\AppData\Local\Temp
TEMP=C:\Users\Usuario\AppData\Local\Temp



---------------  S Y S T E M  ---------------

OS:
 Windows 10 , 64 bit Build 17763 (10.0.17763.1)
OS uptime: 2 days 21:11 hours

CPU: total 2 (initial active 2) (2 cores per cpu, 1 threads per core) family 21 model 19 stepping 1 microcode 0x0, cx8, cmov, fxsr, mmx, 3dnowpref, sse, sse2, sse3, ssse3, sse4a, sse4.1, sse4.2, popcnt, lzcnt, tsc, tscinvbit, avx, aes, clmul, bmi1, fma, vzeroupper, clflush

Memory: 4k page, system-wide physical 7108M (737M free)
TotalPageFile size 11204M (AvailPageFile size 5M)
current process WorkingSet (physical memory assigned to process): 167M, peak: 867M
current process commit charge ("private bytes"): 267M, peak: 866M

vm_info: OpenJDK 64-Bit Server VM (17.0.5+8) for windows-amd64 JRE (17.0.5+8), built on Oct 19 2022 04:48:13 by "temurin" with MS VC++ 16.7 (VS2019)

END.
