#
# There is insufficient memory for the Java Runtime Environment to continue.
# Native memory allocation (malloc) failed to allocate 1048576 bytes for AllocateHeap
# Possible reasons:
#   The system is out of physical RAM or swap space
#   The process is running with CompressedOops enabled, and the Java Heap may be blocking the growth of the native heap
# Possible solutions:
#   Reduce memory load on the system
#   Increase physical memory or swap space
#   Check if swap backing store is full
#   Decrease Java heap size (-Xmx/-Xms)
#   Decrease number of Java threads
#   Decrease Java thread stack sizes (-Xss)
#   Set larger code cache with -XX:ReservedCodeCacheSize=
#   JVM is running with Unscaled Compressed Oops mode in which the Java heap is
#     placed in the first 4GB address space. The Java Heap base address is the
#     maximum limit for the native heap growth. Please use -XX:HeapBaseMinAddress
#     to set the Java Heap base and to place the Java Heap above 4GB virtual address.
# This output file may be truncated or incomplete.
#
#  Out of Memory Error (allocation.cpp:44), pid=138308, tid=193756
#
# JRE version: OpenJDK Runtime Environment Temurin-17.0.5+8 (17.0.5+8) (build 17.0.5+8)
# Java VM: OpenJDK 64-Bit Server VM Temurin-17.0.5+8 (17.0.5+8, mixed mode, emulated-client, tiered, compressed oops, compressed class ptrs, g1 gc, windows-amd64)
# No core dump will be written. Minidumps are not enabled by default on client versions of Windows
#

---------------  S U M M A R Y ------------

Command Line: -Dsts.lsp.client=vscode -Dsts.log.file=/dev/null -XX:TieredStopAtLevel=1 -Xlog:jni+resolve=off -Dspring.config.location=file:c:\Users\Usuario\.vscode\extensions\pivotal.vscode-spring-boot-1.40.0\language-server\BOOT-INF\classes\application.properties org.springframework.ide.vscode.boot.app.BootLanguageServerBootApp

Host: AMD A4-6300 APU with Radeon(tm) HD Graphics    , 2 cores, 6G,  Windows 10 , 64 bit Build 17763 (10.0.17763.1)
Time: Mon Dec  5 15:26:15 2022 Hora estándar de Argentina elapsed time: 599.590508 seconds (0d 0h 9m 59s)

---------------  T H R E A D  ---------------

Current thread (0x0000016c992ed570):  VMThread "VM Thread" [stack: 0x0000001221700000,0x0000001221800000] [id=193756]

Stack: [0x0000001221700000,0x0000001221800000]
Native frames: (J=compiled Java code, j=interpreted, Vv=VM code, C=native code)
V  [jvm.dll+0x676b3a]
V  [jvm.dll+0x831444]
V  [jvm.dll+0x832bee]
V  [jvm.dll+0x833253]
V  [jvm.dll+0x244ce5]
V  [jvm.dll+0xa631f]
V  [jvm.dll+0x2f4f03]
V  [jvm.dll+0x2f0c10]
V  [jvm.dll+0x2d92f7]
V  [jvm.dll+0x31c3b7]
V  [jvm.dll+0x8376fb]
V  [jvm.dll+0x838434]
V  [jvm.dll+0x83894c]
V  [jvm.dll+0x838d24]
V  [jvm.dll+0x838df0]
V  [jvm.dll+0x7e17ea]
V  [jvm.dll+0x6759e5]
C  [ucrtbase.dll+0x203ba]
C  [KERNEL32.DLL+0x17e94]
C  [ntdll.dll+0x67ad1]

VM_Operation (0x00000012224fecc0): G1CollectFull, mode: safepoint, requested by thread 0x0000016c9bb9c4f0


---------------  P R O C E S S  ---------------

Threads class SMR info:
_java_thread_list=0x0000016c9bee13d0, length=21, elements={
0x0000016c99305740, 0x0000016c993064c0, 0x0000016c993316d0, 0x0000016c99332250,
0x0000016c99333b20, 0x0000016c993343e0, 0x0000016c993460c0, 0x0000016c99d40430,
0x0000016c99f165c0, 0x0000016c99f16ed0, 0x0000016c9a8fbc10, 0x0000016c9bb9c4f0,
0x0000016c9b920d10, 0x0000016c8d526af0, 0x0000016c9a8ce7e0, 0x0000016c9b75e060,
0x0000016c9b75e530, 0x0000016c9b75ea00, 0x0000016c9b7968f0, 0x0000016c9bb6c3c0,
0x0000016c9bbdc8c0
}

Java Threads: ( => current thread )
  0x0000016c99305740 JavaThread "Reference Handler" daemon [_thread_blocked, id=194120, stack(0x0000001221800000,0x0000001221900000)]
  0x0000016c993064c0 JavaThread "Finalizer" daemon [_thread_blocked, id=193632, stack(0x0000001221900000,0x0000001221a00000)]
  0x0000016c993316d0 JavaThread "Signal Dispatcher" daemon [_thread_blocked, id=191216, stack(0x0000001221a00000,0x0000001221b00000)]
  0x0000016c99332250 JavaThread "Attach Listener" daemon [_thread_blocked, id=142180, stack(0x0000001221b00000,0x0000001221c00000)]
  0x0000016c99333b20 JavaThread "Service Thread" daemon [_thread_blocked, id=193364, stack(0x0000001221c00000,0x0000001221d00000)]
  0x0000016c993343e0 JavaThread "Monitor Deflation Thread" daemon [_thread_blocked, id=191916, stack(0x0000001221d00000,0x0000001221e00000)]
  0x0000016c993460c0 JavaThread "C1 CompilerThread0" daemon [_thread_blocked, id=193556, stack(0x0000001221e00000,0x0000001221f00000)]
  0x0000016c99d40430 JavaThread "Sweeper thread" daemon [_thread_blocked, id=193704, stack(0x0000001221f00000,0x0000001222000000)]
  0x0000016c99f165c0 JavaThread "Notification Thread" daemon [_thread_blocked, id=189944, stack(0x0000001222000000,0x0000001222100000)]
  0x0000016c99f16ed0 JavaThread "Common-Cleaner" daemon [_thread_blocked, id=183084, stack(0x0000001222200000,0x0000001222300000)]
  0x0000016c9a8fbc10 JavaThread "boundedElastic-evictor-1" daemon [_thread_blocked, id=192264, stack(0x0000001222500000,0x0000001222600000)]
  0x0000016c9bb9c4f0 JavaThread "pool-9-thread-1" [_thread_blocked, id=172332, stack(0x0000001222400000,0x0000001222500000)]
  0x0000016c9b920d10 JavaThread "LanguageServerApp-lifecycle" [_thread_blocked, id=193292, stack(0x0000001222600000,0x0000001222700000)]
  0x0000016c8d526af0 JavaThread "DestroyJavaVM" [_thread_blocked, id=194524, stack(0x0000001221000000,0x0000001221100000)]
  0x0000016c9a8ce7e0 JavaThread "pool-10-thread-1" [_thread_in_native, id=193784, stack(0x0000001222700000,0x0000001222800000)]
  0x0000016c9b75e060 JavaThread "Simple-Language-Server main thread" daemon [_thread_blocked, id=193708, stack(0x0000001222800000,0x0000001222900000)]
  0x0000016c9b75e530 JavaThread "pool-7-thread-1" [_thread_blocked, id=194000, stack(0x0000001222900000,0x0000001222a00000)]
  0x0000016c9b75ea00 JavaThread "parallel-1" daemon [_thread_blocked, id=193484, stack(0x0000001222a00000,0x0000001222b00000)]
  0x0000016c9b7968f0 JavaThread "Reconciler-1" daemon [_thread_blocked, id=194532, stack(0x0000001222c00000,0x0000001222d00000)]
  0x0000016c9bb6c3c0 JavaThread "parallel-2" daemon [_thread_blocked, id=193040, stack(0x0000001222f00000,0x0000001223000000)]
  0x0000016c9bbdc8c0 JavaThread "pool-5-thread-1" [_thread_blocked, id=141464, stack(0x0000001223a00000,0x0000001223b00000)]

Other Threads:
=>0x0000016c992ed570 VMThread "VM Thread" [stack: 0x0000001221700000,0x0000001221800000] [id=193756]
  0x0000016c99f16a90 WatcherThread [stack: 0x0000001222100000,0x0000001222200000] [id=189344]
  0x0000016c8d57b1d0 GCTaskThread "GC Thread#0" [stack: 0x0000001221200000,0x0000001221300000] [id=188564]
  0x0000016c9a04e610 GCTaskThread "GC Thread#1" [stack: 0x0000001222300000,0x0000001222400000] [id=182368]
  0x0000016c8d589e60 ConcurrentGCThread "G1 Main Marker" [stack: 0x0000001221300000,0x0000001221400000] [id=191480]
  0x0000016c8d58a780 ConcurrentGCThread "G1 Conc#0" [stack: 0x0000001221400000,0x0000001221500000] [id=194324]
  0x0000016c8d5d3680 ConcurrentGCThread "G1 Refine#0" [stack: 0x0000001221500000,0x0000001221600000] [id=192208]
  0x0000016c9bd5b9e0 ConcurrentGCThread "G1 Refine#1" [stack: 0x0000001223d00000,0x0000001223e00000] [id=194104]
  0x0000016c8d5d3fb0 ConcurrentGCThread "G1 Service" [stack: 0x0000001221600000,0x0000001221700000] [id=193324]

Threads with active compile tasks:

VM state: at safepoint (normal execution)

VM Mutex/Monitor currently owned by a thread:  ([mutex/lock_event])
[0x0000016c8b47d770] Threads_lock - owner thread: 0x0000016c992ed570
[0x0000016c8d524e60] Heap_lock - owner thread: 0x0000016c9bb9c4f0

Heap address: 0x0000000090e00000, size: 1778 MB, Compressed Oops mode: 32-bit

CDS archive(s) not mapped
Compressed class space mapped at: 0x0000000100000000-0x0000000140000000, reserved size: 1073741824
Narrow klass base: 0x0000000000000000, Narrow klass shift: 3, Narrow klass range: 0x140000000

GC Precious Log:
 CPUs: 2 total, 2 available
 Memory: 7108M
 Large Page Support: Disabled
 NUMA Support: Disabled
 Compressed Oops: Enabled (32-bit)
 Heap Region Size: 1M
 Heap Min Capacity: 8M
 Heap Initial Capacity: 112M
 Heap Max Capacity: 1778M
 Pre-touch: Disabled
 Parallel Workers: 2
 Concurrent Workers: 1
 Concurrent Refinement Workers: 2
 Periodic GC: Disabled

Heap:
 garbage-first heap   total 122880K, used 36626K [0x0000000090e00000, 0x0000000100000000)
  region size 1024K, 1 young (1024K), 0 survivors (0K)
 Metaspace       used 54094K, committed 54656K, reserved 1097728K
  class space    used 7166K, committed 7424K, reserved 1048576K

Heap Regions: E=young(eden), S=young(survivor), O=old, HS=humongous(starts), HC=humongous(continues), CS=collection set, F=free, OA=open archive, CA=closed archive, TAMS=top-at-mark-start (previous, next)
|   0|0x0000000090e00000, 0x0000000090efffe0, 0x0000000090f00000| 99%| O|  |TAMS 0x0000000090efffe0, 0x0000000090e00000| Untracked 
|   1|0x0000000090f00000, 0x0000000091000000, 0x0000000091000000|100%| O|  |TAMS 0x0000000091000000, 0x0000000090f00000| Untracked 
|   2|0x0000000091000000, 0x0000000091100000, 0x0000000091100000|100%| O|  |TAMS 0x0000000091100000, 0x0000000091000000| Untracked 
|   3|0x0000000091100000, 0x00000000911ffff8, 0x0000000091200000| 99%| O|  |TAMS 0x00000000911ffff8, 0x0000000091100000| Untracked 
|   4|0x0000000091200000, 0x0000000091300000, 0x0000000091300000|100%| O|  |TAMS 0x0000000091300000, 0x0000000091200000| Untracked 
|   5|0x0000000091300000, 0x0000000091400000, 0x0000000091400000|100%| O|  |TAMS 0x0000000091400000, 0x0000000091300000| Untracked 
|   6|0x0000000091400000, 0x00000000914ffff0, 0x0000000091500000| 99%| O|  |TAMS 0x00000000914ffff0, 0x0000000091400000| Untracked 
|   7|0x0000000091500000, 0x00000000915ffff8, 0x0000000091600000| 99%| O|  |TAMS 0x00000000915ffff8, 0x0000000091500000| Untracked 
|   8|0x0000000091600000, 0x0000000091700000, 0x0000000091700000|100%| O|  |TAMS 0x0000000091700000, 0x0000000091600000| Untracked 
|   9|0x0000000091700000, 0x00000000917ffff0, 0x0000000091800000| 99%| O|  |TAMS 0x00000000917ffff0, 0x0000000091700000| Untracked 
|  10|0x0000000091800000, 0x00000000918fffc0, 0x0000000091900000| 99%| O|  |TAMS 0x00000000918fffc0, 0x0000000091800000| Untracked 
|  11|0x0000000091900000, 0x00000000919fa748, 0x0000000091a00000| 97%| O|  |TAMS 0x00000000919fa748, 0x0000000091900000| Untracked 
|  12|0x0000000091a00000, 0x0000000091affff8, 0x0000000091b00000| 99%| O|  |TAMS 0x0000000091affff8, 0x0000000091a00000| Untracked 
|  13|0x0000000091b00000, 0x0000000091bfffd0, 0x0000000091c00000| 99%| O|  |TAMS 0x0000000091bfffd0, 0x0000000091b00000| Untracked 
|  14|0x0000000091c00000, 0x0000000091d00000, 0x0000000091d00000|100%| O|  |TAMS 0x0000000091d00000, 0x0000000091c00000| Untracked 
|  15|0x0000000091d00000, 0x0000000091dfffc0, 0x0000000091e00000| 99%| O|  |TAMS 0x0000000091dfffc0, 0x0000000091d00000| Untracked 
|  16|0x0000000091e00000, 0x0000000091efffd0, 0x0000000091f00000| 99%| O|  |TAMS 0x0000000091efffd0, 0x0000000091e00000| Untracked 
|  17|0x0000000091f00000, 0x0000000091ffffe8, 0x0000000092000000| 99%| O|  |TAMS 0x0000000091ffffe8, 0x0000000091f00000| Untracked 
|  18|0x0000000092000000, 0x00000000920ffff0, 0x0000000092100000| 99%| O|  |TAMS 0x00000000920ffff0, 0x0000000092000000| Untracked 
|  19|0x0000000092100000, 0x00000000921ffff8, 0x0000000092200000| 99%| O|  |TAMS 0x00000000921ffff8, 0x0000000092100000| Untracked 
|  20|0x0000000092200000, 0x00000000922ffff0, 0x0000000092300000| 99%| O|  |TAMS 0x00000000922ffff0, 0x0000000092200000| Untracked 
|  21|0x0000000092300000, 0x00000000923d1898, 0x0000000092400000| 81%| O|  |TAMS 0x0000000092300000, 0x0000000092300000| Untracked 
|  22|0x0000000092400000, 0x00000000924f8ae8, 0x0000000092500000| 97%| O|  |TAMS 0x00000000924f8ae8, 0x0000000092400000| Untracked 
|  23|0x0000000092500000, 0x0000000092500000, 0x0000000092600000|  0%| F|  |TAMS 0x0000000092500000, 0x0000000092500000| Untracked 
|  24|0x0000000092600000, 0x0000000092600000, 0x0000000092700000|  0%| F|  |TAMS 0x0000000092600000, 0x0000000092600000| Untracked 
|  25|0x0000000092700000, 0x00000000927ffff8, 0x0000000092800000| 99%| O|  |TAMS 0x00000000927ffff8, 0x0000000092700000| Untracked 
|  26|0x0000000092800000, 0x0000000092800000, 0x0000000092900000|  0%| F|  |TAMS 0x0000000092800000, 0x0000000092800000| Untracked 
|  27|0x0000000092900000, 0x00000000929ffff8, 0x0000000092a00000| 99%| O|  |TAMS 0x00000000929ffff8, 0x0000000092900000| Untracked 
|  28|0x0000000092a00000, 0x0000000092a00000, 0x0000000092b00000|  0%| F|  |TAMS 0x0000000092a00000, 0x0000000092a00000| Untracked 
|  29|0x0000000092b00000, 0x0000000092b00000, 0x0000000092c00000|  0%| F|  |TAMS 0x0000000092b00000, 0x0000000092b00000| Untracked 
|  30|0x0000000092c00000, 0x0000000092c00000, 0x0000000092d00000|  0%| F|  |TAMS 0x0000000092c00000, 0x0000000092c00000| Untracked 
|  31|0x0000000092d00000, 0x0000000092d00000, 0x0000000092e00000|  0%| F|  |TAMS 0x0000000092d00000, 0x0000000092d00000| Untracked 
|  32|0x0000000092e00000, 0x0000000092e00000, 0x0000000092f00000|  0%| F|  |TAMS 0x0000000092e00000, 0x0000000092e00000| Untracked 
|  33|0x0000000092f00000, 0x0000000092f00000, 0x0000000093000000|  0%| F|  |TAMS 0x0000000092f00000, 0x0000000092f00000| Untracked 
|  34|0x0000000093000000, 0x0000000093100000, 0x0000000093100000|100%|HS|  |TAMS 0x0000000093100000, 0x0000000093000000| Untracked 
|  35|0x0000000093100000, 0x0000000093200000, 0x0000000093200000|100%|HC|  |TAMS 0x0000000093200000, 0x0000000093100000| Untracked 
|  36|0x0000000093200000, 0x0000000093300000, 0x0000000093300000|100%|HS|  |TAMS 0x0000000093300000, 0x0000000093200000| Untracked 
|  37|0x0000000093300000, 0x0000000093400000, 0x0000000093400000|100%|HS|  |TAMS 0x0000000093400000, 0x0000000093300000| Untracked 
|  38|0x0000000093400000, 0x0000000093400000, 0x0000000093500000|  0%| F|  |TAMS 0x0000000093400000, 0x0000000093400000| Untracked 
|  39|0x0000000093500000, 0x0000000093500000, 0x0000000093600000|  0%| F|  |TAMS 0x0000000093500000, 0x0000000093500000| Untracked 
|  40|0x0000000093600000, 0x0000000093600000, 0x0000000093700000|  0%| F|  |TAMS 0x0000000093600000, 0x0000000093600000| Untracked 
|  41|0x0000000093700000, 0x0000000093800000, 0x0000000093800000|100%| O|  |TAMS 0x0000000093800000, 0x0000000093700000| Untracked 
|  42|0x0000000093800000, 0x0000000093800000, 0x0000000093900000|  0%| F|  |TAMS 0x0000000093800000, 0x0000000093800000| Untracked 
|  43|0x0000000093900000, 0x0000000093900000, 0x0000000093a00000|  0%| F|  |TAMS 0x0000000093900000, 0x0000000093900000| Untracked 
|  44|0x0000000093a00000, 0x0000000093b00000, 0x0000000093b00000|100%| O|  |TAMS 0x0000000093b00000, 0x0000000093a00000| Untracked 
|  45|0x0000000093b00000, 0x0000000093c00000, 0x0000000093c00000|100%| O|  |TAMS 0x0000000093c00000, 0x0000000093b00000| Untracked 
|  46|0x0000000093c00000, 0x0000000093d00000, 0x0000000093d00000|100%| O|  |TAMS 0x0000000093d00000, 0x0000000093c00000| Untracked 
|  47|0x0000000093d00000, 0x0000000093d00000, 0x0000000093e00000|  0%| F|  |TAMS 0x0000000093d00000, 0x0000000093d00000| Untracked 
|  48|0x0000000093e00000, 0x0000000093e00000, 0x0000000093f00000|  0%| F|  |TAMS 0x0000000093e00000, 0x0000000093e00000| Untracked 
|  49|0x0000000093f00000, 0x0000000093f00000, 0x0000000094000000|  0%| F|  |TAMS 0x0000000093f00000, 0x0000000093f00000| Untracked 
|  50|0x0000000094000000, 0x0000000094000000, 0x0000000094100000|  0%| F|  |TAMS 0x0000000094000000, 0x0000000094000000| Untracked 
|  51|0x0000000094100000, 0x0000000094100000, 0x0000000094200000|  0%| F|  |TAMS 0x0000000094100000, 0x0000000094100000| Untracked 
|  52|0x0000000094200000, 0x0000000094200000, 0x0000000094300000|  0%| F|  |TAMS 0x0000000094200000, 0x0000000094200000| Untracked 
|  53|0x0000000094300000, 0x0000000094300000, 0x0000000094400000|  0%| F|  |TAMS 0x0000000094300000, 0x0000000094300000| Untracked 
|  54|0x0000000094400000, 0x0000000094400000, 0x0000000094500000|  0%| F|  |TAMS 0x0000000094400000, 0x0000000094400000| Untracked 
|  55|0x0000000094500000, 0x0000000094500000, 0x0000000094600000|  0%| F|  |TAMS 0x0000000094500000, 0x0000000094500000| Untracked 
|  56|0x0000000094600000, 0x0000000094600000, 0x0000000094700000|  0%| F|  |TAMS 0x0000000094600000, 0x0000000094600000| Untracked 
|  57|0x0000000094700000, 0x0000000094700000, 0x0000000094800000|  0%| F|  |TAMS 0x0000000094700000, 0x0000000094700000| Untracked 
|  58|0x0000000094800000, 0x0000000094800000, 0x0000000094900000|  0%| F|  |TAMS 0x0000000094800000, 0x0000000094800000| Untracked 
|  59|0x0000000094900000, 0x0000000094900000, 0x0000000094a00000|  0%| F|  |TAMS 0x0000000094900000, 0x0000000094900000| Untracked 
|  60|0x0000000094a00000, 0x0000000094a00000, 0x0000000094b00000|  0%| F|  |TAMS 0x0000000094a00000, 0x0000000094a00000| Untracked 
|  61|0x0000000094b00000, 0x0000000094b00000, 0x0000000094c00000|  0%| F|  |TAMS 0x0000000094b00000, 0x0000000094b00000| Untracked 
|  62|0x0000000094c00000, 0x0000000094d00000, 0x0000000094d00000|100%| O|  |TAMS 0x0000000094d00000, 0x0000000094c00000| Untracked 
|  63|0x0000000094d00000, 0x0000000094d00000, 0x0000000094e00000|  0%| F|  |TAMS 0x0000000094d00000, 0x0000000094d00000| Untracked 
|  64|0x0000000094e00000, 0x0000000094f00000, 0x0000000094f00000|100%| O|  |TAMS 0x0000000094f00000, 0x0000000094e00000| Untracked 
|  65|0x0000000094f00000, 0x0000000095000000, 0x0000000095000000|100%| O|  |TAMS 0x0000000095000000, 0x0000000094f00000| Untracked 
|  66|0x0000000095000000, 0x0000000095000000, 0x0000000095100000|  0%| F|  |TAMS 0x0000000095000000, 0x0000000095000000| Untracked 
|  67|0x0000000095100000, 0x0000000095100000, 0x0000000095200000|  0%| F|  |TAMS 0x0000000095100000, 0x0000000095100000| Untracked 
|  68|0x0000000095200000, 0x0000000095200000, 0x0000000095300000|  0%| F|  |TAMS 0x0000000095200000, 0x0000000095200000| Untracked 
|  69|0x0000000095300000, 0x0000000095300000, 0x0000000095400000|  0%| F|  |TAMS 0x0000000095300000, 0x0000000095300000| Untracked 
|  70|0x0000000095400000, 0x0000000095400000, 0x0000000095500000|  0%| F|  |TAMS 0x0000000095400000, 0x0000000095400000| Untracked 
|  71|0x0000000095500000, 0x0000000095500000, 0x0000000095600000|  0%| F|  |TAMS 0x0000000095500000, 0x0000000095500000| Untracked 
|  72|0x0000000095600000, 0x0000000095600000, 0x0000000095700000|  0%| F|  |TAMS 0x0000000095600000, 0x0000000095600000| Untracked 
|  73|0x0000000095700000, 0x0000000095700000, 0x0000000095800000|  0%| F|  |TAMS 0x0000000095700000, 0x0000000095700000| Untracked 
|  74|0x0000000095800000, 0x0000000095800000, 0x0000000095900000|  0%| F|  |TAMS 0x0000000095800000, 0x0000000095800000| Untracked 
|  75|0x0000000095900000, 0x0000000095900000, 0x0000000095a00000|  0%| F|  |TAMS 0x0000000095900000, 0x0000000095900000| Untracked 
|  76|0x0000000095a00000, 0x0000000095a00000, 0x0000000095b00000|  0%| F|  |TAMS 0x0000000095a00000, 0x0000000095a00000| Untracked 
|  77|0x0000000095b00000, 0x0000000095b00000, 0x0000000095c00000|  0%| F|  |TAMS 0x0000000095b00000, 0x0000000095b00000| Untracked 
|  78|0x0000000095c00000, 0x0000000095c00000, 0x0000000095d00000|  0%| F|  |TAMS 0x0000000095c00000, 0x0000000095c00000| Untracked 
|  79|0x0000000095d00000, 0x0000000095d00000, 0x0000000095e00000|  0%| F|  |TAMS 0x0000000095d00000, 0x0000000095d00000| Untracked 
|  80|0x0000000095e00000, 0x0000000095e00000, 0x0000000095f00000|  0%| F|  |TAMS 0x0000000095e00000, 0x0000000095e00000| Untracked 
|  81|0x0000000095f00000, 0x0000000095f00000, 0x0000000096000000|  0%| F|  |TAMS 0x0000000095f00000, 0x0000000095f00000| Untracked 
|  82|0x0000000096000000, 0x0000000096000000, 0x0000000096100000|  0%| F|  |TAMS 0x0000000096000000, 0x0000000096000000| Untracked 
|  83|0x0000000096100000, 0x0000000096100000, 0x0000000096200000|  0%| F|  |TAMS 0x0000000096100000, 0x0000000096100000| Untracked 
|  84|0x0000000096200000, 0x0000000096200000, 0x0000000096300000|  0%| F|  |TAMS 0x0000000096200000, 0x0000000096200000| Untracked 
|  85|0x0000000096300000, 0x0000000096300000, 0x0000000096400000|  0%| F|  |TAMS 0x0000000096300000, 0x0000000096300000| Untracked 
|  86|0x0000000096400000, 0x0000000096400000, 0x0000000096500000|  0%| F|  |TAMS 0x0000000096400000, 0x0000000096400000| Untracked 
|  87|0x0000000096500000, 0x0000000096500000, 0x0000000096600000|  0%| F|  |TAMS 0x0000000096500000, 0x0000000096500000| Untracked 
|  88|0x0000000096600000, 0x0000000096600000, 0x0000000096700000|  0%| F|  |TAMS 0x0000000096600000, 0x0000000096600000| Untracked 
|  89|0x0000000096700000, 0x0000000096700000, 0x0000000096800000|  0%| F|  |TAMS 0x0000000096700000, 0x0000000096700000| Untracked 
|  90|0x0000000096800000, 0x0000000096800000, 0x0000000096900000|  0%| F|  |TAMS 0x0000000096800000, 0x0000000096800000| Untracked 
|  91|0x0000000096900000, 0x0000000096900000, 0x0000000096a00000|  0%| F|  |TAMS 0x0000000096900000, 0x0000000096900000| Untracked 
|  92|0x0000000096a00000, 0x0000000096a00000, 0x0000000096b00000|  0%| F|  |TAMS 0x0000000096a00000, 0x0000000096a00000| Untracked 
|  93|0x0000000096b00000, 0x0000000096b00000, 0x0000000096c00000|  0%| F|  |TAMS 0x0000000096b00000, 0x0000000096b00000| Untracked 
|  94|0x0000000096c00000, 0x0000000096c00000, 0x0000000096d00000|  0%| F|  |TAMS 0x0000000096c00000, 0x0000000096c00000| Untracked 
|  95|0x0000000096d00000, 0x0000000096d00000, 0x0000000096e00000|  0%| F|  |TAMS 0x0000000096d00000, 0x0000000096d00000| Untracked 
|  96|0x0000000096e00000, 0x0000000096e00000, 0x0000000096f00000|  0%| F|  |TAMS 0x0000000096e00000, 0x0000000096e00000| Untracked 
|  97|0x0000000096f00000, 0x0000000096f00000, 0x0000000097000000|  0%| F|  |TAMS 0x0000000096f00000, 0x0000000096f00000| Untracked 
|  98|0x0000000097000000, 0x0000000097000000, 0x0000000097100000|  0%| F|  |TAMS 0x0000000097000000, 0x0000000097000000| Untracked 
|  99|0x0000000097100000, 0x0000000097100000, 0x0000000097200000|  0%| F|  |TAMS 0x0000000097100000, 0x0000000097100000| Untracked 
| 100|0x0000000097200000, 0x0000000097200000, 0x0000000097300000|  0%| F|  |TAMS 0x0000000097200000, 0x0000000097200000| Untracked 
| 101|0x0000000097300000, 0x0000000097300000, 0x0000000097400000|  0%| F|  |TAMS 0x0000000097300000, 0x0000000097300000| Untracked 
| 102|0x0000000097400000, 0x0000000097400000, 0x0000000097500000|  0%| F|  |TAMS 0x0000000097400000, 0x0000000097400000| Untracked 
| 103|0x0000000097500000, 0x0000000097500000, 0x0000000097600000|  0%| F|  |TAMS 0x0000000097500000, 0x0000000097500000| Untracked 
| 104|0x0000000097600000, 0x0000000097600000, 0x0000000097700000|  0%| F|  |TAMS 0x0000000097600000, 0x0000000097600000| Untracked 
| 105|0x0000000097700000, 0x0000000097700000, 0x0000000097800000|  0%| F|  |TAMS 0x0000000097700000, 0x0000000097700000| Untracked 
| 106|0x0000000097800000, 0x0000000097800000, 0x0000000097900000|  0%| F|  |TAMS 0x0000000097800000, 0x0000000097800000| Untracked 
| 107|0x0000000097900000, 0x0000000097900000, 0x0000000097a00000|  0%| F|  |TAMS 0x0000000097900000, 0x0000000097900000| Untracked 
| 108|0x0000000097a00000, 0x0000000097a00000, 0x0000000097b00000|  0%| F|  |TAMS 0x0000000097a00000, 0x0000000097a00000| Untracked 
| 109|0x0000000097b00000, 0x0000000097b00000, 0x0000000097c00000|  0%| F|  |TAMS 0x0000000097b00000, 0x0000000097b00000| Untracked 
| 110|0x0000000097c00000, 0x0000000097c00000, 0x0000000097d00000|  0%| F|  |TAMS 0x0000000097c00000, 0x0000000097c00000| Untracked 
| 111|0x0000000097d00000, 0x0000000097d00000, 0x0000000097e00000|  0%| F|  |TAMS 0x0000000097d00000, 0x0000000097d00000| Untracked 
| 112|0x0000000097e00000, 0x0000000097e00000, 0x0000000097f00000|  0%| F|  |TAMS 0x0000000097e00000, 0x0000000097e00000| Untracked 
| 113|0x0000000097f00000, 0x0000000097f00000, 0x0000000098000000|  0%| F|  |TAMS 0x0000000097f00000, 0x0000000097f00000| Untracked 
| 114|0x0000000098000000, 0x0000000098000000, 0x0000000098100000|  0%| F|  |TAMS 0x0000000098000000, 0x0000000098000000| Untracked 
| 115|0x0000000098100000, 0x0000000098100000, 0x0000000098200000|  0%| F|  |TAMS 0x0000000098100000, 0x0000000098100000| Untracked 
| 116|0x0000000098200000, 0x0000000098200000, 0x0000000098300000|  0%| F|  |TAMS 0x0000000098200000, 0x0000000098200000| Untracked 
| 117|0x0000000098300000, 0x0000000098300000, 0x0000000098400000|  0%| F|  |TAMS 0x0000000098300000, 0x0000000098300000| Untracked 
| 118|0x0000000098400000, 0x0000000098400000, 0x0000000098500000|  0%| F|  |TAMS 0x0000000098400000, 0x0000000098400000| Untracked 
| 119|0x0000000098500000, 0x000000009856b6a0, 0x0000000098600000| 41%| E|  |TAMS 0x0000000098500000, 0x0000000098500000| Complete 

Card table byte_map: [0x0000016c931a0000,0x0000016c93520000] _byte_map_base: 0x0000016c92d19000

Marking Bits (Prev, Next): (CMBitMap*) 0x0000016c8d57b730, (CMBitMap*) 0x0000016c8d57b6f0
 Prev Bits: [0x0000016c95470000, 0x0000016c97038000)
 Next Bits: [0x0000016c938a0000, 0x0000016c95468000)

Polling page: 0x0000016c8b400000

Metaspace:

Usage:
  Non-class:     45.83 MB used.
      Class:      7.00 MB used.
       Both:     52.83 MB used.

Virtual space:
  Non-class space:       48.00 MB reserved,      46.13 MB ( 96%) committed,  6 nodes.
      Class space:        1.00 GB reserved,       7.25 MB ( <1%) committed,  1 nodes.
             Both:        1.05 GB reserved,      53.38 MB (  5%) committed. 

Chunk freelists:
   Non-Class:  1.40 MB
       Class:  674.00 KB
        Both:  2.06 MB

MaxMetaspaceSize: unlimited
CompressedClassSpaceSize: 1.00 GB
Initial GC threshold: 21.00 MB
Current GC threshold: 88.88 MB
CDS: off
MetaspaceReclaimPolicy: balanced
 - commit_granule_bytes: 65536.
 - commit_granule_words: 8192.
 - virtual_space_node_default_size: 1048576.
 - enlarge_chunks_in_place: 1.
 - new_chunks_are_fully_committed: 0.
 - uncommit_free_chunks: 1.
 - use_allocation_guard: 0.
 - handle_deallocations: 1.


Internal statistics:

num_allocs_failed_limit: 6.
num_arena_births: 526.
num_arena_deaths: 158.
num_vsnodes_births: 7.
num_vsnodes_deaths: 0.
num_space_committed: 854.
num_space_uncommitted: 0.
num_chunks_returned_to_freelist: 182.
num_chunks_taken_from_freelist: 2301.
num_chunk_merges: 62.
num_chunk_splits: 1603.
num_chunks_enlarged: 1266.
num_purges: 14.
num_inconsistent_stats: 0.

CodeCache: size=49152Kb used=15104Kb max_used=15307Kb free=34047Kb
 bounds [0x0000016c901a0000, 0x0000016c910a0000, 0x0000016c931a0000]
 total_blobs=8643 nmethods=8031 adapters=540
 compilation: enabled
              stopped_count=0, restarted_count=0
 full_count=0

Compilation events (20 events):
Event: 556.478 Thread 0x0000016c993460c0 8169   !   1       java.util.concurrent.locks.AbstractQueuedSynchronizer::acquire (407 bytes)
Event: 556.480 Thread 0x0000016c993460c0 nmethod 8169 0x0000016c90d89f90 code [0x0000016c90d8a220, 0x0000016c90d8b418]
Event: 560.549 Thread 0x0000016c993460c0 8170       1       java.util.concurrent.atomic.AtomicReferenceFieldUpdater$AtomicReferenceFieldUpdaterImpl::compareAndSet (24 bytes)
Event: 560.550 Thread 0x0000016c993460c0 nmethod 8170 0x0000016c90d89a10 code [0x0000016c90d89bc0, 0x0000016c90d89e38]
Event: 560.550 Thread 0x0000016c993460c0 8171       1       java.util.concurrent.locks.AbstractQueuedSynchronizer$Node::clearStatus (12 bytes)
Event: 560.550 Thread 0x0000016c993460c0 nmethod 8171 0x0000016c90d89710 code [0x0000016c90d898a0, 0x0000016c90d89978]
Event: 560.550 Thread 0x0000016c993460c0 8172       1       jdk.internal.misc.Unsafe::putIntOpaque (9 bytes)
Event: 560.550 Thread 0x0000016c993460c0 nmethod 8172 0x0000016c90d89410 code [0x0000016c90d895a0, 0x0000016c90d89678]
Event: 560.554 Thread 0x0000016c993460c0 8173       1       org.eclipse.lsp4j.jsonrpc.json.JsonRpcMethod::getParameterTypes (5 bytes)
Event: 560.554 Thread 0x0000016c993460c0 nmethod 8173 0x0000016c90d89110 code [0x0000016c90d892a0, 0x0000016c90d89378]
Event: 560.555 Thread 0x0000016c993460c0 8174       1       java.util.concurrent.locks.AbstractQueuedSynchronizer$ConditionNode::<init> (5 bytes)
Event: 560.555 Thread 0x0000016c993460c0 nmethod 8174 0x0000016c90d88e10 code [0x0000016c90d88fa0, 0x0000016c90d89058]
Event: 560.555 Thread 0x0000016c993460c0 8175       1       java.util.concurrent.locks.AbstractQueuedSynchronizer$ConditionObject::enableWait (84 bytes)
Event: 560.556 Thread 0x0000016c993460c0 nmethod 8175 0x0000016c90d88610 code [0x0000016c90d88800, 0x0000016c90d88bf8]
Event: 560.557 Thread 0x0000016c993460c0 8176       1       java.util.concurrent.locks.AbstractQueuedSynchronizer$Node::setStatusRelaxed (12 bytes)
Event: 560.557 Thread 0x0000016c993460c0 nmethod 8176 0x0000016c90d88310 code [0x0000016c90d884a0, 0x0000016c90d88578]
Event: 565.750 Thread 0x0000016c993460c0 8177       1       java.util.concurrent.locks.AbstractQueuedSynchronizer$Node::getAndUnsetStatus (14 bytes)
Event: 565.750 Thread 0x0000016c993460c0 nmethod 8177 0x0000016c90d87f90 code [0x0000016c90d88120, 0x0000016c90d88238]
Event: 565.750 Thread 0x0000016c993460c0 8178       1       jdk.internal.misc.Unsafe::getAndBitwiseAndInt (27 bytes)
Event: 565.750 Thread 0x0000016c993460c0 nmethod 8178 0x0000016c90d87c10 code [0x0000016c90d87da0, 0x0000016c90d87eb8]

GC Heap History (20 events):
Event: 439.982 GC heap before
{Heap before GC invocations=60 (full 9):
 garbage-first heap   total 122880K, used 36626K [0x0000000090e00000, 0x0000000100000000)
  region size 1024K, 1 young (1024K), 0 survivors (0K)
 Metaspace       used 54094K, committed 54656K, reserved 1097728K
  class space    used 7166K, committed 7424K, reserved 1048576K
}
Event: 440.035 GC heap after
{Heap after GC invocations=61 (full 10):
 garbage-first heap   total 122880K, used 36626K [0x0000000090e00000, 0x0000000100000000)
  region size 1024K, 0 young (0K), 0 survivors (0K)
 Metaspace       used 54094K, committed 54656K, reserved 1097728K
  class space    used 7166K, committed 7424K, reserved 1048576K
}
Event: 450.247 GC heap before
{Heap before GC invocations=61 (full 10):
 garbage-first heap   total 122880K, used 36626K [0x0000000090e00000, 0x0000000100000000)
  region size 1024K, 1 young (1024K), 0 survivors (0K)
 Metaspace       used 54094K, committed 54656K, reserved 1097728K
  class space    used 7166K, committed 7424K, reserved 1048576K
}
Event: 450.299 GC heap after
{Heap after GC invocations=62 (full 11):
 garbage-first heap   total 122880K, used 36626K [0x0000000090e00000, 0x0000000100000000)
  region size 1024K, 0 young (0K), 0 survivors (0K)
 Metaspace       used 54094K, committed 54656K, reserved 1097728K
  class space    used 7166K, committed 7424K, reserved 1048576K
}
Event: 460.538 GC heap before
{Heap before GC invocations=62 (full 11):
 garbage-first heap   total 122880K, used 36626K [0x0000000090e00000, 0x0000000100000000)
  region size 1024K, 1 young (1024K), 0 survivors (0K)
 Metaspace       used 54094K, committed 54656K, reserved 1097728K
  class space    used 7166K, committed 7424K, reserved 1048576K
}
Event: 460.591 GC heap after
{Heap after GC invocations=63 (full 12):
 garbage-first heap   total 122880K, used 36626K [0x0000000090e00000, 0x0000000100000000)
  region size 1024K, 0 young (0K), 0 survivors (0K)
 Metaspace       used 54094K, committed 54656K, reserved 1097728K
  class space    used 7166K, committed 7424K, reserved 1048576K
}
Event: 470.832 GC heap before
{Heap before GC invocations=63 (full 12):
 garbage-first heap   total 122880K, used 36626K [0x0000000090e00000, 0x0000000100000000)
  region size 1024K, 1 young (1024K), 0 survivors (0K)
 Metaspace       used 54094K, committed 54656K, reserved 1097728K
  class space    used 7166K, committed 7424K, reserved 1048576K
}
Event: 470.899 GC heap after
{Heap after GC invocations=64 (full 13):
 garbage-first heap   total 122880K, used 36626K [0x0000000090e00000, 0x0000000100000000)
  region size 1024K, 0 young (0K), 0 survivors (0K)
 Metaspace       used 54094K, committed 54656K, reserved 1097728K
  class space    used 7166K, committed 7424K, reserved 1048576K
}
Event: 481.152 GC heap before
{Heap before GC invocations=64 (full 13):
 garbage-first heap   total 122880K, used 36626K [0x0000000090e00000, 0x0000000100000000)
  region size 1024K, 1 young (1024K), 0 survivors (0K)
 Metaspace       used 54094K, committed 54656K, reserved 1097728K
  class space    used 7166K, committed 7424K, reserved 1048576K
}
Event: 481.219 GC heap after
{Heap after GC invocations=65 (full 14):
 garbage-first heap   total 122880K, used 36626K [0x0000000090e00000, 0x0000000100000000)
  region size 1024K, 0 young (0K), 0 survivors (0K)
 Metaspace       used 54094K, committed 54656K, reserved 1097728K
  class space    used 7166K, committed 7424K, reserved 1048576K
}
Event: 491.599 GC heap before
{Heap before GC invocations=65 (full 14):
 garbage-first heap   total 122880K, used 36626K [0x0000000090e00000, 0x0000000100000000)
  region size 1024K, 1 young (1024K), 0 survivors (0K)
 Metaspace       used 54094K, committed 54656K, reserved 1097728K
  class space    used 7166K, committed 7424K, reserved 1048576K
}
Event: 491.663 GC heap after
{Heap after GC invocations=66 (full 15):
 garbage-first heap   total 122880K, used 36626K [0x0000000090e00000, 0x0000000100000000)
  region size 1024K, 0 young (0K), 0 survivors (0K)
 Metaspace       used 54094K, committed 54656K, reserved 1097728K
  class space    used 7166K, committed 7424K, reserved 1048576K
}
Event: 502.205 GC heap before
{Heap before GC invocations=66 (full 15):
 garbage-first heap   total 122880K, used 36626K [0x0000000090e00000, 0x0000000100000000)
  region size 1024K, 1 young (1024K), 0 survivors (0K)
 Metaspace       used 54094K, committed 54656K, reserved 1097728K
  class space    used 7166K, committed 7424K, reserved 1048576K
}
Event: 502.276 GC heap after
{Heap after GC invocations=67 (full 16):
 garbage-first heap   total 122880K, used 36626K [0x0000000090e00000, 0x0000000100000000)
  region size 1024K, 0 young (0K), 0 survivors (0K)
 Metaspace       used 54094K, committed 54656K, reserved 1097728K
  class space    used 7166K, committed 7424K, reserved 1048576K
}
Event: 512.740 GC heap before
{Heap before GC invocations=67 (full 16):
 garbage-first heap   total 122880K, used 36626K [0x0000000090e00000, 0x0000000100000000)
  region size 1024K, 1 young (1024K), 0 survivors (0K)
 Metaspace       used 54094K, committed 54656K, reserved 1097728K
  class space    used 7166K, committed 7424K, reserved 1048576K
}
Event: 512.809 GC heap after
{Heap after GC invocations=68 (full 17):
 garbage-first heap   total 122880K, used 36626K [0x0000000090e00000, 0x0000000100000000)
  region size 1024K, 0 young (0K), 0 survivors (0K)
 Metaspace       used 54094K, committed 54656K, reserved 1097728K
  class space    used 7166K, committed 7424K, reserved 1048576K
}
Event: 525.185 GC heap before
{Heap before GC invocations=68 (full 17):
 garbage-first heap   total 122880K, used 36626K [0x0000000090e00000, 0x0000000100000000)
  region size 1024K, 1 young (1024K), 0 survivors (0K)
 Metaspace       used 54094K, committed 54656K, reserved 1097728K
  class space    used 7166K, committed 7424K, reserved 1048576K
}
Event: 525.246 GC heap after
{Heap after GC invocations=69 (full 18):
 garbage-first heap   total 122880K, used 36626K [0x0000000090e00000, 0x0000000100000000)
  region size 1024K, 0 young (0K), 0 survivors (0K)
 Metaspace       used 54094K, committed 54656K, reserved 1097728K
  class space    used 7166K, committed 7424K, reserved 1048576K
}
Event: 535.645 GC heap before
{Heap before GC invocations=69 (full 18):
 garbage-first heap   total 122880K, used 36626K [0x0000000090e00000, 0x0000000100000000)
  region size 1024K, 1 young (1024K), 0 survivors (0K)
 Metaspace       used 54094K, committed 54656K, reserved 1097728K
  class space    used 7166K, committed 7424K, reserved 1048576K
}
Event: 535.708 GC heap after
{Heap after GC invocations=70 (full 19):
 garbage-first heap   total 122880K, used 36626K [0x0000000090e00000, 0x0000000100000000)
  region size 1024K, 0 young (0K), 0 survivors (0K)
 Metaspace       used 54094K, committed 54656K, reserved 1097728K
  class space    used 7166K, committed 7424K, reserved 1048576K
}

Dll operation events (8 events):
Event: 0.682 Loaded shared library c:\Users\Usuario\.vscode\extensions\redhat.java-1.13.0-win32-x64\jre\17.0.5-win32-x86_64\bin\java.dll
Event: 5.212 Loaded shared library C:\Users\Usuario\.vscode\extensions\redhat.java-1.13.0-win32-x64\jre\17.0.5-win32-x86_64\bin\net.dll
Event: 5.214 Loaded shared library C:\Users\Usuario\.vscode\extensions\redhat.java-1.13.0-win32-x64\jre\17.0.5-win32-x86_64\bin\nio.dll
Event: 5.477 Loaded shared library C:\Users\Usuario\.vscode\extensions\redhat.java-1.13.0-win32-x64\jre\17.0.5-win32-x86_64\bin\zip.dll
Event: 7.364 Loaded shared library c:\Users\Usuario\.vscode\extensions\redhat.java-1.13.0-win32-x64\jre\17.0.5-win32-x86_64\bin\verify.dll
Event: 7.661 Loaded shared library C:\Users\Usuario\.vscode\extensions\redhat.java-1.13.0-win32-x64\jre\17.0.5-win32-x86_64\bin\jimage.dll
Event: 21.852 Loaded shared library C:\Users\Usuario\.vscode\extensions\redhat.java-1.13.0-win32-x64\jre\17.0.5-win32-x86_64\bin\management.dll
Event: 21.858 Loaded shared library C:\Users\Usuario\.vscode\extensions\redhat.java-1.13.0-win32-x64\jre\17.0.5-win32-x86_64\bin\management_ext.dll

Deoptimization events (20 events):
Event: 83.695 Thread 0x0000016c9bbdc8c0 DEOPT PACKING pc=0x0000016c909931c4 sp=0x0000001223afeae0
Event: 83.695 Thread 0x0000016c9bbdc8c0 DEOPT UNPACKING pc=0x0000016c901f2b43 sp=0x0000001223afdfd8 mode 0
Event: 83.695 Thread 0x0000016c9bbdc8c0 DEOPT PACKING pc=0x0000016c909931c4 sp=0x0000001223afeca0
Event: 83.695 Thread 0x0000016c9bbdc8c0 DEOPT UNPACKING pc=0x0000016c901f2b43 sp=0x0000001223afe198 mode 0
Event: 83.714 Thread 0x0000016c9bbdc8c0 DEOPT PACKING pc=0x0000016c909931c4 sp=0x0000001223afeff0
Event: 83.714 Thread 0x0000016c9bbdc8c0 DEOPT UNPACKING pc=0x0000016c901f2b43 sp=0x0000001223afe4e8 mode 0
Event: 103.801 Thread 0x0000016c9bb6ba20 DEOPT PACKING pc=0x0000016c91062a74 sp=0x0000001222dfdf70
Event: 103.801 Thread 0x0000016c9bb6ba20 DEOPT UNPACKING pc=0x0000016c901f2b43 sp=0x0000001222dfd468 mode 0
Event: 103.801 Thread 0x0000016c9bb6ba20 DEOPT PACKING pc=0x0000016c91026d74 sp=0x0000001222dfe040
Event: 103.801 Thread 0x0000016c9bb6ba20 DEOPT UNPACKING pc=0x0000016c901f2b43 sp=0x0000001222dfd518 mode 0
Event: 103.801 Thread 0x0000016c9bb6ba20 DEOPT PACKING pc=0x0000016c91021b24 sp=0x0000001222dfe0f0
Event: 103.801 Thread 0x0000016c9bb6ba20 DEOPT UNPACKING pc=0x0000016c901f2b43 sp=0x0000001222dfd670 mode 0
Event: 103.802 Thread 0x0000016c9bb6ba20 DEOPT PACKING pc=0x0000016c9103faac sp=0x0000001222dfe3f0
Event: 103.802 Thread 0x0000016c9bb6ba20 DEOPT UNPACKING pc=0x0000016c901f2b43 sp=0x0000001222dfd880 mode 0
Event: 104.264 Thread 0x0000016c9bb6ba20 DEOPT PACKING pc=0x0000016c909858d5 sp=0x0000001222dfeea0
Event: 104.264 Thread 0x0000016c9bb6ba20 DEOPT UNPACKING pc=0x0000016c901f2b43 sp=0x0000001222dfe348 mode 3
Event: 148.021 Thread 0x0000016c9a8ce7e0 DEOPT PACKING pc=0x0000016c90660854 sp=0x00000012227fec00
Event: 148.021 Thread 0x0000016c9a8ce7e0 DEOPT UNPACKING pc=0x0000016c901f2b43 sp=0x00000012227fe088 mode 0
Event: 171.888 Thread 0x0000016c9bb6bef0 DEOPT PACKING pc=0x0000016c90d9ab66 sp=0x00000012230fe070
Event: 171.888 Thread 0x0000016c9bb6bef0 DEOPT UNPACKING pc=0x0000016c901f2b43 sp=0x00000012230fd530 mode 3

Classes unloaded (20 events):
Event: 307.943 Thread 0x0000016c992ed570 Unloading class 0x00000001004f2400 'java/lang/invoke/LambdaForm$MH+0x00000001004f2400'
Event: 307.943 Thread 0x0000016c992ed570 Unloading class 0x00000001004f2000 'java/lang/invoke/LambdaForm$MH+0x00000001004f2000'
Event: 307.943 Thread 0x0000016c992ed570 Unloading class 0x00000001004f1c00 'java/lang/invoke/LambdaForm$MH+0x00000001004f1c00'
Event: 307.943 Thread 0x0000016c992ed570 Unloading class 0x00000001004f1800 'java/lang/invoke/LambdaForm$MH+0x00000001004f1800'
Event: 307.943 Thread 0x0000016c992ed570 Unloading class 0x00000001004f1400 'java/lang/invoke/LambdaForm$MH+0x00000001004f1400'
Event: 307.943 Thread 0x0000016c992ed570 Unloading class 0x00000001004f1000 'java/lang/invoke/LambdaForm$MH+0x00000001004f1000'
Event: 307.943 Thread 0x0000016c992ed570 Unloading class 0x00000001004f0400 'java/lang/invoke/LambdaForm$MH+0x00000001004f0400'
Event: 307.943 Thread 0x0000016c992ed570 Unloading class 0x00000001004f0000 'java/lang/invoke/LambdaForm$MH+0x00000001004f0000'
Event: 307.943 Thread 0x0000016c992ed570 Unloading class 0x00000001004e1c00 'java/lang/invoke/LambdaForm$MH+0x00000001004e1c00'
Event: 307.943 Thread 0x0000016c992ed570 Unloading class 0x00000001004e1800 'java/lang/invoke/LambdaForm$MH+0x00000001004e1800'
Event: 307.943 Thread 0x0000016c992ed570 Unloading class 0x00000001004e1400 'java/lang/invoke/LambdaForm$MH+0x00000001004e1400'
Event: 307.943 Thread 0x0000016c992ed570 Unloading class 0x00000001004e1000 'java/lang/invoke/LambdaForm$MH+0x00000001004e1000'
Event: 307.943 Thread 0x0000016c992ed570 Unloading class 0x0000000100384800 'java/lang/invoke/LambdaForm$MH+0x0000000100384800'
Event: 307.943 Thread 0x0000016c992ed570 Unloading class 0x0000000100384400 'java/lang/invoke/LambdaForm$MH+0x0000000100384400'
Event: 307.943 Thread 0x0000016c992ed570 Unloading class 0x0000000100384000 'java/lang/invoke/LambdaForm$MH+0x0000000100384000'
Event: 307.943 Thread 0x0000016c992ed570 Unloading class 0x000000010034dc00 'java/lang/invoke/LambdaForm$MH+0x000000010034dc00'
Event: 307.943 Thread 0x0000016c992ed570 Unloading class 0x000000010034d800 'java/lang/invoke/LambdaForm$MH+0x000000010034d800'
Event: 307.943 Thread 0x0000016c992ed570 Unloading class 0x000000010034d400 'java/lang/invoke/LambdaForm$MH+0x000000010034d400'
Event: 307.943 Thread 0x0000016c992ed570 Unloading class 0x000000010034d000 'java/lang/invoke/LambdaForm$MH+0x000000010034d000'
Event: 318.211 Thread 0x0000016c992ed570 Unloading class 0x00000001006e0000 'jdk/internal/reflect/GeneratedConstructorAccessor26'

Classes redefined (0 events):
No events

Internal exceptions (20 events):
Event: 100.215 Thread 0x0000016c9bbda710 Exception <a 'sun/nio/fs/WindowsException'{0x00000000bb78b710}> (0x00000000bb78b710) 
thrown [s\src\hotspot\share\prims\jni.cpp, line 516]
Event: 100.215 Thread 0x0000016c9bbda710 Exception <a 'sun/nio/fs/WindowsException'{0x00000000bb78c118}> (0x00000000bb78c118) 
thrown [s\src\hotspot\share\prims\jni.cpp, line 516]
Event: 100.215 Thread 0x0000016c9bbda710 Exception <a 'sun/nio/fs/WindowsException'{0x00000000bb78c4d8}> (0x00000000bb78c4d8) 
thrown [s\src\hotspot\share\prims\jni.cpp, line 516]
Event: 100.215 Thread 0x0000016c9bbda710 Exception <a 'sun/nio/fs/WindowsException'{0x00000000bb78ced8}> (0x00000000bb78ced8) 
thrown [s\src\hotspot\share\prims\jni.cpp, line 516]
Event: 100.215 Thread 0x0000016c9bbda710 Exception <a 'sun/nio/fs/WindowsException'{0x00000000bb78d290}> (0x00000000bb78d290) 
thrown [s\src\hotspot\share\prims\jni.cpp, line 516]
Event: 100.215 Thread 0x0000016c9bbda710 Exception <a 'sun/nio/fs/WindowsException'{0x00000000bb78dc98}> (0x00000000bb78dc98) 
thrown [s\src\hotspot\share\prims\jni.cpp, line 516]
Event: 100.215 Thread 0x0000016c9bbda710 Exception <a 'sun/nio/fs/WindowsException'{0x00000000bb78e058}> (0x00000000bb78e058) 
thrown [s\src\hotspot\share\prims\jni.cpp, line 516]
Event: 100.215 Thread 0x0000016c9bbda710 Exception <a 'sun/nio/fs/WindowsException'{0x00000000bb78ea80}> (0x00000000bb78ea80) 
thrown [s\src\hotspot\share\prims\jni.cpp, line 516]
Event: 100.215 Thread 0x0000016c9bbda710 Exception <a 'sun/nio/fs/WindowsException'{0x00000000bb78ee68}> (0x00000000bb78ee68) 
thrown [s\src\hotspot\share\prims\jni.cpp, line 516]
Event: 100.215 Thread 0x0000016c9bbda710 Exception <a 'sun/nio/fs/WindowsException'{0x00000000bb78f8a0}> (0x00000000bb78f8a0) 
thrown [s\src\hotspot\share\prims\jni.cpp, line 516]
Event: 100.215 Thread 0x0000016c9bbda710 Exception <a 'sun/nio/fs/WindowsException'{0x00000000bb78fca0}> (0x00000000bb78fca0) 
thrown [s\src\hotspot\share\prims\jni.cpp, line 516]
Event: 100.216 Thread 0x0000016c9bbda710 Exception <a 'sun/nio/fs/WindowsException'{0x00000000bb7906d0}> (0x00000000bb7906d0) 
thrown [s\src\hotspot\share\prims\jni.cpp, line 516]
Event: 100.216 Thread 0x0000016c9bbda710 Exception <a 'sun/nio/fs/WindowsException'{0x00000000bb790ac0}> (0x00000000bb790ac0) 
thrown [s\src\hotspot\share\prims\jni.cpp, line 516]
Event: 100.218 Thread 0x0000016c9bbda710 Exception <a 'java/lang/NoSuchMethodError'{0x00000000bb799240}: 'java.lang.Object java.lang.invoke.Invokers$Holder.invoke_MT(java.lang.Object, java.lang.Object, java.lang.Object)'> (0x00000000bb799240) 
thrown [s\src\hotspot\share\interpreter\linkResolver.cpp, line 759]
Event: 146.066 Thread 0x0000016c9bb9c4f0 Exception <a 'java/lang/NoSuchMethodError'{0x00000000ae382d38}: 'void java.lang.invoke.DirectMethodHandle$Holder.invokeStatic(java.lang.Object, long)'> (0x00000000ae382d38) 
thrown [s\src\hotspot\share\interpreter\linkResolver.cpp, line 759]
Event: 146.067 Thread 0x0000016c9bb9c4f0 Exception <a 'java/lang/NoSuchMethodError'{0x00000000ae3880e0}: 'java.lang.Object java.lang.invoke.DirectMethodHandle$Holder.newInvokeSpecial(java.lang.Object, long)'> (0x00000000ae3880e0) 
thrown [s\src\hotspot\share\interpreter\linkResolver.cpp, line 759]
Event: 146.069 Thread 0x0000016c9bb9c4f0 Exception <a 'java/lang/NoSuchMethodError'{0x00000000ae38e9c8}: 'java.lang.Object java.lang.invoke.DirectMethodHandle$Holder.invokeStatic(java.lang.Object, java.lang.Object, long, java.lang.Object)'> (0x00000000ae38e9c8) 
thrown [s\src\hotspot\share\interpreter\linkResolver.cpp, line 759]
Event: 146.070 Thread 0x0000016c9bb9c4f0 Exception <a 'java/lang/NoSuchMethodError'{0x00000000ae392460}: 'java.lang.Object java.lang.invoke.DirectMethodHandle$Holder.invokeStaticInit(java.lang.Object, java.lang.Object, long, java.lang.Object)'> (0x00000000ae392460) 
thrown [s\src\hotspot\share\interpreter\linkResolver.cpp, line 759]
Event: 146.071 Thread 0x0000016c9bb9c4f0 Exception <a 'java/lang/NoSuchMethodError'{0x00000000ae398790}: 'java.lang.Object java.lang.invoke.DirectMethodHandle$Holder.newInvokeSpecial(java.lang.Object, java.lang.Object, long)'> (0x00000000ae398790) 
thrown [s\src\hotspot\share\interpreter\linkResolver.cpp, line 759]
Event: 171.888 Thread 0x0000016c9bb6bef0 Implicit null exception at 0x0000016c90d9a8b5 to 0x0000016c90d9ab61

VM Operations (20 events):
Event: 440.035 Executing VM operation: G1CollectFull done
Event: 450.247 Executing VM operation: G1CollectFull
Event: 450.299 Executing VM operation: G1CollectFull done
Event: 460.538 Executing VM operation: G1CollectFull
Event: 460.591 Executing VM operation: G1CollectFull done
Event: 470.832 Executing VM operation: G1CollectFull
Event: 470.900 Executing VM operation: G1CollectFull done
Event: 481.152 Executing VM operation: G1CollectFull
Event: 481.219 Executing VM operation: G1CollectFull done
Event: 491.599 Executing VM operation: G1CollectFull
Event: 491.663 Executing VM operation: G1CollectFull done
Event: 502.205 Executing VM operation: G1CollectFull
Event: 502.276 Executing VM operation: G1CollectFull done
Event: 512.740 Executing VM operation: G1CollectFull
Event: 512.809 Executing VM operation: G1CollectFull done
Event: 525.185 Executing VM operation: G1CollectFull
Event: 525.247 Executing VM operation: G1CollectFull done
Event: 535.645 Executing VM operation: G1CollectFull
Event: 535.708 Executing VM operation: G1CollectFull done
Event: 599.585 Executing VM operation: G1CollectFull

Events (20 events):
Event: 146.068 loading class java/lang/ProcessHandle done
Event: 146.068 loading class java/lang/ProcessHandleImpl done
Event: 146.072 loading class java/lang/ProcessImpl$2
Event: 146.072 loading class java/lang/ProcessImpl$2 done
Event: 146.072 loading class java/lang/Process$PipeInputStream
Event: 146.072 loading class java/lang/Process$PipeInputStream done
Event: 146.075 loading class jdk/internal/event/ProcessStartEvent
Event: 146.075 loading class jdk/internal/event/ProcessStartEvent done
Event: 148.125 Thread 0x0000016c9bbd9d70 Thread added: 0x0000016c9bbd9d70
Event: 148.339 Thread 0x0000016c9bbd9d70 Thread exited: 0x0000016c9bbd9d70
Event: 149.571 Thread 0x0000016c9bbdcd90 Thread added: 0x0000016c9bbdcd90
Event: 150.949 Thread 0x0000016c9bbdd260 Thread added: 0x0000016c9bbdd260
Event: 150.951 Thread 0x0000016c9bbdd260 Thread exited: 0x0000016c9bbdd260
Event: 153.053 Thread 0x0000016c9bbdbf20 Thread added: 0x0000016c9bbdbf20
Event: 153.083 Thread 0x0000016c9bbdbf20 Thread exited: 0x0000016c9bbdbf20
Event: 160.990 Thread 0x0000016c9bb6b080 Thread exited: 0x0000016c9bb6b080
Event: 162.015 Thread 0x0000016c9bbdd260 Thread added: 0x0000016c9bbdd260
Event: 162.311 Thread 0x0000016c9bbdd260 Thread exited: 0x0000016c9bbdd260
Event: 176.449 Thread 0x0000016c9bbdcd90 Thread exited: 0x0000016c9bbdcd90
Event: 235.857 Thread 0x0000016c9bb6bef0 Thread exited: 0x0000016c9bb6bef0


Dynamic libraries:
0x00007ff738ec0000 - 0x00007ff738ece000 	c:\Users\Usuario\.vscode\extensions\redhat.java-1.13.0-win32-x64\jre\17.0.5-win32-x86_64\bin\java.exe
0x00007ff861910000 - 0x00007ff861afd000 	C:\Windows\SYSTEM32\ntdll.dll
0x00007ff85f530000 - 0x00007ff85f5e3000 	C:\Windows\System32\KERNEL32.DLL
0x00007ff85dad0000 - 0x00007ff85dd63000 	C:\Windows\System32\KERNELBASE.dll
0x00007ff85e940000 - 0x00007ff85ea3c000 	C:\Windows\System32\ucrtbase.dll
0x00007ff85b880000 - 0x00007ff85b897000 	c:\Users\Usuario\.vscode\extensions\redhat.java-1.13.0-win32-x64\jre\17.0.5-win32-x86_64\bin\jli.dll
0x00007ff85ec10000 - 0x00007ff85eda7000 	C:\Windows\System32\USER32.dll
0x00007ff85dab0000 - 0x00007ff85dad0000 	C:\Windows\System32\win32u.dll
0x00007ff85f500000 - 0x00007ff85f529000 	C:\Windows\System32\GDI32.dll
0x00007ff85dd70000 - 0x00007ff85df0a000 	C:\Windows\System32\gdi32full.dll
0x00007ff85e660000 - 0x00007ff85e700000 	C:\Windows\System32\msvcp_win.dll
0x00007ff855c30000 - 0x00007ff855c49000 	c:\Users\Usuario\.vscode\extensions\redhat.java-1.13.0-win32-x64\jre\17.0.5-win32-x86_64\bin\VCRUNTIME140.dll
0x00007ff84f680000 - 0x00007ff84f8f9000 	C:\Windows\WinSxS\amd64_microsoft.windows.common-controls_6595b64144ccf1df_6.0.17763.1_none_f040600eff408c2d\COMCTL32.dll
0x00007ff85eb70000 - 0x00007ff85ec0e000 	C:\Windows\System32\msvcrt.dll
0x00007ff85fb90000 - 0x00007ff85febe000 	C:\Windows\System32\combase.dll
0x00007ff860020000 - 0x00007ff860143000 	C:\Windows\System32\RPCRT4.dll
0x00007ff85da30000 - 0x00007ff85daae000 	C:\Windows\System32\bcryptPrimitives.dll
0x00007ff8616b0000 - 0x00007ff8616de000 	C:\Windows\System32\IMM32.DLL
0x00007ff857080000 - 0x00007ff85708c000 	c:\Users\Usuario\.vscode\extensions\redhat.java-1.13.0-win32-x64\jre\17.0.5-win32-x86_64\bin\vcruntime140_1.dll
0x00007ff82b5a0000 - 0x00007ff82b631000 	c:\Users\Usuario\.vscode\extensions\redhat.java-1.13.0-win32-x64\jre\17.0.5-win32-x86_64\bin\msvcp140.dll
0x00007ff824c60000 - 0x00007ff8258a4000 	c:\Users\Usuario\.vscode\extensions\redhat.java-1.13.0-win32-x64\jre\17.0.5-win32-x86_64\bin\server\jvm.dll
0x00007ff85fec0000 - 0x00007ff85ff63000 	C:\Windows\System32\ADVAPI32.dll
0x00007ff85faf0000 - 0x00007ff85fb8e000 	C:\Windows\System32\sechost.dll
0x00007ff84c7b0000 - 0x00007ff84c7b9000 	C:\Windows\SYSTEM32\WSOCK32.dll
0x00007ff85edb0000 - 0x00007ff85ee1d000 	C:\Windows\System32\WS2_32.dll
0x00007ff85b810000 - 0x00007ff85b834000 	C:\Windows\SYSTEM32\WINMM.dll
0x00007ff8591c0000 - 0x00007ff8591ca000 	C:\Windows\SYSTEM32\VERSION.dll
0x00007ff85b750000 - 0x00007ff85b77d000 	C:\Windows\SYSTEM32\WINMMBASE.dll
0x00007ff85ea40000 - 0x00007ff85ea8a000 	C:\Windows\System32\cfgmgr32.dll
0x00007ff85d9f0000 - 0x00007ff85da01000 	C:\Windows\System32\kernel.appcore.dll
0x00007ff855d90000 - 0x00007ff855d9a000 	c:\Users\Usuario\.vscode\extensions\redhat.java-1.13.0-win32-x64\jre\17.0.5-win32-x86_64\bin\jimage.dll
0x00007ff84b0b0000 - 0x00007ff84b29d000 	C:\Windows\SYSTEM32\DBGHELP.DLL
0x00007ff84c580000 - 0x00007ff84c5aa000 	C:\Windows\SYSTEM32\dbgcore.DLL
0x00007ff84c4e0000 - 0x00007ff84c505000 	c:\Users\Usuario\.vscode\extensions\redhat.java-1.13.0-win32-x64\jre\17.0.5-win32-x86_64\bin\java.dll
0x00007ff8501c0000 - 0x00007ff8501d8000 	c:\Users\Usuario\.vscode\extensions\redhat.java-1.13.0-win32-x64\jre\17.0.5-win32-x86_64\bin\zip.dll
0x00007ff860150000 - 0x00007ff86163f000 	C:\Windows\System32\SHELL32.dll
0x00007ff85ff70000 - 0x00007ff860018000 	C:\Windows\System32\shcore.dll
0x00007ff85df10000 - 0x00007ff85e658000 	C:\Windows\System32\windows.storage.dll
0x00007ff85d940000 - 0x00007ff85d964000 	C:\Windows\System32\profapi.dll
0x00007ff85d990000 - 0x00007ff85d9ed000 	C:\Windows\System32\powrprof.dll
0x00007ff85f2c0000 - 0x00007ff85f312000 	C:\Windows\System32\shlwapi.dll
0x00007ff85da10000 - 0x00007ff85da27000 	C:\Windows\System32\cryptsp.dll
0x00007ff847a70000 - 0x00007ff847a89000 	C:\Users\Usuario\.vscode\extensions\redhat.java-1.13.0-win32-x64\jre\17.0.5-win32-x86_64\bin\net.dll
0x00007ff857440000 - 0x00007ff857531000 	C:\Windows\SYSTEM32\WINHTTP.dll
0x00007ff85d170000 - 0x00007ff85d1d7000 	C:\Windows\system32\mswsock.dll
0x00007ff847a50000 - 0x00007ff847a65000 	C:\Users\Usuario\.vscode\extensions\redhat.java-1.13.0-win32-x64\jre\17.0.5-win32-x86_64\bin\nio.dll
0x00007ff855be0000 - 0x00007ff855bf0000 	c:\Users\Usuario\.vscode\extensions\redhat.java-1.13.0-win32-x64\jre\17.0.5-win32-x86_64\bin\verify.dll
0x00007ff85b900000 - 0x00007ff85b909000 	C:\Users\Usuario\.vscode\extensions\redhat.java-1.13.0-win32-x64\jre\17.0.5-win32-x86_64\bin\management.dll
0x00007ff85a120000 - 0x00007ff85a12b000 	C:\Users\Usuario\.vscode\extensions\redhat.java-1.13.0-win32-x64\jre\17.0.5-win32-x86_64\bin\management_ext.dll
0x00007ff861640000 - 0x00007ff861648000 	C:\Windows\System32\PSAPI.DLL
0x00007ff8466b0000 - 0x00007ff8466c6000 	C:\Windows\system32\napinsp.dll
0x00007ff846690000 - 0x00007ff8466aa000 	C:\Windows\system32\pnrpnsp.dll
0x00007ff85cf10000 - 0x00007ff85cfd6000 	C:\Windows\SYSTEM32\DNSAPI.dll
0x00007ff85f280000 - 0x00007ff85f288000 	C:\Windows\System32\NSI.dll
0x00007ff85ced0000 - 0x00007ff85cf0d000 	C:\Windows\SYSTEM32\IPHLPAPI.DLL
0x00007ff84d430000 - 0x00007ff84d43e000 	C:\Windows\System32\winrnr.dll
0x00007ff859fd0000 - 0x00007ff859feb000 	C:\Windows\system32\NLAapi.dll
0x00007ff84d410000 - 0x00007ff84d425000 	C:\Windows\system32\wshbth.dll
0x000000006bea0000 - 0x000000006bec6000 	C:\Program Files\Bonjour\mdnsNSP.dll
0x00007ff84ec40000 - 0x00007ff84ec4a000 	C:\Windows\System32\rasadhlp.dll
0x00007ff84fee0000 - 0x00007ff84ff59000 	C:\Windows\System32\fwpuclnt.dll
0x00007ff85eb40000 - 0x00007ff85eb66000 	C:\Windows\System32\bcrypt.dll
0x00007ff85cd30000 - 0x00007ff85cd63000 	C:\Windows\system32\rsaenh.dll
0x00007ff85d870000 - 0x00007ff85d898000 	C:\Windows\SYSTEM32\USERENV.dll
0x00007ff85d340000 - 0x00007ff85d34c000 	C:\Windows\SYSTEM32\CRYPTBASE.dll
0x00007ff852190000 - 0x00007ff8521a6000 	C:\Windows\SYSTEM32\dhcpcsvc6.DLL
0x00007ff854900000 - 0x00007ff85491c000 	C:\Windows\SYSTEM32\dhcpcsvc.DLL

dbghelp: loaded successfully - version: 4.0.5 - missing functions: none
symbol engine: initialized successfully - sym options: 0x614 - pdb path: .;c:\Users\Usuario\.vscode\extensions\redhat.java-1.13.0-win32-x64\jre\17.0.5-win32-x86_64\bin;C:\Windows\SYSTEM32;C:\Windows\WinSxS\amd64_microsoft.windows.common-controls_6595b64144ccf1df_6.0.17763.1_none_f040600eff408c2d;c:\Users\Usuario\.vscode\extensions\redhat.java-1.13.0-win32-x64\jre\17.0.5-win32-x86_64\bin\server;C:\Program Files\Bonjour

VM Arguments:
jvm_args: -Dsts.lsp.client=vscode -Dsts.log.file=/dev/null -XX:TieredStopAtLevel=1 -Xlog:jni+resolve=off -Dspring.config.location=file:c:\Users\Usuario\.vscode\extensions\pivotal.vscode-spring-boot-1.40.0\language-server\BOOT-INF\classes\application.properties 
java_command: org.springframework.ide.vscode.boot.app.BootLanguageServerBootApp
java_class_path (initial): c:\Users\Usuario\.vscode\extensions\pivotal.vscode-spring-boot-1.40.0\language-server\BOOT-INF\classes;c:\Users\Usuario\.vscode\extensions\pivotal.vscode-spring-boot-1.40.0\language-server\BOOT-INF\lib\annotations-23.0.0.jar;c:\Users\Usuario\.vscode\extensions\pivotal.vscode-spring-boot-1.40.0\language-server\BOOT-INF\lib\ant-1.10.12.jar;c:\Users\Usuario\.vscode\extensions\pivotal.vscode-spring-boot-1.40.0\language-server\BOOT-INF\lib\ant-launcher-1.10.12.jar;c:\Users\Usuario\.vscode\extensions\pivotal.vscode-spring-boot-1.40.0\language-server\BOOT-INF\lib\antlr-runtime-3.5.2.jar;c:\Users\Usuario\.vscode\extensions\pivotal.vscode-spring-boot-1.40.0\language-server\BOOT-INF\lib\antlr4-4.9.3.jar;c:\Users\Usuario\.vscode\extensions\pivotal.vscode-spring-boot-1.40.0\language-server\BOOT-INF\lib\antlr4-runtime-4.9.3.jar;c:\Users\Usuario\.vscode\extensions\pivotal.vscode-spring-boot-1.40.0\language-server\BOOT-INF\lib\asm-9.3.jar;c:\Users\Usuario\.vscode\extensions\pivotal.vscode-spring-boot-1.40.0\language-server\BOOT-INF\lib\asm-analysis-9.3.jar;c:\Users\Usuario\.vscode\extensions\pivotal.vscode-spring-boot-1.40.0\language-server\BOOT-INF\lib\asm-tree-9.3.jar;c:\Users\Usuario\.vscode\extensions\pivotal.vscode-spring-boot-1.40.0\language-server\BOOT-INF\lib\asm-util-9.3.jar;c:\Users\Usuario\.vscode\extensions\pivotal.vscode-spring-boot-1.40.0\language-server\BOOT-INF\lib\byte-buddy-1.12.13.jar;c:\Users\Usuario\.vscode\extensions\pivotal.vscode-spring-boot-1.40.0\language-server\BOOT-INF\lib\caffeine-2.9.3.jar;c:\Users\Usuario\.vscode\extensions\pivotal.vscode-spring-boot-1.40.0\language-server\BOOT-INF\lib\checker-qual-3.12.0.jar;c:\Users\Usuario\.vscode\extensions\pivotal.vscode-spring-boot-1.40.0\language-server\BOOT-INF\lib\classgraph-4.8.149.jar;c:\Users\Usuario\.vscode\extensions\pivotal.vscode-spring-boot-1.40.0\language-server\BOOT-INF\lib\commons-codec-1.15.jar;c:\Users\Usuario\.vscode\extensions\pivotal.vscode-spring-boot-1.40.0\lang
Launcher Type: SUN_STANDARD

[Global flags]
     intx CICompilerCount                          = 2                                         {product} {ergonomic}
     uint ConcGCThreads                            = 1                                         {product} {ergonomic}
     uint G1ConcRefinementThreads                  = 2                                         {product} {ergonomic}
   size_t G1HeapRegionSize                         = 1048576                                   {product} {ergonomic}
    uintx GCDrainStackTargetSize                   = 64                                        {product} {ergonomic}
   size_t InitialHeapSize                          = 117440512                                 {product} {ergonomic}
   size_t MarkStackSize                            = 4194304                                   {product} {ergonomic}
   size_t MaxHeapSize                              = 1864368128                                {product} {ergonomic}
   size_t MaxNewSize                               = 1117782016                                {product} {ergonomic}
   size_t MinHeapDeltaBytes                        = 1048576                                   {product} {ergonomic}
   size_t MinHeapSize                              = 8388608                                   {product} {ergonomic}
    uintx NonProfiledCodeHeapSize                  = 0                                      {pd product} {ergonomic}
     bool ProfileInterpreter                       = false                                  {pd product} {command line}
    uintx ProfiledCodeHeapSize                     = 0                                      {pd product} {ergonomic}
   size_t SoftMaxHeapSize                          = 1864368128                             {manageable} {ergonomic}
     intx TieredStopAtLevel                        = 1                                         {product} {command line}
     bool UseCompressedClassPointers               = true                           {product lp64_product} {ergonomic}
     bool UseCompressedOops                        = true                           {product lp64_product} {ergonomic}
     bool UseG1GC                                  = true                                      {product} {ergonomic}
     bool UseLargePagesIndividualAllocation        = false                                  {pd product} {ergonomic}

Logging:
Log output configuration:
 #0: stdout all=warning,jni+resolve=off uptime,level,tags
 #1: stderr all=off uptime,level,tags

Environment Variables:
JAVA_HOME=C:\Program Files\Java\jdk1.8.0_111
PATH=C:\oraclexe\app\oracle\product\11.2.0\server\bin;;C:\Program Files\Common Files\Oracle\Java\javapath;C:\Program Files (x86)\NVIDIA Corporation\PhysX\Common;C:\Program Files (x86)\Common Files\Oracle\Java\javapath;C:\ProgramData\Oracle\Java\javapath;C:\Program Files\Eclipse Adoptium\jre-8.0.312.7-hotspot\bin;C:\Windows\system32;C:\Windows;C:\Windows\System32\Wbem;C:\Windows\System32\WindowsPowerShell\v1.0\;C:\Windows\System32\OpenSSH\;C:\Program Files\Microsoft SQL Server\150\Tools\Binn\;C:\Program Files\Java\jdk1.8.0_111\;C:\Program Files\Git\cmd;C:\Program Files (x86)\Windows Kits\8.1\Windows Performance Toolkit\;C:\Program Files\Microsoft SQL Server\110\Tools\Binn\;C:\Program Files (x86)\ATI Technologies\ATI.ACE\Core-Static;C:\Program Files\Java\apache-maven-3.8.2\bin;C:\Program Files\Java\jdk1.8.0_111\bin;C:\Program Files\Java\jre1.8.0_321\bin;C:\Program Files\nodejs\;C:\Program Files\Microsoft SQL Server\130\Tools\Binn\;c:\Program Files (x86)\Microsoft SQL Server\100\Tools\Binn\;c:\Program Files\Microsoft SQL Server\100\Tools\Binn\;c:\Program Files\Microsoft SQL Server\100\DTS\Binn\;c:\Program Files (x86)\Microsoft SQL Server\100\Tools\Binn\VSShell\Common7\IDE\;c:\Program Files (x86)\Microsoft Visual Studio 9.0\Common7\IDE\PrivateAssemblies\;c:\Program Files (x86)\Microsoft SQL Server\100\DTS\Binn\;C:\Program Files\Microsoft SQL Server\120\Tools\Binn\;C:\Program Files\MySQL\MySQL Shell 8.0\bin\;C:\Users\Usuario\AppData\Local\Microsoft\WindowsApps;C:\Users\Usuario\AppData\Local\Programs\Microsoft VS Code\bin;C:\Users\Usuario\AppData\Roaming\npm
USERNAME=Usuario
OS=Windows_NT
PROCESSOR_IDENTIFIER=AMD64 Family 21 Model 19 Stepping 1, AuthenticAMD
TMP=C:\Users\Usuario\AppData\Local\Temp
TEMP=C:\Users\Usuario\AppData\Local\Temp



---------------  S Y S T E M  ---------------

OS:
 Windows 10 , 64 bit Build 17763 (10.0.17763.1)
OS uptime: 2 days 19:59 hours

CPU: total 2 (initial active 2) (2 cores per cpu, 1 threads per core) family 21 model 19 stepping 1 microcode 0x0, cx8, cmov, fxsr, mmx, 3dnowpref, sse, sse2, sse3, ssse3, sse4a, sse4.1, sse4.2, popcnt, lzcnt, tsc, tscinvbit, avx, aes, clmul, bmi1, fma, vzeroupper, clflush

Memory: 4k page, system-wide physical 7108M (451M free)
TotalPageFile size 11204M (AvailPageFile size 3M)
current process WorkingSet (physical memory assigned to process): 270M, peak: 869M
current process commit charge ("private bytes"): 273M, peak: 880M

vm_info: OpenJDK 64-Bit Server VM (17.0.5+8) for windows-amd64 JRE (17.0.5+8), built on Oct 19 2022 04:48:13 by "temurin" with MS VC++ 16.7 (VS2019)

END.
