#
# There is insufficient memory for the Java Runtime Environment to continue.
# Native memory allocation (malloc) failed to allocate 1048576 bytes for AllocateHeap
# Possible reasons:
#   The system is out of physical RAM or swap space
#   The process is running with CompressedOops enabled, and the Java Heap may be blocking the growth of the native heap
# Possible solutions:
#   Reduce memory load on the system
#   Increase physical memory or swap space
#   Check if swap backing store is full
#   Decrease Java heap size (-Xmx/-Xms)
#   Decrease number of Java threads
#   Decrease Java thread stack sizes (-Xss)
#   Set larger code cache with -XX:ReservedCodeCacheSize=
#   JVM is running with Unscaled Compressed Oops mode in which the Java heap is
#     placed in the first 4GB address space. The Java Heap base address is the
#     maximum limit for the native heap growth. Please use -XX:HeapBaseMinAddress
#     to set the Java Heap base and to place the Java Heap above 4GB virtual address.
# This output file may be truncated or incomplete.
#
#  Out of Memory Error (allocation.cpp:44), pid=161296, tid=145964
#
# JRE version: OpenJDK Runtime Environment Temurin-17.0.5+8 (17.0.5+8) (build 17.0.5+8)
# Java VM: OpenJDK 64-Bit Server VM Temurin-17.0.5+8 (17.0.5+8, mixed mode, emulated-client, tiered, compressed oops, compressed class ptrs, g1 gc, windows-amd64)
# No core dump will be written. Minidumps are not enabled by default on client versions of Windows
#

---------------  S U M M A R Y ------------

Command Line: -Dsts.lsp.client=vscode -Dsts.log.file=/dev/null -XX:TieredStopAtLevel=1 -Xlog:jni+resolve=off -Dspring.config.location=file:c:\Users\Usuario\.vscode\extensions\pivotal.vscode-spring-boot-1.40.0\language-server\BOOT-INF\classes\application.properties org.springframework.ide.vscode.boot.app.BootLanguageServerBootApp

Host: AMD A4-6300 APU with Radeon(tm) HD Graphics    , 2 cores, 6G,  Windows 10 , 64 bit Build 17763 (10.0.17763.1)
Time: Mon Dec  5 14:53:40 2022 Hora estándar de Argentina elapsed time: 19199.569089 seconds (0d 5h 19m 59s)

---------------  T H R E A D  ---------------

Current thread (0x000002b6789a7b80):  VMThread "VM Thread" [stack: 0x000000c135f00000,0x000000c136000000] [id=145964]

Stack: [0x000000c135f00000,0x000000c136000000]
Native frames: (J=compiled Java code, j=interpreted, Vv=VM code, C=native code)
V  [jvm.dll+0x676b3a]
V  [jvm.dll+0x831444]
V  [jvm.dll+0x832bee]
V  [jvm.dll+0x833253]
V  [jvm.dll+0x244ce5]
V  [jvm.dll+0xa631f]
V  [jvm.dll+0x2f4f03]
V  [jvm.dll+0x2f0c10]
V  [jvm.dll+0x2d92f7]
V  [jvm.dll+0x31c3b7]
V  [jvm.dll+0x8376fb]
V  [jvm.dll+0x838434]
V  [jvm.dll+0x83894c]
V  [jvm.dll+0x838d24]
V  [jvm.dll+0x838df0]
V  [jvm.dll+0x7e17ea]
V  [jvm.dll+0x6759e5]
C  [ucrtbase.dll+0x203ba]
C  [KERNEL32.DLL+0x17e94]
C  [ntdll.dll+0x67ad1]

VM_Operation (0x000000c136eff050): G1CollectFull, mode: safepoint, requested by thread 0x000002b67b29ee30


---------------  P R O C E S S  ---------------

Threads class SMR info:
_java_thread_list=0x000002b67b75bcd0, length=21, elements={
0x000002b6789fa380, 0x000002b6789fce50, 0x000002b6794095c0, 0x000002b67940be90,
0x000002b67940c750, 0x000002b67940f020, 0x000002b67940f8e0, 0x000002b678a1fbc0,
0x000002b67961c5d0, 0x000002b679630300, 0x000002b67af71e50, 0x000002b67b29ee30,
0x000002b67b1b54e0, 0x000002b66ad18d60, 0x000002b67b143020, 0x000002b67ac689e0,
0x000002b6794c2030, 0x000002b6794fd090, 0x000002b6794fdf00, 0x000002b6794fcbc0,
0x000002b6794fed70
}

Java Threads: ( => current thread )
  0x000002b6789fa380 JavaThread "Reference Handler" daemon [_thread_blocked, id=148756, stack(0x000000c136000000,0x000000c136100000)]
  0x000002b6789fce50 JavaThread "Finalizer" daemon [_thread_blocked, id=145800, stack(0x000000c136100000,0x000000c136200000)]
  0x000002b6794095c0 JavaThread "Signal Dispatcher" daemon [_thread_blocked, id=150144, stack(0x000000c136200000,0x000000c136300000)]
  0x000002b67940be90 JavaThread "Attach Listener" daemon [_thread_blocked, id=161572, stack(0x000000c136300000,0x000000c136400000)]
  0x000002b67940c750 JavaThread "Service Thread" daemon [_thread_blocked, id=149080, stack(0x000000c136400000,0x000000c136500000)]
  0x000002b67940f020 JavaThread "Monitor Deflation Thread" daemon [_thread_blocked, id=140064, stack(0x000000c136500000,0x000000c136600000)]
  0x000002b67940f8e0 JavaThread "C1 CompilerThread0" daemon [_thread_blocked, id=160960, stack(0x000000c136600000,0x000000c136700000)]
  0x000002b678a1fbc0 JavaThread "Sweeper thread" daemon [_thread_blocked, id=161248, stack(0x000000c136700000,0x000000c136800000)]
  0x000002b67961c5d0 JavaThread "Notification Thread" daemon [_thread_blocked, id=156484, stack(0x000000c136800000,0x000000c136900000)]
  0x000002b679630300 JavaThread "Common-Cleaner" daemon [_thread_blocked, id=161512, stack(0x000000c136a00000,0x000000c136b00000)]
  0x000002b67af71e50 JavaThread "boundedElastic-evictor-1" daemon [_thread_blocked, id=161332, stack(0x000000c136d00000,0x000000c136e00000)]
  0x000002b67b29ee30 JavaThread "pool-9-thread-1" [_thread_blocked, id=160824, stack(0x000000c136e00000,0x000000c136f00000)]
  0x000002b67b1b54e0 JavaThread "LanguageServerApp-lifecycle" [_thread_blocked, id=158676, stack(0x000000c136f00000,0x000000c137000000)]
  0x000002b66ad18d60 JavaThread "DestroyJavaVM" [_thread_blocked, id=149708, stack(0x000000c135900000,0x000000c135a00000)]
  0x000002b67b143020 JavaThread "pool-10-thread-1" [_thread_in_native, id=161516, stack(0x000000c137000000,0x000000c137100000)]
  0x000002b67ac689e0 JavaThread "Simple-Language-Server main thread" daemon [_thread_blocked, id=159352, stack(0x000000c137100000,0x000000c137200000)]
  0x000002b6794c2030 JavaThread "parallel-1" daemon [_thread_blocked, id=161156, stack(0x000000c137300000,0x000000c137400000)]
  0x000002b6794fd090 JavaThread "pool-5-thread-1" [_thread_blocked, id=160536, stack(0x000000c137800000,0x000000c137900000)]
  0x000002b6794fdf00 JavaThread "parallel-2" daemon [_thread_blocked, id=161492, stack(0x000000c137900000,0x000000c137a00000)]
  0x000002b6794fcbc0 JavaThread "pool-7-thread-1" [_thread_blocked, id=147840, stack(0x000000c135700000,0x000000c135800000)]
  0x000002b6794fed70 JavaThread "Reconciler-1" daemon [_thread_blocked, id=161584, stack(0x000000c137400000,0x000000c137500000)]

Other Threads:
=>0x000002b6789a7b80 VMThread "VM Thread" [stack: 0x000000c135f00000,0x000000c136000000] [id=145964]
  0x000002b67961caa0 WatcherThread [stack: 0x000000c136900000,0x000000c136a00000] [id=160664]
  0x000002b66ad6c700 GCTaskThread "GC Thread#0" [stack: 0x000000c135a00000,0x000000c135b00000] [id=141416]
  0x000002b67997ad20 GCTaskThread "GC Thread#1" [stack: 0x000000c136c00000,0x000000c136d00000] [id=161488]
  0x000002b66ad7bf50 ConcurrentGCThread "G1 Main Marker" [stack: 0x000000c135b00000,0x000000c135c00000] [id=145712]
  0x000002b66ad7c870 ConcurrentGCThread "G1 Conc#0" [stack: 0x000000c135c00000,0x000000c135d00000] [id=142052]
  0x000002b678850090 ConcurrentGCThread "G1 Refine#0" [stack: 0x000000c135d00000,0x000000c135e00000] [id=149888]
  0x000002b67d2022f0 ConcurrentGCThread "G1 Refine#1" [stack: 0x000000c137c00000,0x000000c137d00000] [id=161476]
  0x000002b678851870 ConcurrentGCThread "G1 Service" [stack: 0x000000c135e00000,0x000000c135f00000] [id=137308]

Threads with active compile tasks:

VM state: at safepoint (normal execution)

VM Mutex/Monitor currently owned by a thread:  ([mutex/lock_event])
[0x000002b66ab3c890] Threads_lock - owner thread: 0x000002b6789a7b80
[0x000002b66ab3d2b0] Heap_lock - owner thread: 0x000002b67b29ee30

Heap address: 0x0000000090e00000, size: 1778 MB, Compressed Oops mode: 32-bit

CDS archive(s) not mapped
Compressed class space mapped at: 0x0000000100000000-0x0000000140000000, reserved size: 1073741824
Narrow klass base: 0x0000000000000000, Narrow klass shift: 3, Narrow klass range: 0x140000000

GC Precious Log:
 CPUs: 2 total, 2 available
 Memory: 7108M
 Large Page Support: Disabled
 NUMA Support: Disabled
 Compressed Oops: Enabled (32-bit)
 Heap Region Size: 1M
 Heap Min Capacity: 8M
 Heap Initial Capacity: 112M
 Heap Max Capacity: 1778M
 Pre-touch: Disabled
 Parallel Workers: 2
 Concurrent Workers: 1
 Concurrent Refinement Workers: 2
 Periodic GC: Disabled

Heap:
 garbage-first heap   total 119808K, used 36799K [0x0000000090e00000, 0x0000000100000000)
  region size 1024K, 1 young (1024K), 0 survivors (0K)
 Metaspace       used 54330K, committed 54784K, reserved 1097728K
  class space    used 7208K, committed 7424K, reserved 1048576K

Heap Regions: E=young(eden), S=young(survivor), O=old, HS=humongous(starts), HC=humongous(continues), CS=collection set, F=free, OA=open archive, CA=closed archive, TAMS=top-at-mark-start (previous, next)
|   0|0x0000000090e00000, 0x0000000090efcab0, 0x0000000090f00000| 98%| O|  |TAMS 0x0000000090efcab0, 0x0000000090e00000| Untracked 
|   1|0x0000000090f00000, 0x0000000091000000, 0x0000000091000000|100%| O|  |TAMS 0x0000000091000000, 0x0000000090f00000| Untracked 
|   2|0x0000000091000000, 0x0000000091100000, 0x0000000091100000|100%| O|  |TAMS 0x0000000091100000, 0x0000000091000000| Untracked 
|   3|0x0000000091100000, 0x00000000911ffff0, 0x0000000091200000| 99%| O|  |TAMS 0x00000000911ffff0, 0x0000000091100000| Untracked 
|   4|0x0000000091200000, 0x00000000912fffd8, 0x0000000091300000| 99%| O|  |TAMS 0x00000000912fffd8, 0x0000000091200000| Untracked 
|   5|0x0000000091300000, 0x00000000913f3760, 0x0000000091400000| 95%| O|  |TAMS 0x00000000913f3760, 0x0000000091300000| Untracked 
|   6|0x0000000091400000, 0x0000000091500000, 0x0000000091500000|100%| O|  |TAMS 0x0000000091500000, 0x0000000091400000| Untracked 
|   7|0x0000000091500000, 0x00000000915ffff8, 0x0000000091600000| 99%| O|  |TAMS 0x00000000915ffff8, 0x0000000091500000| Untracked 
|   8|0x0000000091600000, 0x00000000916fffe8, 0x0000000091700000| 99%| O|  |TAMS 0x00000000916fffe8, 0x0000000091600000| Untracked 
|   9|0x0000000091700000, 0x0000000091800000, 0x0000000091800000|100%| O|  |TAMS 0x0000000091800000, 0x0000000091700000| Untracked 
|  10|0x0000000091800000, 0x00000000918fffe0, 0x0000000091900000| 99%| O|  |TAMS 0x00000000918fffe0, 0x0000000091800000| Untracked 
|  11|0x0000000091900000, 0x00000000919fffe8, 0x0000000091a00000| 99%| O|  |TAMS 0x00000000919fffe8, 0x0000000091900000| Untracked 
|  12|0x0000000091a00000, 0x0000000091affff0, 0x0000000091b00000| 99%| O|  |TAMS 0x0000000091affff0, 0x0000000091a00000| Untracked 
|  13|0x0000000091b00000, 0x0000000091bffff0, 0x0000000091c00000| 99%| O|  |TAMS 0x0000000091bffff0, 0x0000000091b00000| Untracked 
|  14|0x0000000091c00000, 0x0000000091cfffe0, 0x0000000091d00000| 99%| O|  |TAMS 0x0000000091cfffe0, 0x0000000091c00000| Untracked 
|  15|0x0000000091d00000, 0x0000000091dffff8, 0x0000000091e00000| 99%| O|  |TAMS 0x0000000091dffff8, 0x0000000091d00000| Untracked 
|  16|0x0000000091e00000, 0x0000000091efc4d8, 0x0000000091f00000| 98%| O|  |TAMS 0x0000000091efc4d8, 0x0000000091e00000| Untracked 
|  17|0x0000000091f00000, 0x0000000091ffe878, 0x0000000092000000| 99%| O|  |TAMS 0x0000000091ffe878, 0x0000000091f00000| Untracked 
|  18|0x0000000092000000, 0x00000000920f4d08, 0x0000000092100000| 95%| O|  |TAMS 0x00000000920f4d08, 0x0000000092000000| Untracked 
|  19|0x0000000092100000, 0x0000000092200000, 0x0000000092200000|100%| O|  |TAMS 0x0000000092200000, 0x0000000092100000| Untracked 
|  20|0x0000000092200000, 0x00000000922fffe0, 0x0000000092300000| 99%| O|  |TAMS 0x00000000922fffe0, 0x0000000092200000| Untracked 
|  21|0x0000000092300000, 0x00000000923fffc8, 0x0000000092400000| 99%| O|  |TAMS 0x00000000923fffc8, 0x0000000092300000| Untracked 
|  22|0x0000000092400000, 0x0000000092500000, 0x0000000092500000|100%| O|  |TAMS 0x0000000092500000, 0x0000000092400000| Untracked 
|  23|0x0000000092500000, 0x00000000925ffff0, 0x0000000092600000| 99%| O|  |TAMS 0x00000000925ffff0, 0x0000000092500000| Untracked 
|  24|0x0000000092600000, 0x0000000092700000, 0x0000000092700000|100%| O|  |TAMS 0x0000000092700000, 0x0000000092600000| Untracked 
|  25|0x0000000092700000, 0x0000000092800000, 0x0000000092800000|100%| O|  |TAMS 0x0000000092800000, 0x0000000092700000| Untracked 
|  26|0x0000000092800000, 0x00000000928ffff8, 0x0000000092900000| 99%| O|  |TAMS 0x00000000928ffff8, 0x0000000092800000| Untracked 
|  27|0x0000000092900000, 0x0000000092910438, 0x0000000092a00000|  6%| O|  |TAMS 0x0000000092900000, 0x0000000092900000| Untracked 
|  28|0x0000000092a00000, 0x0000000092affff8, 0x0000000092b00000| 99%| O|  |TAMS 0x0000000092affff8, 0x0000000092a00000| Untracked 
|  29|0x0000000092b00000, 0x0000000092bfffe0, 0x0000000092c00000| 99%| O|  |TAMS 0x0000000092bfffe0, 0x0000000092b00000| Untracked 
|  30|0x0000000092c00000, 0x0000000092c00000, 0x0000000092d00000|  0%| F|  |TAMS 0x0000000092c00000, 0x0000000092c00000| Untracked 
|  31|0x0000000092d00000, 0x0000000092d00000, 0x0000000092e00000|  0%| F|  |TAMS 0x0000000092d00000, 0x0000000092d00000| Untracked 
|  32|0x0000000092e00000, 0x0000000092e00000, 0x0000000092f00000|  0%| F|  |TAMS 0x0000000092e00000, 0x0000000092e00000| Untracked 
|  33|0x0000000092f00000, 0x0000000093000000, 0x0000000093000000|100%|HS|  |TAMS 0x0000000093000000, 0x0000000092f00000| Untracked 
|  34|0x0000000093000000, 0x0000000093100000, 0x0000000093100000|100%|HC|  |TAMS 0x0000000093100000, 0x0000000093000000| Untracked 
|  35|0x0000000093100000, 0x0000000093200000, 0x0000000093200000|100%|HS|  |TAMS 0x0000000093200000, 0x0000000093100000| Untracked 
|  36|0x0000000093200000, 0x0000000093300000, 0x0000000093300000|100%|HS|  |TAMS 0x0000000093300000, 0x0000000093200000| Untracked 
|  37|0x0000000093300000, 0x0000000093300000, 0x0000000093400000|  0%| F|  |TAMS 0x0000000093300000, 0x0000000093300000| Untracked 
|  38|0x0000000093400000, 0x0000000093400000, 0x0000000093500000|  0%| F|  |TAMS 0x0000000093400000, 0x0000000093400000| Untracked 
|  39|0x0000000093500000, 0x0000000093600000, 0x0000000093600000|100%| O|  |TAMS 0x0000000093600000, 0x0000000093500000| Untracked 
|  40|0x0000000093600000, 0x0000000093600000, 0x0000000093700000|  0%| F|  |TAMS 0x0000000093600000, 0x0000000093600000| Untracked 
|  41|0x0000000093700000, 0x0000000093700000, 0x0000000093800000|  0%| F|  |TAMS 0x0000000093700000, 0x0000000093700000| Untracked 
|  42|0x0000000093800000, 0x0000000093800000, 0x0000000093900000|  0%| F|  |TAMS 0x0000000093800000, 0x0000000093800000| Untracked 
|  43|0x0000000093900000, 0x0000000093900000, 0x0000000093a00000|  0%| F|  |TAMS 0x0000000093900000, 0x0000000093900000| Untracked 
|  44|0x0000000093a00000, 0x0000000093a00000, 0x0000000093b00000|  0%| F|  |TAMS 0x0000000093a00000, 0x0000000093a00000| Untracked 
|  45|0x0000000093b00000, 0x0000000093b00000, 0x0000000093c00000|  0%| F|  |TAMS 0x0000000093b00000, 0x0000000093b00000| Untracked 
|  46|0x0000000093c00000, 0x0000000093d00000, 0x0000000093d00000|100%| O|  |TAMS 0x0000000093d00000, 0x0000000093c00000| Untracked 
|  47|0x0000000093d00000, 0x0000000093d00000, 0x0000000093e00000|  0%| F|  |TAMS 0x0000000093d00000, 0x0000000093d00000| Untracked 
|  48|0x0000000093e00000, 0x0000000093e00000, 0x0000000093f00000|  0%| F|  |TAMS 0x0000000093e00000, 0x0000000093e00000| Untracked 
|  49|0x0000000093f00000, 0x0000000093f00000, 0x0000000094000000|  0%| F|  |TAMS 0x0000000093f00000, 0x0000000093f00000| Untracked 
|  50|0x0000000094000000, 0x0000000094100000, 0x0000000094100000|100%| O|  |TAMS 0x0000000094100000, 0x0000000094000000| Untracked 
|  51|0x0000000094100000, 0x0000000094100000, 0x0000000094200000|  0%| F|  |TAMS 0x0000000094100000, 0x0000000094100000| Untracked 
|  52|0x0000000094200000, 0x0000000094200000, 0x0000000094300000|  0%| F|  |TAMS 0x0000000094200000, 0x0000000094200000| Untracked 
|  53|0x0000000094300000, 0x0000000094300000, 0x0000000094400000|  0%| F|  |TAMS 0x0000000094300000, 0x0000000094300000| Untracked 
|  54|0x0000000094400000, 0x0000000094400000, 0x0000000094500000|  0%| F|  |TAMS 0x0000000094400000, 0x0000000094400000| Untracked 
|  55|0x0000000094500000, 0x0000000094500000, 0x0000000094600000|  0%| F|  |TAMS 0x0000000094500000, 0x0000000094500000| Untracked 
|  56|0x0000000094600000, 0x0000000094600000, 0x0000000094700000|  0%| F|  |TAMS 0x0000000094600000, 0x0000000094600000| Untracked 
|  57|0x0000000094700000, 0x0000000094700000, 0x0000000094800000|  0%| F|  |TAMS 0x0000000094700000, 0x0000000094700000| Untracked 
|  58|0x0000000094800000, 0x0000000094800000, 0x0000000094900000|  0%| F|  |TAMS 0x0000000094800000, 0x0000000094800000| Untracked 
|  59|0x0000000094900000, 0x0000000094900000, 0x0000000094a00000|  0%| F|  |TAMS 0x0000000094900000, 0x0000000094900000| Untracked 
|  60|0x0000000094a00000, 0x0000000094a00000, 0x0000000094b00000|  0%| F|  |TAMS 0x0000000094a00000, 0x0000000094a00000| Untracked 
|  61|0x0000000094b00000, 0x0000000094b00000, 0x0000000094c00000|  0%| F|  |TAMS 0x0000000094b00000, 0x0000000094b00000| Untracked 
|  62|0x0000000094c00000, 0x0000000094c00000, 0x0000000094d00000|  0%| F|  |TAMS 0x0000000094c00000, 0x0000000094c00000| Untracked 
|  63|0x0000000094d00000, 0x0000000094d00000, 0x0000000094e00000|  0%| F|  |TAMS 0x0000000094d00000, 0x0000000094d00000| Untracked 
|  64|0x0000000094e00000, 0x0000000094e00000, 0x0000000094f00000|  0%| F|  |TAMS 0x0000000094e00000, 0x0000000094e00000| Untracked 
|  65|0x0000000094f00000, 0x0000000094f00000, 0x0000000095000000|  0%| F|  |TAMS 0x0000000094f00000, 0x0000000094f00000| Untracked 
|  66|0x0000000095000000, 0x0000000095000000, 0x0000000095100000|  0%| F|  |TAMS 0x0000000095000000, 0x0000000095000000| Untracked 
|  67|0x0000000095100000, 0x0000000095100000, 0x0000000095200000|  0%| F|  |TAMS 0x0000000095100000, 0x0000000095100000| Untracked 
|  68|0x0000000095200000, 0x0000000095200000, 0x0000000095300000|  0%| F|  |TAMS 0x0000000095200000, 0x0000000095200000| Untracked 
|  69|0x0000000095300000, 0x0000000095300000, 0x0000000095400000|  0%| F|  |TAMS 0x0000000095300000, 0x0000000095300000| Untracked 
|  70|0x0000000095400000, 0x0000000095400000, 0x0000000095500000|  0%| F|  |TAMS 0x0000000095400000, 0x0000000095400000| Untracked 
|  71|0x0000000095500000, 0x0000000095500000, 0x0000000095600000|  0%| F|  |TAMS 0x0000000095500000, 0x0000000095500000| Untracked 
|  72|0x0000000095600000, 0x0000000095600000, 0x0000000095700000|  0%| F|  |TAMS 0x0000000095600000, 0x0000000095600000| Untracked 
|  73|0x0000000095700000, 0x0000000095700000, 0x0000000095800000|  0%| F|  |TAMS 0x0000000095700000, 0x0000000095700000| Untracked 
|  74|0x0000000095800000, 0x0000000095800000, 0x0000000095900000|  0%| F|  |TAMS 0x0000000095800000, 0x0000000095800000| Untracked 
|  75|0x0000000095900000, 0x0000000095900000, 0x0000000095a00000|  0%| F|  |TAMS 0x0000000095900000, 0x0000000095900000| Untracked 
|  76|0x0000000095a00000, 0x0000000095a00000, 0x0000000095b00000|  0%| F|  |TAMS 0x0000000095a00000, 0x0000000095a00000| Untracked 
|  77|0x0000000095b00000, 0x0000000095b00000, 0x0000000095c00000|  0%| F|  |TAMS 0x0000000095b00000, 0x0000000095b00000| Untracked 
|  78|0x0000000095c00000, 0x0000000095c00000, 0x0000000095d00000|  0%| F|  |TAMS 0x0000000095c00000, 0x0000000095c00000| Untracked 
|  79|0x0000000095d00000, 0x0000000095d00000, 0x0000000095e00000|  0%| F|  |TAMS 0x0000000095d00000, 0x0000000095d00000| Untracked 
|  80|0x0000000095e00000, 0x0000000095e00000, 0x0000000095f00000|  0%| F|  |TAMS 0x0000000095e00000, 0x0000000095e00000| Untracked 
|  81|0x0000000095f00000, 0x0000000095f00000, 0x0000000096000000|  0%| F|  |TAMS 0x0000000095f00000, 0x0000000095f00000| Untracked 
|  82|0x0000000096000000, 0x0000000096000000, 0x0000000096100000|  0%| F|  |TAMS 0x0000000096000000, 0x0000000096000000| Untracked 
|  83|0x0000000096100000, 0x0000000096100000, 0x0000000096200000|  0%| F|  |TAMS 0x0000000096100000, 0x0000000096100000| Untracked 
|  84|0x0000000096200000, 0x0000000096200000, 0x0000000096300000|  0%| F|  |TAMS 0x0000000096200000, 0x0000000096200000| Untracked 
|  85|0x0000000096300000, 0x0000000096300000, 0x0000000096400000|  0%| F|  |TAMS 0x0000000096300000, 0x0000000096300000| Untracked 
|  86|0x0000000096400000, 0x0000000096400000, 0x0000000096500000|  0%| F|  |TAMS 0x0000000096400000, 0x0000000096400000| Untracked 
|  87|0x0000000096500000, 0x0000000096500000, 0x0000000096600000|  0%| F|  |TAMS 0x0000000096500000, 0x0000000096500000| Untracked 
|  88|0x0000000096600000, 0x0000000096600000, 0x0000000096700000|  0%| F|  |TAMS 0x0000000096600000, 0x0000000096600000| Untracked 
|  89|0x0000000096700000, 0x0000000096700000, 0x0000000096800000|  0%| F|  |TAMS 0x0000000096700000, 0x0000000096700000| Untracked 
|  90|0x0000000096800000, 0x0000000096800000, 0x0000000096900000|  0%| F|  |TAMS 0x0000000096800000, 0x0000000096800000| Untracked 
|  91|0x0000000096900000, 0x0000000096900000, 0x0000000096a00000|  0%| F|  |TAMS 0x0000000096900000, 0x0000000096900000| Untracked 
|  92|0x0000000096a00000, 0x0000000096a00000, 0x0000000096b00000|  0%| F|  |TAMS 0x0000000096a00000, 0x0000000096a00000| Untracked 
|  93|0x0000000096b00000, 0x0000000096b00000, 0x0000000096c00000|  0%| F|  |TAMS 0x0000000096b00000, 0x0000000096b00000| Untracked 
|  94|0x0000000096c00000, 0x0000000096c00000, 0x0000000096d00000|  0%| F|  |TAMS 0x0000000096c00000, 0x0000000096c00000| Untracked 
|  95|0x0000000096d00000, 0x0000000096d00000, 0x0000000096e00000|  0%| F|  |TAMS 0x0000000096d00000, 0x0000000096d00000| Untracked 
|  96|0x0000000096e00000, 0x0000000096e00000, 0x0000000096f00000|  0%| F|  |TAMS 0x0000000096e00000, 0x0000000096e00000| Untracked 
|  97|0x0000000096f00000, 0x0000000096f00000, 0x0000000097000000|  0%| F|  |TAMS 0x0000000096f00000, 0x0000000096f00000| Untracked 
|  98|0x0000000097000000, 0x0000000097000000, 0x0000000097100000|  0%| F|  |TAMS 0x0000000097000000, 0x0000000097000000| Untracked 
|  99|0x0000000097100000, 0x0000000097100000, 0x0000000097200000|  0%| F|  |TAMS 0x0000000097100000, 0x0000000097100000| Untracked 
| 100|0x0000000097200000, 0x0000000097200000, 0x0000000097300000|  0%| F|  |TAMS 0x0000000097200000, 0x0000000097200000| Untracked 
| 101|0x0000000097300000, 0x0000000097300000, 0x0000000097400000|  0%| F|  |TAMS 0x0000000097300000, 0x0000000097300000| Untracked 
| 102|0x0000000097400000, 0x0000000097400000, 0x0000000097500000|  0%| F|  |TAMS 0x0000000097400000, 0x0000000097400000| Untracked 
| 103|0x0000000097500000, 0x0000000097500000, 0x0000000097600000|  0%| F|  |TAMS 0x0000000097500000, 0x0000000097500000| Untracked 
| 104|0x0000000097600000, 0x0000000097600000, 0x0000000097700000|  0%| F|  |TAMS 0x0000000097600000, 0x0000000097600000| Untracked 
| 105|0x0000000097700000, 0x0000000097700000, 0x0000000097800000|  0%| F|  |TAMS 0x0000000097700000, 0x0000000097700000| Untracked 
| 106|0x0000000097800000, 0x0000000097800000, 0x0000000097900000|  0%| F|  |TAMS 0x0000000097800000, 0x0000000097800000| Untracked 
| 107|0x0000000097900000, 0x0000000097900000, 0x0000000097a00000|  0%| F|  |TAMS 0x0000000097900000, 0x0000000097900000| Untracked 
| 108|0x0000000097a00000, 0x0000000097a00000, 0x0000000097b00000|  0%| F|  |TAMS 0x0000000097a00000, 0x0000000097a00000| Untracked 
| 109|0x0000000097b00000, 0x0000000097b00000, 0x0000000097c00000|  0%| F|  |TAMS 0x0000000097b00000, 0x0000000097b00000| Untracked 
| 110|0x0000000097c00000, 0x0000000097c00000, 0x0000000097d00000|  0%| F|  |TAMS 0x0000000097c00000, 0x0000000097c00000| Untracked 
| 111|0x0000000097d00000, 0x0000000097d00000, 0x0000000097e00000|  0%| F|  |TAMS 0x0000000097d00000, 0x0000000097d00000| Untracked 
| 112|0x0000000097e00000, 0x0000000097e00000, 0x0000000097f00000|  0%| F|  |TAMS 0x0000000097e00000, 0x0000000097e00000| Untracked 
| 113|0x0000000097f00000, 0x0000000097f00000, 0x0000000098000000|  0%| F|  |TAMS 0x0000000097f00000, 0x0000000097f00000| Untracked 
| 114|0x0000000098000000, 0x0000000098000000, 0x0000000098100000|  0%| F|  |TAMS 0x0000000098000000, 0x0000000098000000| Untracked 
| 115|0x0000000098100000, 0x0000000098100000, 0x0000000098200000|  0%| F|  |TAMS 0x0000000098100000, 0x0000000098100000| Untracked 
| 116|0x0000000098200000, 0x00000000982060d0, 0x0000000098300000|  2%| E|  |TAMS 0x0000000098200000, 0x0000000098200000| Complete 

Card table byte_map: [0x000002b672740000,0x000002b672ac0000] _byte_map_base: 0x000002b6722b9000

Marking Bits (Prev, Next): (CMBitMap*) 0x000002b66ad6cc20, (CMBitMap*) 0x000002b66ad6cc60
 Prev Bits: [0x000002b672e40000, 0x000002b674a08000)
 Next Bits: [0x000002b674a10000, 0x000002b6765d8000)

Polling page: 0x000002b66aae0000

Metaspace:

Usage:
  Non-class:     46.02 MB used.
      Class:      7.04 MB used.
       Both:     53.06 MB used.

Virtual space:
  Non-class space:       48.00 MB reserved,      46.25 MB ( 96%) committed,  6 nodes.
      Class space:        1.00 GB reserved,       7.25 MB ( <1%) committed,  1 nodes.
             Both:        1.05 GB reserved,      53.50 MB (  5%) committed. 

Chunk freelists:
   Non-Class:  1.21 MB
       Class:  753.00 KB
        Both:  1.95 MB

MaxMetaspaceSize: unlimited
CompressedClassSpaceSize: 1.00 GB
Initial GC threshold: 21.00 MB
Current GC threshold: 89.19 MB
CDS: off
MetaspaceReclaimPolicy: balanced
 - commit_granule_bytes: 65536.
 - commit_granule_words: 8192.
 - virtual_space_node_default_size: 1048576.
 - enlarge_chunks_in_place: 1.
 - new_chunks_are_fully_committed: 0.
 - uncommit_free_chunks: 1.
 - use_allocation_guard: 0.
 - handle_deallocations: 1.


Internal statistics:

num_allocs_failed_limit: 8.
num_arena_births: 742.
num_arena_deaths: 290.
num_vsnodes_births: 7.
num_vsnodes_deaths: 0.
num_space_committed: 857.
num_space_uncommitted: 1.
num_chunks_returned_to_freelist: 371.
num_chunks_taken_from_freelist: 2633.
num_chunk_merges: 125.
num_chunk_splits: 1730.
num_chunks_enlarged: 1288.
num_purges: 24.
num_inconsistent_stats: 0.

CodeCache: size=49152Kb used=21885Kb max_used=22089Kb free=27266Kb
 bounds [0x000002b66f1a0000, 0x000002b670780000, 0x000002b6721a0000]
 total_blobs=11529 nmethods=10916 adapters=540
 compilation: enabled
              stopped_count=0, restarted_count=0
 full_count=0

Compilation events (20 events):
Event: 17705.581 Thread 0x000002b67940f8e0 11076       1       java.lang.StringConcatHelper::prepend (22 bytes)
Event: 17705.581 Thread 0x000002b67940f8e0 nmethod 11076 0x000002b670764590 code [0x000002b670764740, 0x000002b670764838]
Event: 17705.581 Thread 0x000002b67940f8e0 11077       1       java.lang.StringConcatHelper::prepend (38 bytes)
Event: 17705.581 Thread 0x000002b67940f8e0 nmethod 11077 0x000002b670764210 code [0x000002b6707643a0, 0x000002b6707644b8]
Event: 18430.710 Thread 0x000002b67940f8e0 11078   !   1       reactor.core.publisher.FluxSubscribeOnCallable$CallableSubscribeOnSubscription::request (114 bytes)
Event: 18430.712 Thread 0x000002b67940f8e0 nmethod 11078 0x000002b670763210 code [0x000002b6707634a0, 0x000002b670763ce8]
Event: 18469.167 Thread 0x000002b67940f8e0 11079       1       org.springframework.ide.vscode.commons.languageserver.util.SimpleWorkspaceService::lambda$symbol$0 (46 bytes)
Event: 18469.168 Thread 0x000002b67940f8e0 nmethod 11079 0x000002b670762a90 code [0x000002b670762c60, 0x000002b670763008]
Event: 18469.168 Thread 0x000002b67940f8e0 11080       1       org.springframework.ide.vscode.boot.java.handlers.BootJavaWorkspaceSymbolHandler::handle (43 bytes)
Event: 18469.168 Thread 0x000002b67940f8e0 nmethod 11080 0x000002b670762590 code [0x000002b670762760, 0x000002b670762908]
Event: 18469.168 Thread 0x000002b67940f8e0 11081   !   1       org.springframework.ide.vscode.boot.app.SpringSymbolIndex::getAllSymbols (104 bytes)
Event: 18469.172 Thread 0x000002b67940f8e0 nmethod 11081 0x000002b670761410 code [0x000002b670761680, 0x000002b670761f28]
Event: 18469.172 Thread 0x000002b67940f8e0 11082       1       org.springframework.ide.vscode.boot.app.SpringSymbolIndex::searchMatchingSymbols (168 bytes)
Event: 18469.175 Thread 0x000002b67940f8e0 nmethod 11082 0x000002b67075fb90 code [0x000002b67075fea0, 0x000002b670760ba8]
Event: 18469.175 Thread 0x000002b67940f8e0 11083       1       org.springframework.ide.vscode.boot.app.SpringSymbolIndex$$Lambda$536/0x00000001004ba9f8::<init> (10 bytes)
Event: 18469.175 Thread 0x000002b67940f8e0 nmethod 11083 0x000002b67075f890 code [0x000002b67075fa20, 0x000002b67075fb38]
Event: 18469.175 Thread 0x000002b67940f8e0 11084       1       org.springframework.ide.vscode.boot.app.SpringSymbolIndex$$Lambda$537/0x00000001004bac48::<init> (10 bytes)
Event: 18469.176 Thread 0x000002b67940f8e0 nmethod 11084 0x000002b67075f590 code [0x000002b67075f720, 0x000002b67075f838]
Event: 18469.176 Thread 0x000002b67940f8e0 11085       1       java.util.stream.ReferencePipeline::limit (25 bytes)
Event: 18469.176 Thread 0x000002b67940f8e0 nmethod 11085 0x000002b67075f110 code [0x000002b67075f2c0, 0x000002b67075f468]

GC Heap History (20 events):
Event: 18925.077 GC heap before
{Heap before GC invocations=1436 (full 1272):
 garbage-first heap   total 119808K, used 36799K [0x0000000090e00000, 0x0000000100000000)
  region size 1024K, 1 young (1024K), 0 survivors (0K)
 Metaspace       used 54330K, committed 54784K, reserved 1097728K
  class space    used 7208K, committed 7424K, reserved 1048576K
}
Event: 18925.140 GC heap after
{Heap after GC invocations=1437 (full 1273):
 garbage-first heap   total 119808K, used 36799K [0x0000000090e00000, 0x0000000100000000)
  region size 1024K, 0 young (0K), 0 survivors (0K)
 Metaspace       used 54330K, committed 54784K, reserved 1097728K
  class space    used 7208K, committed 7424K, reserved 1048576K
}
Event: 18935.646 GC heap before
{Heap before GC invocations=1437 (full 1273):
 garbage-first heap   total 119808K, used 36799K [0x0000000090e00000, 0x0000000100000000)
  region size 1024K, 1 young (1024K), 0 survivors (0K)
 Metaspace       used 54330K, committed 54784K, reserved 1097728K
  class space    used 7208K, committed 7424K, reserved 1048576K
}
Event: 18935.716 GC heap after
{Heap after GC invocations=1438 (full 1274):
 garbage-first heap   total 119808K, used 36799K [0x0000000090e00000, 0x0000000100000000)
  region size 1024K, 0 young (0K), 0 survivors (0K)
 Metaspace       used 54330K, committed 54784K, reserved 1097728K
  class space    used 7208K, committed 7424K, reserved 1048576K
}
Event: 18975.955 GC heap before
{Heap before GC invocations=1438 (full 1274):
 garbage-first heap   total 119808K, used 36799K [0x0000000090e00000, 0x0000000100000000)
  region size 1024K, 1 young (1024K), 0 survivors (0K)
 Metaspace       used 54330K, committed 54784K, reserved 1097728K
  class space    used 7208K, committed 7424K, reserved 1048576K
}
Event: 18976.022 GC heap after
{Heap after GC invocations=1439 (full 1275):
 garbage-first heap   total 119808K, used 36799K [0x0000000090e00000, 0x0000000100000000)
  region size 1024K, 0 young (0K), 0 survivors (0K)
 Metaspace       used 54330K, committed 54784K, reserved 1097728K
  class space    used 7208K, committed 7424K, reserved 1048576K
}
Event: 18986.332 GC heap before
{Heap before GC invocations=1439 (full 1275):
 garbage-first heap   total 119808K, used 36799K [0x0000000090e00000, 0x0000000100000000)
  region size 1024K, 1 young (1024K), 0 survivors (0K)
 Metaspace       used 54330K, committed 54784K, reserved 1097728K
  class space    used 7208K, committed 7424K, reserved 1048576K
}
Event: 18986.451 GC heap after
{Heap after GC invocations=1440 (full 1276):
 garbage-first heap   total 119808K, used 36799K [0x0000000090e00000, 0x0000000100000000)
  region size 1024K, 0 young (0K), 0 survivors (0K)
 Metaspace       used 54330K, committed 54784K, reserved 1097728K
  class space    used 7208K, committed 7424K, reserved 1048576K
}
Event: 18996.672 GC heap before
{Heap before GC invocations=1440 (full 1276):
 garbage-first heap   total 119808K, used 36799K [0x0000000090e00000, 0x0000000100000000)
  region size 1024K, 1 young (1024K), 0 survivors (0K)
 Metaspace       used 54330K, committed 54784K, reserved 1097728K
  class space    used 7208K, committed 7424K, reserved 1048576K
}
Event: 18996.734 GC heap after
{Heap after GC invocations=1441 (full 1277):
 garbage-first heap   total 119808K, used 36799K [0x0000000090e00000, 0x0000000100000000)
  region size 1024K, 0 young (0K), 0 survivors (0K)
 Metaspace       used 54330K, committed 54784K, reserved 1097728K
  class space    used 7208K, committed 7424K, reserved 1048576K
}
Event: 19006.966 GC heap before
{Heap before GC invocations=1441 (full 1277):
 garbage-first heap   total 119808K, used 36799K [0x0000000090e00000, 0x0000000100000000)
  region size 1024K, 1 young (1024K), 0 survivors (0K)
 Metaspace       used 54330K, committed 54784K, reserved 1097728K
  class space    used 7208K, committed 7424K, reserved 1048576K
}
Event: 19007.030 GC heap after
{Heap after GC invocations=1442 (full 1278):
 garbage-first heap   total 119808K, used 36799K [0x0000000090e00000, 0x0000000100000000)
  region size 1024K, 0 young (0K), 0 survivors (0K)
 Metaspace       used 54330K, committed 54784K, reserved 1097728K
  class space    used 7208K, committed 7424K, reserved 1048576K
}
Event: 19017.586 GC heap before
{Heap before GC invocations=1442 (full 1278):
 garbage-first heap   total 119808K, used 36799K [0x0000000090e00000, 0x0000000100000000)
  region size 1024K, 1 young (1024K), 0 survivors (0K)
 Metaspace       used 54330K, committed 54784K, reserved 1097728K
  class space    used 7208K, committed 7424K, reserved 1048576K
}
Event: 19017.649 GC heap after
{Heap after GC invocations=1443 (full 1279):
 garbage-first heap   total 119808K, used 36799K [0x0000000090e00000, 0x0000000100000000)
  region size 1024K, 0 young (0K), 0 survivors (0K)
 Metaspace       used 54330K, committed 54784K, reserved 1097728K
  class space    used 7208K, committed 7424K, reserved 1048576K
}
Event: 19067.869 GC heap before
{Heap before GC invocations=1443 (full 1279):
 garbage-first heap   total 119808K, used 36799K [0x0000000090e00000, 0x0000000100000000)
  region size 1024K, 1 young (1024K), 0 survivors (0K)
 Metaspace       used 54330K, committed 54784K, reserved 1097728K
  class space    used 7208K, committed 7424K, reserved 1048576K
}
Event: 19067.930 GC heap after
{Heap after GC invocations=1444 (full 1280):
 garbage-first heap   total 119808K, used 36799K [0x0000000090e00000, 0x0000000100000000)
  region size 1024K, 0 young (0K), 0 survivors (0K)
 Metaspace       used 54330K, committed 54784K, reserved 1097728K
  class space    used 7208K, committed 7424K, reserved 1048576K
}
Event: 19078.328 GC heap before
{Heap before GC invocations=1444 (full 1280):
 garbage-first heap   total 119808K, used 36799K [0x0000000090e00000, 0x0000000100000000)
  region size 1024K, 1 young (1024K), 0 survivors (0K)
 Metaspace       used 54330K, committed 54784K, reserved 1097728K
  class space    used 7208K, committed 7424K, reserved 1048576K
}
Event: 19078.447 GC heap after
{Heap after GC invocations=1445 (full 1281):
 garbage-first heap   total 119808K, used 36799K [0x0000000090e00000, 0x0000000100000000)
  region size 1024K, 0 young (0K), 0 survivors (0K)
 Metaspace       used 54330K, committed 54784K, reserved 1097728K
  class space    used 7208K, committed 7424K, reserved 1048576K
}
Event: 19188.819 GC heap before
{Heap before GC invocations=1445 (full 1281):
 garbage-first heap   total 119808K, used 37823K [0x0000000090e00000, 0x0000000100000000)
  region size 1024K, 2 young (2048K), 0 survivors (0K)
 Metaspace       used 54330K, committed 54784K, reserved 1097728K
  class space    used 7208K, committed 7424K, reserved 1048576K
}
Event: 19188.885 GC heap after
{Heap after GC invocations=1446 (full 1282):
 garbage-first heap   total 119808K, used 36799K [0x0000000090e00000, 0x0000000100000000)
  region size 1024K, 0 young (0K), 0 survivors (0K)
 Metaspace       used 54330K, committed 54784K, reserved 1097728K
  class space    used 7208K, committed 7424K, reserved 1048576K
}

Dll operation events (8 events):
Event: 0.009 Loaded shared library c:\Users\Usuario\.vscode\extensions\redhat.java-1.13.0-win32-x64\jre\17.0.5-win32-x86_64\bin\java.dll
Event: 0.290 Loaded shared library C:\Users\Usuario\.vscode\extensions\redhat.java-1.13.0-win32-x64\jre\17.0.5-win32-x86_64\bin\net.dll
Event: 0.292 Loaded shared library C:\Users\Usuario\.vscode\extensions\redhat.java-1.13.0-win32-x64\jre\17.0.5-win32-x86_64\bin\nio.dll
Event: 0.307 Loaded shared library C:\Users\Usuario\.vscode\extensions\redhat.java-1.13.0-win32-x64\jre\17.0.5-win32-x86_64\bin\zip.dll
Event: 0.891 Loaded shared library c:\Users\Usuario\.vscode\extensions\redhat.java-1.13.0-win32-x64\jre\17.0.5-win32-x86_64\bin\verify.dll
Event: 0.937 Loaded shared library C:\Users\Usuario\.vscode\extensions\redhat.java-1.13.0-win32-x64\jre\17.0.5-win32-x86_64\bin\jimage.dll
Event: 4.205 Loaded shared library C:\Users\Usuario\.vscode\extensions\redhat.java-1.13.0-win32-x64\jre\17.0.5-win32-x86_64\bin\management.dll
Event: 4.209 Loaded shared library C:\Users\Usuario\.vscode\extensions\redhat.java-1.13.0-win32-x64\jre\17.0.5-win32-x86_64\bin\management_ext.dll

Deoptimization events (20 events):
Event: 1295.057 Thread 0x000002b6794fd090 DEOPT PACKING pc=0x000002b66f98c1cc sp=0x000000c1378fe970
Event: 1295.057 Thread 0x000002b6794fd090 DEOPT UNPACKING pc=0x000002b66f1f2b43 sp=0x000000c1378fde50 mode 0
Event: 1446.220 Thread 0x000002b67d4804f0 DEOPT PACKING pc=0x000002b6702f9c98 sp=0x000000c1376fdc60
Event: 1446.220 Thread 0x000002b67d4804f0 DEOPT UNPACKING pc=0x000002b66f1f2b43 sp=0x000000c1376fd158 mode 3
Event: 1452.011 Thread 0x000002b67d47ae50 DEOPT PACKING pc=0x000002b6703231d0 sp=0x000000c1372fe660
Event: 1452.011 Thread 0x000002b67d47ae50 DEOPT UNPACKING pc=0x000002b66f1f2b43 sp=0x000000c1372fdb40 mode 3
Event: 1455.685 Thread 0x000002b67d47ae50 DEOPT PACKING pc=0x000002b670342c9f sp=0x000000c1372fdb60
Event: 1455.685 Thread 0x000002b67d47ae50 DEOPT UNPACKING pc=0x000002b66f1f2b43 sp=0x000000c1372fd598 mode 3
Event: 1500.430 Thread 0x000002b67d47c190 DEOPT PACKING pc=0x000002b6700c01b4 sp=0x000000c1358fea10
Event: 1500.430 Thread 0x000002b67d47c190 DEOPT UNPACKING pc=0x000002b66f1f2b43 sp=0x000000c1358fdf48 mode 0
Event: 3793.037 Thread 0x000002b67d47c190 DEOPT PACKING pc=0x000002b6704ee08f sp=0x000000c1372fe2f0
Event: 3793.038 Thread 0x000002b67d47c190 DEOPT UNPACKING pc=0x000002b66f1f2b43 sp=0x000000c1372fd840 mode 3
Event: 3802.015 Thread 0x000002b67d47f1b0 DEOPT PACKING pc=0x000002b6704e502b sp=0x000000c1375fec70
Event: 3802.015 Thread 0x000002b67d47f1b0 DEOPT UNPACKING pc=0x000002b66f1f2b43 sp=0x000000c1375fe170 mode 3
Event: 3812.191 Thread 0x000002b67d4804f0 DEOPT PACKING pc=0x000002b66fde910a sp=0x000000c1358fe2c0
Event: 3812.191 Thread 0x000002b67d4804f0 DEOPT UNPACKING pc=0x000002b66f1f2b43 sp=0x000000c1358fd730 mode 3
Event: 4206.557 Thread 0x000002b67d479fe0 DEOPT PACKING pc=0x000002b6702331bb sp=0x000000c1372fec30
Event: 4206.557 Thread 0x000002b67d479fe0 DEOPT UNPACKING pc=0x000002b66f1f2b43 sp=0x000000c1372fe100 mode 3
Event: 5916.903 Thread 0x000002b67d47de70 DEOPT PACKING pc=0x000002b66ffe693c sp=0x000000c1375fdfb0
Event: 5916.903 Thread 0x000002b67d47de70 DEOPT UNPACKING pc=0x000002b66f1f2b43 sp=0x000000c1375fd498 mode 0

Classes unloaded (20 events):
Event: 4599.544 Thread 0x000002b6789a7b80 Unloading class 0x000000010073c400 'jdk/internal/reflect/GeneratedConstructorAccessor67'
Event: 4599.544 Thread 0x000002b6789a7b80 Unloading class 0x000000010073d000 'jdk/internal/reflect/GeneratedMethodAccessor62'
Event: 4599.544 Thread 0x000002b6789a7b80 Unloading class 0x0000000100740400 'jdk/internal/reflect/GeneratedMethodAccessor61'
Event: 4599.544 Thread 0x000002b6789a7b80 Unloading class 0x0000000100740800 'jdk/internal/reflect/GeneratedMethodAccessor60'
Event: 6282.739 Thread 0x000002b6789a7b80 Unloading class 0x000000010073cc00 'jdk/internal/reflect/GeneratedMethodAccessor69'
Event: 6282.739 Thread 0x000002b6789a7b80 Unloading class 0x000000010073c800 'jdk/internal/reflect/GeneratedConstructorAccessor70'
Event: 6282.739 Thread 0x000002b6789a7b80 Unloading class 0x0000000100740800 'jdk/internal/reflect/GeneratedMethodAccessor68'
Event: 6282.739 Thread 0x000002b6789a7b80 Unloading class 0x0000000100740400 'jdk/internal/reflect/GeneratedConstructorAccessor69'
Event: 6282.739 Thread 0x000002b6789a7b80 Unloading class 0x000000010073d000 'jdk/internal/reflect/GeneratedMethodAccessor67'
Event: 6282.739 Thread 0x000002b6789a7b80 Unloading class 0x000000010073c400 'jdk/internal/reflect/GeneratedMethodAccessor66'
Event: 6282.739 Thread 0x000002b6789a7b80 Unloading class 0x0000000100730400 'jdk/internal/reflect/GeneratedMethodAccessor65'
Event: 16672.003 Thread 0x000002b6789a7b80 Unloading class 0x0000000100730c00 'jdk/internal/reflect/GeneratedConstructorAccessor74'
Event: 16672.003 Thread 0x000002b6789a7b80 Unloading class 0x0000000100730800 'jdk/internal/reflect/GeneratedConstructorAccessor73'
Event: 16886.664 Thread 0x000002b6789a7b80 Unloading class 0x000000010073cc00 'jdk/internal/reflect/GeneratedMethodAccessor74'
Event: 16886.664 Thread 0x000002b6789a7b80 Unloading class 0x000000010073c800 'jdk/internal/reflect/GeneratedConstructorAccessor72'
Event: 16886.664 Thread 0x000002b6789a7b80 Unloading class 0x0000000100730400 'jdk/internal/reflect/GeneratedMethodAccessor73'
Event: 16886.664 Thread 0x000002b6789a7b80 Unloading class 0x000000010073c400 'jdk/internal/reflect/GeneratedConstructorAccessor71'
Event: 16886.664 Thread 0x000002b6789a7b80 Unloading class 0x000000010073d000 'jdk/internal/reflect/GeneratedMethodAccessor72'
Event: 16886.664 Thread 0x000002b6789a7b80 Unloading class 0x0000000100740400 'jdk/internal/reflect/GeneratedMethodAccessor71'
Event: 16886.664 Thread 0x000002b6789a7b80 Unloading class 0x0000000100740800 'jdk/internal/reflect/GeneratedMethodAccessor70'

Classes redefined (0 events):
No events

Internal exceptions (20 events):
Event: 293.257 Thread 0x000002b6794fbd50 Exception <a 'java/lang/NoSuchMethodError'{0x0000000097fecb80}: 'java.lang.Object java.lang.invoke.Invokers$Holder.linkToTargetMethod(java.lang.Object, java.lang.Object, java.lang.Object, java.lang.Object, java.lang.Object, java.lang.Object, java.lang.Object)'> (0x0000000097fecb80) 
thrown [s\src\hotspot\share\interpreter\linkResolver.cpp, line 759]
Event: 294.380 Thread 0x000002b6794fe3d0 Exception <a 'java/lang/IncompatibleClassChangeError'{0x0000000096d8beb8}: Found class java.lang.Object, but interface was expected> (0x0000000096d8beb8) 
thrown [s\src\hotspot\share\interpreter\linkResolver.cpp, line 826]
Event: 295.002 Thread 0x000002b6794fe3d0 Exception <a 'java/lang/NoSuchMethodError'{0x0000000095bc00f0}: 'int java.lang.invoke.DirectMethodHandle$Holder.invokeSpecialIFC(java.lang.Object, java.lang.Object, java.lang.Object)'> (0x0000000095bc00f0) 
thrown [s\src\hotspot\share\interpreter\linkResolver.cpp, line 759]
Event: 1203.493 Thread 0x000002b6794fe8a0 Implicit null exception at 0x000002b66fd97e44 to 0x000002b66fd98069
Event: 1204.388 Thread 0x000002b6794fd560 Implicit null exception at 0x000002b66fe0cb90 to 0x000002b66fe0d13f
Event: 1256.900 Thread 0x000002b6794fd560 Exception <a 'java/lang/NoSuchMethodError'{0x0000000095d298b0}: 'java.lang.Object java.lang.invoke.DirectMethodHandle$Holder.invokeSpecial(java.lang.Object, java.lang.Object, int, java.lang.Object, java.lang.Object)'> (0x0000000095d298b0) 
thrown [s\src\hotspot\share\interpreter\linkResolver.cpp, line 759]
Event: 1256.901 Thread 0x000002b6794fd560 Exception <a 'java/lang/NoSuchMethodError'{0x0000000095d314f0}: 'java.lang.Object java.lang.invoke.DirectMethodHandle$Holder.newInvokeSpecial(java.lang.Object, java.lang.Object, int, java.lang.Object)'> (0x0000000095d314f0) 
thrown [s\src\hotspot\share\interpreter\linkResolver.cpp, line 759]
Event: 1256.901 Thread 0x000002b6794fd560 Exception <a 'java/lang/NoSuchMethodError'{0x0000000095d34e10}: 'java.lang.Object java.lang.invoke.Invokers$Holder.linkToTargetMethod(java.lang.Object, int, java.lang.Object, java.lang.Object)'> (0x0000000095d34e10) 
thrown [s\src\hotspot\share\interpreter\linkResolver.cpp, line 759]
Event: 1259.247 Thread 0x000002b6794fe3d0 Implicit null exception at 0x000002b66ff69362 to 0x000002b66ff69eb1
Event: 1263.548 Thread 0x000002b6794fe3d0 Implicit null exception at 0x000002b66fed7f5a to 0x000002b66fed819b
Event: 1270.970 Thread 0x000002b6794fc220 Implicit null exception at 0x000002b66ffde2b5 to 0x000002b66ffde561
Event: 1446.220 Thread 0x000002b67d4804f0 Implicit null exception at 0x000002b6702f993a to 0x000002b6702f9c93
Event: 1452.011 Thread 0x000002b67d47ae50 Implicit null exception at 0x000002b670322f85 to 0x000002b6703231cb
Event: 3793.037 Thread 0x000002b67d47c190 Implicit null exception at 0x000002b6704ed984 to 0x000002b6704ee08a
Event: 3802.015 Thread 0x000002b67d47f1b0 Implicit null exception at 0x000002b6704e4755 to 0x000002b6704e5026
Event: 3812.191 Thread 0x000002b67d4804f0 Implicit null exception at 0x000002b66fde8f90 to 0x000002b66fde9105
Event: 3911.057 Thread 0x000002b67d47e810 Exception <a 'java/lang/NoSuchMethodError'{0x0000000097115a10}: 'java.lang.Object java.lang.invoke.DirectMethodHandle$Holder.newInvokeSpecial(java.lang.Object, java.lang.Object, java.lang.Object, int)'> (0x0000000097115a10) 
thrown [s\src\hotspot\share\interpreter\linkResolver.cpp, line 759]
Event: 3911.058 Thread 0x000002b67d47e810 Exception <a 'java/lang/NoSuchMethodError'{0x0000000097119cf8}: 'java.lang.Object java.lang.invoke.DirectMethodHandle$Holder.invokeSpecial(java.lang.Object, java.lang.Object, java.lang.Object, java.lang.Object, int)'> (0x0000000097119cf8) 
thrown [s\src\hotspot\share\interpreter\linkResolver.cpp, line 759]
Event: 3911.082 Thread 0x000002b67d47e810 Exception <a 'java/lang/NoSuchMethodError'{0x000000009711d8c0}: 'java.lang.Object java.lang.invoke.Invokers$Holder.linkToTargetMethod(java.lang.Object, java.lang.Object, int, java.lang.Object)'> (0x000000009711d8c0) 
thrown [s\src\hotspot\share\interpreter\linkResolver.cpp, line 759]
Event: 4206.557 Thread 0x000002b67d479fe0 Implicit null exception at 0x000002b670231f04 to 0x000002b6702331b6

VM Operations (20 events):
Event: 18925.140 Executing VM operation: G1CollectFull done
Event: 18935.645 Executing VM operation: G1CollectFull
Event: 18935.716 Executing VM operation: G1CollectFull done
Event: 18975.955 Executing VM operation: G1CollectFull
Event: 18976.022 Executing VM operation: G1CollectFull done
Event: 18986.331 Executing VM operation: G1CollectFull
Event: 18986.452 Executing VM operation: G1CollectFull done
Event: 18996.672 Executing VM operation: G1CollectFull
Event: 18996.734 Executing VM operation: G1CollectFull done
Event: 19006.966 Executing VM operation: G1CollectFull
Event: 19007.030 Executing VM operation: G1CollectFull done
Event: 19017.586 Executing VM operation: G1CollectFull
Event: 19017.649 Executing VM operation: G1CollectFull done
Event: 19067.869 Executing VM operation: G1CollectFull
Event: 19067.931 Executing VM operation: G1CollectFull done
Event: 19078.328 Executing VM operation: G1CollectFull
Event: 19078.447 Executing VM operation: G1CollectFull done
Event: 19188.819 Executing VM operation: G1CollectFull
Event: 19188.885 Executing VM operation: G1CollectFull done
Event: 19199.564 Executing VM operation: G1CollectFull

Events (20 events):
Event: 17043.016 Thread 0x000002b67d47cb30 Thread exited: 0x000002b67d47cb30
Event: 17103.019 Thread 0x000002b67d47ece0 Thread exited: 0x000002b67d47ece0
Event: 17686.541 Thread 0x000002b67d47e810 Thread added: 0x000002b67d47e810
Event: 17686.557 Thread 0x000002b67d47d4d0 Thread added: 0x000002b67d47d4d0
Event: 17686.557 Thread 0x000002b67d47e810 Thread exited: 0x000002b67d47e810
Event: 17686.859 Thread 0x000002b67d479fe0 Thread added: 0x000002b67d479fe0
Event: 17686.880 Thread 0x000002b67d479fe0 Thread exited: 0x000002b67d479fe0
Event: 17688.147 Thread 0x000002b67d47f680 Thread added: 0x000002b67d47f680
Event: 17688.177 Thread 0x000002b67d47f680 Thread exited: 0x000002b67d47f680
Event: 17688.471 Thread 0x000002b67d47d000 Thread added: 0x000002b67d47d000
Event: 17688.476 Thread 0x000002b67d47d000 Thread exited: 0x000002b67d47d000
Event: 17700.075 Thread 0x000002b67d47f1b0 Thread added: 0x000002b67d47f1b0
Event: 17700.110 Thread 0x000002b67d47f1b0 Thread exited: 0x000002b67d47f1b0
Event: 17700.203 Thread 0x000002b67d47e340 Thread added: 0x000002b67d47e340
Event: 17700.214 Thread 0x000002b67d47e340 Thread exited: 0x000002b67d47e340
Event: 17703.870 Thread 0x000002b67d480020 Thread added: 0x000002b67d480020
Event: 17703.893 Thread 0x000002b67d480020 Thread exited: 0x000002b67d480020
Event: 17722.863 Thread 0x000002b67d47b7f0 Thread added: 0x000002b67d47b7f0
Event: 17722.873 Thread 0x000002b67d47b7f0 Thread exited: 0x000002b67d47b7f0
Event: 17812.196 Thread 0x000002b67d47d4d0 Thread exited: 0x000002b67d47d4d0


Dynamic libraries:
0x00007ff738ec0000 - 0x00007ff738ece000 	c:\Users\Usuario\.vscode\extensions\redhat.java-1.13.0-win32-x64\jre\17.0.5-win32-x86_64\bin\java.exe
0x00007ff861910000 - 0x00007ff861afd000 	C:\Windows\SYSTEM32\ntdll.dll
0x00007ff85f530000 - 0x00007ff85f5e3000 	C:\Windows\System32\KERNEL32.DLL
0x00007ff85dad0000 - 0x00007ff85dd63000 	C:\Windows\System32\KERNELBASE.dll
0x00007ff85e940000 - 0x00007ff85ea3c000 	C:\Windows\System32\ucrtbase.dll
0x00007ff8501c0000 - 0x00007ff8501d7000 	c:\Users\Usuario\.vscode\extensions\redhat.java-1.13.0-win32-x64\jre\17.0.5-win32-x86_64\bin\jli.dll
0x00007ff84c4f0000 - 0x00007ff84c509000 	c:\Users\Usuario\.vscode\extensions\redhat.java-1.13.0-win32-x64\jre\17.0.5-win32-x86_64\bin\VCRUNTIME140.dll
0x00007ff85ec10000 - 0x00007ff85eda7000 	C:\Windows\System32\USER32.dll
0x00007ff85dab0000 - 0x00007ff85dad0000 	C:\Windows\System32\win32u.dll
0x00007ff84f680000 - 0x00007ff84f8f9000 	C:\Windows\WinSxS\amd64_microsoft.windows.common-controls_6595b64144ccf1df_6.0.17763.1_none_f040600eff408c2d\COMCTL32.dll
0x00007ff85f500000 - 0x00007ff85f529000 	C:\Windows\System32\GDI32.dll
0x00007ff85dd70000 - 0x00007ff85df0a000 	C:\Windows\System32\gdi32full.dll
0x00007ff85eb70000 - 0x00007ff85ec0e000 	C:\Windows\System32\msvcrt.dll
0x00007ff85e660000 - 0x00007ff85e700000 	C:\Windows\System32\msvcp_win.dll
0x00007ff85fb90000 - 0x00007ff85febe000 	C:\Windows\System32\combase.dll
0x00007ff860020000 - 0x00007ff860143000 	C:\Windows\System32\RPCRT4.dll
0x00007ff85da30000 - 0x00007ff85daae000 	C:\Windows\System32\bcryptPrimitives.dll
0x00007ff8616b0000 - 0x00007ff8616de000 	C:\Windows\System32\IMM32.DLL
0x00007ff856370000 - 0x00007ff85637c000 	c:\Users\Usuario\.vscode\extensions\redhat.java-1.13.0-win32-x64\jre\17.0.5-win32-x86_64\bin\vcruntime140_1.dll
0x00007ff8358a0000 - 0x00007ff835931000 	c:\Users\Usuario\.vscode\extensions\redhat.java-1.13.0-win32-x64\jre\17.0.5-win32-x86_64\bin\msvcp140.dll
0x00007ff8293e0000 - 0x00007ff82a024000 	c:\Users\Usuario\.vscode\extensions\redhat.java-1.13.0-win32-x64\jre\17.0.5-win32-x86_64\bin\server\jvm.dll
0x00007ff85fec0000 - 0x00007ff85ff63000 	C:\Windows\System32\ADVAPI32.dll
0x00007ff85faf0000 - 0x00007ff85fb8e000 	C:\Windows\System32\sechost.dll
0x00007ff84c7b0000 - 0x00007ff84c7b9000 	C:\Windows\SYSTEM32\WSOCK32.dll
0x00007ff85b810000 - 0x00007ff85b834000 	C:\Windows\SYSTEM32\WINMM.dll
0x00007ff85edb0000 - 0x00007ff85ee1d000 	C:\Windows\System32\WS2_32.dll
0x00007ff8591c0000 - 0x00007ff8591ca000 	C:\Windows\SYSTEM32\VERSION.dll
0x00007ff85b750000 - 0x00007ff85b77d000 	C:\Windows\SYSTEM32\WINMMBASE.dll
0x00007ff85ea40000 - 0x00007ff85ea8a000 	C:\Windows\System32\cfgmgr32.dll
0x00007ff85d9f0000 - 0x00007ff85da01000 	C:\Windows\System32\kernel.appcore.dll
0x00007ff855d90000 - 0x00007ff855d9a000 	c:\Users\Usuario\.vscode\extensions\redhat.java-1.13.0-win32-x64\jre\17.0.5-win32-x86_64\bin\jimage.dll
0x00007ff84b0b0000 - 0x00007ff84b29d000 	C:\Windows\SYSTEM32\DBGHELP.DLL
0x00007ff84c580000 - 0x00007ff84c5aa000 	C:\Windows\SYSTEM32\dbgcore.DLL
0x00007ff848a10000 - 0x00007ff848a35000 	c:\Users\Usuario\.vscode\extensions\redhat.java-1.13.0-win32-x64\jre\17.0.5-win32-x86_64\bin\java.dll
0x00007ff83d4a0000 - 0x00007ff83d4b8000 	c:\Users\Usuario\.vscode\extensions\redhat.java-1.13.0-win32-x64\jre\17.0.5-win32-x86_64\bin\zip.dll
0x00007ff860150000 - 0x00007ff86163f000 	C:\Windows\System32\SHELL32.dll
0x00007ff85ff70000 - 0x00007ff860018000 	C:\Windows\System32\shcore.dll
0x00007ff85df10000 - 0x00007ff85e658000 	C:\Windows\System32\windows.storage.dll
0x00007ff85d940000 - 0x00007ff85d964000 	C:\Windows\System32\profapi.dll
0x00007ff85d990000 - 0x00007ff85d9ed000 	C:\Windows\System32\powrprof.dll
0x00007ff85f2c0000 - 0x00007ff85f312000 	C:\Windows\System32\shlwapi.dll
0x00007ff85da10000 - 0x00007ff85da27000 	C:\Windows\System32\cryptsp.dll
0x00007ff83cd40000 - 0x00007ff83cd59000 	C:\Users\Usuario\.vscode\extensions\redhat.java-1.13.0-win32-x64\jre\17.0.5-win32-x86_64\bin\net.dll
0x00007ff857440000 - 0x00007ff857531000 	C:\Windows\SYSTEM32\WINHTTP.dll
0x00007ff85d170000 - 0x00007ff85d1d7000 	C:\Windows\system32\mswsock.dll
0x00007ff83cd20000 - 0x00007ff83cd35000 	C:\Users\Usuario\.vscode\extensions\redhat.java-1.13.0-win32-x64\jre\17.0.5-win32-x86_64\bin\nio.dll
0x00007ff855630000 - 0x00007ff855640000 	c:\Users\Usuario\.vscode\extensions\redhat.java-1.13.0-win32-x64\jre\17.0.5-win32-x86_64\bin\verify.dll
0x00007ff857080000 - 0x00007ff857089000 	C:\Users\Usuario\.vscode\extensions\redhat.java-1.13.0-win32-x64\jre\17.0.5-win32-x86_64\bin\management.dll
0x00007ff856440000 - 0x00007ff85644b000 	C:\Users\Usuario\.vscode\extensions\redhat.java-1.13.0-win32-x64\jre\17.0.5-win32-x86_64\bin\management_ext.dll
0x00007ff861640000 - 0x00007ff861648000 	C:\Windows\System32\PSAPI.DLL
0x00007ff8466b0000 - 0x00007ff8466c6000 	C:\Windows\system32\napinsp.dll
0x00007ff846690000 - 0x00007ff8466aa000 	C:\Windows\system32\pnrpnsp.dll
0x00007ff85cf10000 - 0x00007ff85cfd6000 	C:\Windows\SYSTEM32\DNSAPI.dll
0x00007ff85f280000 - 0x00007ff85f288000 	C:\Windows\System32\NSI.dll
0x00007ff85ced0000 - 0x00007ff85cf0d000 	C:\Windows\SYSTEM32\IPHLPAPI.DLL
0x00007ff84d430000 - 0x00007ff84d43e000 	C:\Windows\System32\winrnr.dll
0x00007ff859fd0000 - 0x00007ff859feb000 	C:\Windows\system32\NLAapi.dll
0x00007ff84d410000 - 0x00007ff84d425000 	C:\Windows\system32\wshbth.dll
0x000000006bea0000 - 0x000000006bec6000 	C:\Program Files\Bonjour\mdnsNSP.dll
0x00007ff84ec40000 - 0x00007ff84ec4a000 	C:\Windows\System32\rasadhlp.dll
0x00007ff84fee0000 - 0x00007ff84ff59000 	C:\Windows\System32\fwpuclnt.dll
0x00007ff85eb40000 - 0x00007ff85eb66000 	C:\Windows\System32\bcrypt.dll
0x00007ff85cd30000 - 0x00007ff85cd63000 	C:\Windows\system32\rsaenh.dll
0x00007ff85d870000 - 0x00007ff85d898000 	C:\Windows\SYSTEM32\USERENV.dll
0x00007ff85d340000 - 0x00007ff85d34c000 	C:\Windows\SYSTEM32\CRYPTBASE.dll
0x00007ff852190000 - 0x00007ff8521a6000 	C:\Windows\SYSTEM32\dhcpcsvc6.DLL
0x00007ff854900000 - 0x00007ff85491c000 	C:\Windows\SYSTEM32\dhcpcsvc.DLL

dbghelp: loaded successfully - version: 4.0.5 - missing functions: none
symbol engine: initialized successfully - sym options: 0x614 - pdb path: .;c:\Users\Usuario\.vscode\extensions\redhat.java-1.13.0-win32-x64\jre\17.0.5-win32-x86_64\bin;C:\Windows\SYSTEM32;C:\Windows\WinSxS\amd64_microsoft.windows.common-controls_6595b64144ccf1df_6.0.17763.1_none_f040600eff408c2d;c:\Users\Usuario\.vscode\extensions\redhat.java-1.13.0-win32-x64\jre\17.0.5-win32-x86_64\bin\server;C:\Program Files\Bonjour

VM Arguments:
jvm_args: -Dsts.lsp.client=vscode -Dsts.log.file=/dev/null -XX:TieredStopAtLevel=1 -Xlog:jni+resolve=off -Dspring.config.location=file:c:\Users\Usuario\.vscode\extensions\pivotal.vscode-spring-boot-1.40.0\language-server\BOOT-INF\classes\application.properties 
java_command: org.springframework.ide.vscode.boot.app.BootLanguageServerBootApp
java_class_path (initial): c:\Users\Usuario\.vscode\extensions\pivotal.vscode-spring-boot-1.40.0\language-server\BOOT-INF\classes;c:\Users\Usuario\.vscode\extensions\pivotal.vscode-spring-boot-1.40.0\language-server\BOOT-INF\lib\annotations-23.0.0.jar;c:\Users\Usuario\.vscode\extensions\pivotal.vscode-spring-boot-1.40.0\language-server\BOOT-INF\lib\ant-1.10.12.jar;c:\Users\Usuario\.vscode\extensions\pivotal.vscode-spring-boot-1.40.0\language-server\BOOT-INF\lib\ant-launcher-1.10.12.jar;c:\Users\Usuario\.vscode\extensions\pivotal.vscode-spring-boot-1.40.0\language-server\BOOT-INF\lib\antlr-runtime-3.5.2.jar;c:\Users\Usuario\.vscode\extensions\pivotal.vscode-spring-boot-1.40.0\language-server\BOOT-INF\lib\antlr4-4.9.3.jar;c:\Users\Usuario\.vscode\extensions\pivotal.vscode-spring-boot-1.40.0\language-server\BOOT-INF\lib\antlr4-runtime-4.9.3.jar;c:\Users\Usuario\.vscode\extensions\pivotal.vscode-spring-boot-1.40.0\language-server\BOOT-INF\lib\asm-9.3.jar;c:\Users\Usuario\.vscode\extensions\pivotal.vscode-spring-boot-1.40.0\language-server\BOOT-INF\lib\asm-analysis-9.3.jar;c:\Users\Usuario\.vscode\extensions\pivotal.vscode-spring-boot-1.40.0\language-server\BOOT-INF\lib\asm-tree-9.3.jar;c:\Users\Usuario\.vscode\extensions\pivotal.vscode-spring-boot-1.40.0\language-server\BOOT-INF\lib\asm-util-9.3.jar;c:\Users\Usuario\.vscode\extensions\pivotal.vscode-spring-boot-1.40.0\language-server\BOOT-INF\lib\byte-buddy-1.12.13.jar;c:\Users\Usuario\.vscode\extensions\pivotal.vscode-spring-boot-1.40.0\language-server\BOOT-INF\lib\caffeine-2.9.3.jar;c:\Users\Usuario\.vscode\extensions\pivotal.vscode-spring-boot-1.40.0\language-server\BOOT-INF\lib\checker-qual-3.12.0.jar;c:\Users\Usuario\.vscode\extensions\pivotal.vscode-spring-boot-1.40.0\language-server\BOOT-INF\lib\classgraph-4.8.149.jar;c:\Users\Usuario\.vscode\extensions\pivotal.vscode-spring-boot-1.40.0\language-server\BOOT-INF\lib\commons-codec-1.15.jar;c:\Users\Usuario\.vscode\extensions\pivotal.vscode-spring-boot-1.40.0\lang
Launcher Type: SUN_STANDARD

[Global flags]
     intx CICompilerCount                          = 2                                         {product} {ergonomic}
     uint ConcGCThreads                            = 1                                         {product} {ergonomic}
     uint G1ConcRefinementThreads                  = 2                                         {product} {ergonomic}
   size_t G1HeapRegionSize                         = 1048576                                   {product} {ergonomic}
    uintx GCDrainStackTargetSize                   = 64                                        {product} {ergonomic}
   size_t InitialHeapSize                          = 117440512                                 {product} {ergonomic}
   size_t MarkStackSize                            = 4194304                                   {product} {ergonomic}
   size_t MaxHeapSize                              = 1864368128                                {product} {ergonomic}
   size_t MaxNewSize                               = 1117782016                                {product} {ergonomic}
   size_t MinHeapDeltaBytes                        = 1048576                                   {product} {ergonomic}
   size_t MinHeapSize                              = 8388608                                   {product} {ergonomic}
    uintx NonProfiledCodeHeapSize                  = 0                                      {pd product} {ergonomic}
     bool ProfileInterpreter                       = false                                  {pd product} {command line}
    uintx ProfiledCodeHeapSize                     = 0                                      {pd product} {ergonomic}
   size_t SoftMaxHeapSize                          = 1864368128                             {manageable} {ergonomic}
     intx TieredStopAtLevel                        = 1                                         {product} {command line}
     bool UseCompressedClassPointers               = true                           {product lp64_product} {ergonomic}
     bool UseCompressedOops                        = true                           {product lp64_product} {ergonomic}
     bool UseG1GC                                  = true                                      {product} {ergonomic}
     bool UseLargePagesIndividualAllocation        = false                                  {pd product} {ergonomic}

Logging:
Log output configuration:
 #0: stdout all=warning,jni+resolve=off uptime,level,tags
 #1: stderr all=off uptime,level,tags

Environment Variables:
JAVA_HOME=C:\Program Files\Java\jdk1.8.0_111
PATH=C:\oraclexe\app\oracle\product\11.2.0\server\bin;;C:\Program Files\Common Files\Oracle\Java\javapath;C:\Program Files (x86)\NVIDIA Corporation\PhysX\Common;C:\Program Files (x86)\Common Files\Oracle\Java\javapath;C:\ProgramData\Oracle\Java\javapath;C:\Program Files\Eclipse Adoptium\jre-8.0.312.7-hotspot\bin;C:\Windows\system32;C:\Windows;C:\Windows\System32\Wbem;C:\Windows\System32\WindowsPowerShell\v1.0\;C:\Windows\System32\OpenSSH\;C:\Program Files\Microsoft SQL Server\150\Tools\Binn\;C:\Program Files\Java\jdk1.8.0_111\;C:\Program Files\Git\cmd;C:\Program Files (x86)\Windows Kits\8.1\Windows Performance Toolkit\;C:\Program Files\Microsoft SQL Server\110\Tools\Binn\;C:\Program Files (x86)\ATI Technologies\ATI.ACE\Core-Static;C:\Program Files\Java\apache-maven-3.8.2\bin;C:\Program Files\Java\jdk1.8.0_111\bin;C:\Program Files\Java\jre1.8.0_321\bin;C:\Program Files\nodejs\;C:\Program Files\Microsoft SQL Server\130\Tools\Binn\;c:\Program Files (x86)\Microsoft SQL Server\100\Tools\Binn\;c:\Program Files\Microsoft SQL Server\100\Tools\Binn\;c:\Program Files\Microsoft SQL Server\100\DTS\Binn\;c:\Program Files (x86)\Microsoft SQL Server\100\Tools\Binn\VSShell\Common7\IDE\;c:\Program Files (x86)\Microsoft Visual Studio 9.0\Common7\IDE\PrivateAssemblies\;c:\Program Files (x86)\Microsoft SQL Server\100\DTS\Binn\;C:\Program Files\Microsoft SQL Server\120\Tools\Binn\;C:\Program Files\MySQL\MySQL Shell 8.0\bin\;C:\Users\Usuario\AppData\Local\Microsoft\WindowsApps;C:\Users\Usuario\AppData\Local\Programs\Microsoft VS Code\bin;C:\Users\Usuario\AppData\Roaming\npm
USERNAME=Usuario
OS=Windows_NT
PROCESSOR_IDENTIFIER=AMD64 Family 21 Model 19 Stepping 1, AuthenticAMD
TMP=C:\Users\Usuario\AppData\Local\Temp
TEMP=C:\Users\Usuario\AppData\Local\Temp



---------------  S Y S T E M  ---------------

OS:
 Windows 10 , 64 bit Build 17763 (10.0.17763.1)
OS uptime: 2 days 19:26 hours

CPU: total 2 (initial active 2) (2 cores per cpu, 1 threads per core) family 21 model 19 stepping 1 microcode 0x0, cx8, cmov, fxsr, mmx, 3dnowpref, sse, sse2, sse3, ssse3, sse4a, sse4.1, sse4.2, popcnt, lzcnt, tsc, tscinvbit, avx, aes, clmul, bmi1, fma, vzeroupper, clflush

Memory: 4k page, system-wide physical 7108M (575M free)
TotalPageFile size 11204M (AvailPageFile size 10M)
current process WorkingSet (physical memory assigned to process): 177M, peak: 778M
current process commit charge ("private bytes"): 281M, peak: 783M

vm_info: OpenJDK 64-Bit Server VM (17.0.5+8) for windows-amd64 JRE (17.0.5+8), built on Oct 19 2022 04:48:13 by "temurin" with MS VC++ 16.7 (VS2019)

END.
